Calling target program-options parser
[12:24:59.255] [bmv2] [D] [thread 1699] Set default default entry for table 'MyIngress.ipv4_lpm': NoAction - 
Adding interface s1-eth1 as port 1
[12:24:59.255] [bmv2] [D] [thread 1699] Adding interface s1-eth1 as port 1
Adding interface s1-eth2 as port 2
[12:24:59.408] [bmv2] [D] [thread 1699] Adding interface s1-eth2 as port 2
Server listening on 0.0.0.0:50051
[12:24:59.496] [bmv2] [I] [thread 1699] Starting Thrift server on port 9090
[12:24:59.497] [bmv2] [I] [thread 1699] Thrift server was started
[12:24:59.756] [bmv2] [D] [thread 1709] [0.0] [cxt 0] Processing packet received on port 1
[12:24:59.756] [bmv2] [D] [thread 1709] [0.0] [cxt 0] Parser 'parser': start
[12:24:59.756] [bmv2] [D] [thread 1709] [0.0] [cxt 0] Parser 'parser' entering state 'start'
[12:24:59.756] [bmv2] [D] [thread 1709] [0.0] [cxt 0] Extracting header 'ethernet'
[12:24:59.756] [bmv2] [D] [thread 1709] [0.0] [cxt 0] Parser state 'start': key is 86dd
[12:24:59.756] [bmv2] [T] [thread 1709] [0.0] [cxt 0] Bytes parsed: 14
[12:24:59.756] [bmv2] [D] [thread 1709] [0.0] [cxt 0] Parser 'parser': end
[12:24:59.756] [bmv2] [D] [thread 1709] [0.0] [cxt 0] Pipeline 'ingress': start
[12:24:59.757] [bmv2] [T] [thread 1709] [0.0] [cxt 0] basic.p4(117) Condition "hdr.ipv4.isValid()" (node_2) is false
[12:24:59.757] [bmv2] [D] [thread 1709] [0.0] [cxt 0] Pipeline 'ingress': end
[12:24:59.757] [bmv2] [D] [thread 1709] [0.0] [cxt 0] Egress port is 0
[12:24:59.757] [bmv2] [D] [thread 1710] [0.0] [cxt 0] Pipeline 'egress': start
[12:24:59.757] [bmv2] [D] [thread 1710] [0.0] [cxt 0] Pipeline 'egress': end
[12:24:59.757] [bmv2] [D] [thread 1710] [0.0] [cxt 0] Deparser 'deparser': start
[12:24:59.757] [bmv2] [T] [thread 1710] [0.0] [cxt 0] Skipping checksum 'cksum' update because condition not met
[12:24:59.757] [bmv2] [D] [thread 1710] [0.0] [cxt 0] Deparsing header 'ethernet'
[12:24:59.757] [bmv2] [D] [thread 1710] [0.0] [cxt 0] Deparser 'deparser': end
[12:24:59.757] [bmv2] [D] [thread 1714] [0.0] [cxt 0] Transmitting packet of size 90 out of port 0
[12:24:59.820] [bmv2] [D] [thread 1709] [1.0] [cxt 0] Processing packet received on port 1
[12:24:59.820] [bmv2] [D] [thread 1709] [1.0] [cxt 0] Parser 'parser': start
[12:24:59.820] [bmv2] [D] [thread 1709] [1.0] [cxt 0] Parser 'parser' entering state 'start'
[12:24:59.820] [bmv2] [D] [thread 1709] [1.0] [cxt 0] Extracting header 'ethernet'
[12:24:59.820] [bmv2] [D] [thread 1709] [1.0] [cxt 0] Parser state 'start': key is 86dd
[12:24:59.820] [bmv2] [T] [thread 1709] [1.0] [cxt 0] Bytes parsed: 14
[12:24:59.820] [bmv2] [D] [thread 1709] [1.0] [cxt 0] Parser 'parser': end
[12:24:59.820] [bmv2] [D] [thread 1709] [1.0] [cxt 0] Pipeline 'ingress': start
[12:24:59.820] [bmv2] [T] [thread 1709] [1.0] [cxt 0] basic.p4(117) Condition "hdr.ipv4.isValid()" (node_2) is false
[12:24:59.820] [bmv2] [D] [thread 1709] [1.0] [cxt 0] Pipeline 'ingress': end
[12:24:59.820] [bmv2] [D] [thread 1709] [1.0] [cxt 0] Egress port is 0
[12:24:59.821] [bmv2] [D] [thread 1709] [2.0] [cxt 0] Processing packet received on port 1
[12:24:59.821] [bmv2] [D] [thread 1709] [2.0] [cxt 0] Parser 'parser': start
[12:24:59.821] [bmv2] [D] [thread 1709] [2.0] [cxt 0] Parser 'parser' entering state 'start'
[12:24:59.821] [bmv2] [D] [thread 1709] [2.0] [cxt 0] Extracting header 'ethernet'
[12:24:59.821] [bmv2] [D] [thread 1709] [2.0] [cxt 0] Parser state 'start': key is 86dd
[12:24:59.821] [bmv2] [T] [thread 1709] [2.0] [cxt 0] Bytes parsed: 14
[12:24:59.821] [bmv2] [D] [thread 1709] [2.0] [cxt 0] Parser 'parser': end
[12:24:59.821] [bmv2] [D] [thread 1709] [2.0] [cxt 0] Pipeline 'ingress': start
[12:24:59.821] [bmv2] [T] [thread 1709] [2.0] [cxt 0] basic.p4(117) Condition "hdr.ipv4.isValid()" (node_2) is false
[12:24:59.821] [bmv2] [D] [thread 1709] [2.0] [cxt 0] Pipeline 'ingress': end
[12:24:59.821] [bmv2] [D] [thread 1709] [2.0] [cxt 0] Egress port is 0
[12:24:59.821] [bmv2] [D] [thread 1710] [1.0] [cxt 0] Pipeline 'egress': start
[12:24:59.821] [bmv2] [D] [thread 1710] [1.0] [cxt 0] Pipeline 'egress': end
[12:24:59.821] [bmv2] [D] [thread 1710] [1.0] [cxt 0] Deparser 'deparser': start
[12:24:59.821] [bmv2] [T] [thread 1710] [1.0] [cxt 0] Skipping checksum 'cksum' update because condition not met
[12:24:59.821] [bmv2] [D] [thread 1710] [1.0] [cxt 0] Deparsing header 'ethernet'
[12:24:59.821] [bmv2] [D] [thread 1710] [1.0] [cxt 0] Deparser 'deparser': end
[12:24:59.821] [bmv2] [D] [thread 1710] [2.0] [cxt 0] Pipeline 'egress': start
[12:24:59.821] [bmv2] [D] [thread 1710] [2.0] [cxt 0] Pipeline 'egress': end
[12:24:59.821] [bmv2] [D] [thread 1710] [2.0] [cxt 0] Deparser 'deparser': start
[12:24:59.821] [bmv2] [T] [thread 1710] [2.0] [cxt 0] Skipping checksum 'cksum' update because condition not met
[12:24:59.821] [bmv2] [D] [thread 1710] [2.0] [cxt 0] Deparsing header 'ethernet'
[12:24:59.821] [bmv2] [D] [thread 1710] [2.0] [cxt 0] Deparser 'deparser': end
[12:24:59.821] [bmv2] [D] [thread 1714] [1.0] [cxt 0] Transmitting packet of size 90 out of port 0
[12:24:59.821] [bmv2] [D] [thread 1714] [2.0] [cxt 0] Transmitting packet of size 70 out of port 0
[12:24:59.951] [bmv2] [D] [thread 1709] [3.0] [cxt 0] Processing packet received on port 2
[12:24:59.951] [bmv2] [D] [thread 1709] [3.0] [cxt 0] Parser 'parser': start
[12:24:59.951] [bmv2] [D] [thread 1709] [3.0] [cxt 0] Parser 'parser' entering state 'start'
[12:24:59.951] [bmv2] [D] [thread 1709] [3.0] [cxt 0] Extracting header 'ethernet'
[12:24:59.951] [bmv2] [D] [thread 1709] [3.0] [cxt 0] Parser state 'start': key is 86dd
[12:24:59.951] [bmv2] [T] [thread 1709] [3.0] [cxt 0] Bytes parsed: 14
[12:24:59.951] [bmv2] [D] [thread 1709] [3.0] [cxt 0] Parser 'parser': end
[12:24:59.951] [bmv2] [D] [thread 1709] [3.0] [cxt 0] Pipeline 'ingress': start
[12:24:59.951] [bmv2] [T] [thread 1709] [3.0] [cxt 0] basic.p4(117) Condition "hdr.ipv4.isValid()" (node_2) is false
[12:24:59.951] [bmv2] [D] [thread 1709] [3.0] [cxt 0] Pipeline 'ingress': end
[12:24:59.951] [bmv2] [D] [thread 1709] [3.0] [cxt 0] Egress port is 0
[12:24:59.951] [bmv2] [D] [thread 1709] [4.0] [cxt 0] Processing packet received on port 2
[12:24:59.951] [bmv2] [D] [thread 1709] [4.0] [cxt 0] Parser 'parser': start
[12:24:59.951] [bmv2] [D] [thread 1709] [4.0] [cxt 0] Parser 'parser' entering state 'start'
[12:24:59.951] [bmv2] [D] [thread 1709] [4.0] [cxt 0] Extracting header 'ethernet'
[12:24:59.951] [bmv2] [D] [thread 1709] [4.0] [cxt 0] Parser state 'start': key is 86dd
[12:24:59.951] [bmv2] [T] [thread 1709] [4.0] [cxt 0] Bytes parsed: 14
[12:24:59.951] [bmv2] [D] [thread 1709] [4.0] [cxt 0] Parser 'parser': end
[12:24:59.951] [bmv2] [D] [thread 1709] [4.0] [cxt 0] Pipeline 'ingress': start
[12:24:59.951] [bmv2] [T] [thread 1709] [4.0] [cxt 0] basic.p4(117) Condition "hdr.ipv4.isValid()" (node_2) is false
[12:24:59.951] [bmv2] [D] [thread 1709] [4.0] [cxt 0] Pipeline 'ingress': end
[12:24:59.951] [bmv2] [D] [thread 1709] [4.0] [cxt 0] Egress port is 0
[12:24:59.951] [bmv2] [D] [thread 1710] [3.0] [cxt 0] Pipeline 'egress': start
[12:24:59.951] [bmv2] [D] [thread 1710] [3.0] [cxt 0] Pipeline 'egress': end
[12:24:59.951] [bmv2] [D] [thread 1710] [3.0] [cxt 0] Deparser 'deparser': start
[12:24:59.951] [bmv2] [T] [thread 1710] [3.0] [cxt 0] Skipping checksum 'cksum' update because condition not met
[12:24:59.951] [bmv2] [D] [thread 1710] [3.0] [cxt 0] Deparsing header 'ethernet'
[12:24:59.951] [bmv2] [D] [thread 1710] [3.0] [cxt 0] Deparser 'deparser': end
[12:24:59.951] [bmv2] [D] [thread 1714] [3.0] [cxt 0] Transmitting packet of size 90 out of port 0
[12:24:59.951] [bmv2] [D] [thread 1710] [4.0] [cxt 0] Pipeline 'egress': start
[12:24:59.951] [bmv2] [D] [thread 1710] [4.0] [cxt 0] Pipeline 'egress': end
[12:24:59.951] [bmv2] [D] [thread 1710] [4.0] [cxt 0] Deparser 'deparser': start
[12:24:59.951] [bmv2] [T] [thread 1710] [4.0] [cxt 0] Skipping checksum 'cksum' update because condition not met
[12:24:59.951] [bmv2] [D] [thread 1710] [4.0] [cxt 0] Deparsing header 'ethernet'
[12:24:59.951] [bmv2] [D] [thread 1710] [4.0] [cxt 0] Deparser 'deparser': end
[12:24:59.951] [bmv2] [D] [thread 1714] [4.0] [cxt 0] Transmitting packet of size 70 out of port 0
[12:25:00.464] [bmv2] [D] [thread 1709] [5.0] [cxt 0] Processing packet received on port 2
[12:25:00.464] [bmv2] [D] [thread 1709] [5.0] [cxt 0] Parser 'parser': start
[12:25:00.464] [bmv2] [D] [thread 1709] [5.0] [cxt 0] Parser 'parser' entering state 'start'
[12:25:00.464] [bmv2] [D] [thread 1709] [5.0] [cxt 0] Extracting header 'ethernet'
[12:25:00.464] [bmv2] [D] [thread 1709] [5.0] [cxt 0] Parser state 'start': key is 86dd
[12:25:00.464] [bmv2] [T] [thread 1709] [5.0] [cxt 0] Bytes parsed: 14
[12:25:00.464] [bmv2] [D] [thread 1709] [5.0] [cxt 0] Parser 'parser': end
[12:25:00.464] [bmv2] [D] [thread 1709] [5.0] [cxt 0] Pipeline 'ingress': start
[12:25:00.464] [bmv2] [T] [thread 1709] [5.0] [cxt 0] basic.p4(117) Condition "hdr.ipv4.isValid()" (node_2) is false
[12:25:00.464] [bmv2] [D] [thread 1709] [5.0] [cxt 0] Pipeline 'ingress': end
[12:25:00.464] [bmv2] [D] [thread 1709] [5.0] [cxt 0] Egress port is 0
[12:25:00.464] [bmv2] [D] [thread 1709] [6.0] [cxt 0] Processing packet received on port 2
[12:25:00.464] [bmv2] [D] [thread 1709] [6.0] [cxt 0] Parser 'parser': start
[12:25:00.464] [bmv2] [D] [thread 1709] [6.0] [cxt 0] Parser 'parser' entering state 'start'
[12:25:00.464] [bmv2] [D] [thread 1709] [6.0] [cxt 0] Extracting header 'ethernet'
[12:25:00.464] [bmv2] [D] [thread 1709] [6.0] [cxt 0] Parser state 'start': key is 86dd
[12:25:00.464] [bmv2] [T] [thread 1709] [6.0] [cxt 0] Bytes parsed: 14
[12:25:00.464] [bmv2] [D] [thread 1709] [6.0] [cxt 0] Parser 'parser': end
[12:25:00.464] [bmv2] [D] [thread 1709] [6.0] [cxt 0] Pipeline 'ingress': start
[12:25:00.464] [bmv2] [T] [thread 1709] [6.0] [cxt 0] basic.p4(117) Condition "hdr.ipv4.isValid()" (node_2) is false
[12:25:00.464] [bmv2] [D] [thread 1709] [6.0] [cxt 0] Pipeline 'ingress': end
[12:25:00.464] [bmv2] [D] [thread 1709] [6.0] [cxt 0] Egress port is 0
[12:25:00.465] [bmv2] [D] [thread 1710] [5.0] [cxt 0] Pipeline 'egress': start
[12:25:00.465] [bmv2] [D] [thread 1710] [5.0] [cxt 0] Pipeline 'egress': end
[12:25:00.465] [bmv2] [D] [thread 1710] [5.0] [cxt 0] Deparser 'deparser': start
[12:25:00.465] [bmv2] [T] [thread 1710] [5.0] [cxt 0] Skipping checksum 'cksum' update because condition not met
[12:25:00.465] [bmv2] [D] [thread 1710] [5.0] [cxt 0] Deparsing header 'ethernet'
[12:25:00.465] [bmv2] [D] [thread 1710] [5.0] [cxt 0] Deparser 'deparser': end
[12:25:00.465] [bmv2] [D] [thread 1710] [6.0] [cxt 0] Pipeline 'egress': start
[12:25:00.465] [bmv2] [D] [thread 1710] [6.0] [cxt 0] Pipeline 'egress': end
[12:25:00.465] [bmv2] [D] [thread 1710] [6.0] [cxt 0] Deparser 'deparser': start
[12:25:00.465] [bmv2] [T] [thread 1710] [6.0] [cxt 0] Skipping checksum 'cksum' update because condition not met
[12:25:00.465] [bmv2] [D] [thread 1710] [6.0] [cxt 0] Deparsing header 'ethernet'
[12:25:00.465] [bmv2] [D] [thread 1710] [6.0] [cxt 0] Deparser 'deparser': end
[12:25:00.465] [bmv2] [D] [thread 1714] [5.0] [cxt 0] Transmitting packet of size 90 out of port 0
[12:25:00.465] [bmv2] [D] [thread 1714] [6.0] [cxt 0] Transmitting packet of size 70 out of port 0
[12:25:00.560] [bmv2] [D] [thread 1709] [7.0] [cxt 0] Processing packet received on port 1
[12:25:00.560] [bmv2] [D] [thread 1709] [7.0] [cxt 0] Parser 'parser': start
[12:25:00.560] [bmv2] [D] [thread 1709] [7.0] [cxt 0] Parser 'parser' entering state 'start'
[12:25:00.560] [bmv2] [D] [thread 1709] [7.0] [cxt 0] Extracting header 'ethernet'
[12:25:00.560] [bmv2] [D] [thread 1709] [7.0] [cxt 0] Parser state 'start': key is 86dd
[12:25:00.560] [bmv2] [T] [thread 1709] [7.0] [cxt 0] Bytes parsed: 14
[12:25:00.560] [bmv2] [D] [thread 1709] [7.0] [cxt 0] Parser 'parser': end
[12:25:00.560] [bmv2] [D] [thread 1709] [7.0] [cxt 0] Pipeline 'ingress': start
[12:25:00.560] [bmv2] [T] [thread 1709] [7.0] [cxt 0] basic.p4(117) Condition "hdr.ipv4.isValid()" (node_2) is false
[12:25:00.560] [bmv2] [D] [thread 1709] [7.0] [cxt 0] Pipeline 'ingress': end
[12:25:00.560] [bmv2] [D] [thread 1709] [7.0] [cxt 0] Egress port is 0
[12:25:00.560] [bmv2] [D] [thread 1710] [7.0] [cxt 0] Pipeline 'egress': start
[12:25:00.561] [bmv2] [D] [thread 1710] [7.0] [cxt 0] Pipeline 'egress': end
[12:25:00.561] [bmv2] [D] [thread 1710] [7.0] [cxt 0] Deparser 'deparser': start
[12:25:00.561] [bmv2] [T] [thread 1710] [7.0] [cxt 0] Skipping checksum 'cksum' update because condition not met
[12:25:00.561] [bmv2] [D] [thread 1710] [7.0] [cxt 0] Deparsing header 'ethernet'
[12:25:00.561] [bmv2] [D] [thread 1710] [7.0] [cxt 0] Deparser 'deparser': end
[12:25:00.561] [bmv2] [D] [thread 1714] [7.0] [cxt 0] Transmitting packet of size 90 out of port 0
[12:25:00.676] [bmv2] [D] [thread 1709] [8.0] [cxt 0] Processing packet received on port 2
[12:25:00.676] [bmv2] [D] [thread 1709] [8.0] [cxt 0] Parser 'parser': start
[12:25:00.676] [bmv2] [D] [thread 1709] [8.0] [cxt 0] Parser 'parser' entering state 'start'
[12:25:00.676] [bmv2] [D] [thread 1709] [8.0] [cxt 0] Extracting header 'ethernet'
[12:25:00.676] [bmv2] [D] [thread 1709] [8.0] [cxt 0] Parser state 'start': key is 86dd
[12:25:00.676] [bmv2] [T] [thread 1709] [8.0] [cxt 0] Bytes parsed: 14
[12:25:00.676] [bmv2] [D] [thread 1709] [8.0] [cxt 0] Parser 'parser': end
[12:25:00.676] [bmv2] [D] [thread 1709] [8.0] [cxt 0] Pipeline 'ingress': start
[12:25:00.676] [bmv2] [T] [thread 1709] [8.0] [cxt 0] basic.p4(117) Condition "hdr.ipv4.isValid()" (node_2) is false
[12:25:00.676] [bmv2] [D] [thread 1709] [8.0] [cxt 0] Pipeline 'ingress': end
[12:25:00.676] [bmv2] [D] [thread 1709] [8.0] [cxt 0] Egress port is 0
[12:25:00.676] [bmv2] [D] [thread 1710] [8.0] [cxt 0] Pipeline 'egress': start
[12:25:00.676] [bmv2] [D] [thread 1710] [8.0] [cxt 0] Pipeline 'egress': end
[12:25:00.676] [bmv2] [D] [thread 1710] [8.0] [cxt 0] Deparser 'deparser': start
[12:25:00.676] [bmv2] [T] [thread 1710] [8.0] [cxt 0] Skipping checksum 'cksum' update because condition not met
[12:25:00.676] [bmv2] [D] [thread 1710] [8.0] [cxt 0] Deparsing header 'ethernet'
[12:25:00.676] [bmv2] [D] [thread 1710] [8.0] [cxt 0] Deparser 'deparser': end
[12:25:00.676] [bmv2] [D] [thread 1714] [8.0] [cxt 0] Transmitting packet of size 90 out of port 0
[12:25:00.755] [bmv2] [D] [thread 1709] [9.0] [cxt 0] Processing packet received on port 2
[12:25:00.755] [bmv2] [D] [thread 1709] [9.0] [cxt 0] Parser 'parser': start
[12:25:00.755] [bmv2] [D] [thread 1709] [9.0] [cxt 0] Parser 'parser' entering state 'start'
[12:25:00.755] [bmv2] [D] [thread 1709] [9.0] [cxt 0] Extracting header 'ethernet'
[12:25:00.755] [bmv2] [D] [thread 1709] [9.0] [cxt 0] Parser state 'start': key is 86dd
[12:25:00.755] [bmv2] [T] [thread 1709] [9.0] [cxt 0] Bytes parsed: 14
[12:25:00.755] [bmv2] [D] [thread 1709] [9.0] [cxt 0] Parser 'parser': end
[12:25:00.755] [bmv2] [D] [thread 1709] [9.0] [cxt 0] Pipeline 'ingress': start
[12:25:00.755] [bmv2] [T] [thread 1709] [9.0] [cxt 0] basic.p4(117) Condition "hdr.ipv4.isValid()" (node_2) is false
[12:25:00.755] [bmv2] [D] [thread 1709] [9.0] [cxt 0] Pipeline 'ingress': end
[12:25:00.755] [bmv2] [D] [thread 1709] [9.0] [cxt 0] Egress port is 0
[12:25:00.755] [bmv2] [D] [thread 1710] [9.0] [cxt 0] Pipeline 'egress': start
[12:25:00.755] [bmv2] [D] [thread 1710] [9.0] [cxt 0] Pipeline 'egress': end
[12:25:00.755] [bmv2] [D] [thread 1710] [9.0] [cxt 0] Deparser 'deparser': start
[12:25:00.755] [bmv2] [T] [thread 1710] [9.0] [cxt 0] Skipping checksum 'cksum' update because condition not met
[12:25:00.755] [bmv2] [D] [thread 1710] [9.0] [cxt 0] Deparsing header 'ethernet'
[12:25:00.755] [bmv2] [D] [thread 1710] [9.0] [cxt 0] Deparser 'deparser': end
[12:25:00.756] [bmv2] [D] [thread 1714] [9.0] [cxt 0] Transmitting packet of size 90 out of port 0
[12:25:02.897] [bmv2] [W] [thread 1798] [P4Runtime] p4::tmp::P4DeviceConfig is deprecated
[12:25:02.898] [bmv2] [D] [thread 1798] Set default default entry for table 'MyIngress.ipv4_lpm': NoAction - 
[12:25:02.902] [bmv2] [D] [thread 1798] simple_switch target has been notified of a config swap
[12:25:02.904] [bmv2] [D] [thread 1799] Set default entry for table 'MyIngress.ipv4_lpm': MyIngress.drop - 
[12:25:02.907] [bmv2] [D] [thread 1798] Entry 0 added to table 'MyIngress.ipv4_lpm'
[12:25:02.907] [bmv2] [D] [thread 1798] Dumping entry 0
Match key:
* hdr.ipv4.dstAddr    : LPM       0a000101/32
Action entry: MyIngress.ipv4_forward - 80000000111,1,

[12:25:02.909] [bmv2] [D] [thread 1799] Entry 1 added to table 'MyIngress.ipv4_lpm'
[12:25:02.909] [bmv2] [D] [thread 1799] Dumping entry 1
Match key:
* hdr.ipv4.dstAddr    : LPM       0a000202/32
Action entry: MyIngress.ipv4_forward - 80000000222,2,

[12:25:02.911] [bmv2] [D] [thread 1798] Entry 2 added to table 'MyIngress.ipv4_lpm'
[12:25:02.911] [bmv2] [D] [thread 1798] Dumping entry 2
Match key:
* hdr.ipv4.dstAddr    : LPM       0a000303/32
Action entry: MyIngress.ipv4_forward - 80000000300,2,

[12:25:02.914] [bmv2] [D] [thread 1799] Entry 3 added to table 'MyIngress.ipv4_lpm'
[12:25:02.914] [bmv2] [D] [thread 1799] Dumping entry 3
Match key:
* hdr.ipv4.dstAddr    : LPM       0a000404/32
Action entry: MyIngress.ipv4_forward - 80000000400,2,

[12:25:04.237] [bmv2] [D] [thread 1709] [10.0] [cxt 0] Processing packet received on port 1
[12:25:04.237] [bmv2] [D] [thread 1709] [10.0] [cxt 0] Parser 'parser': start
[12:25:04.237] [bmv2] [D] [thread 1709] [10.0] [cxt 0] Parser 'parser' entering state 'start'
[12:25:04.237] [bmv2] [D] [thread 1709] [10.0] [cxt 0] Extracting header 'ethernet'
[12:25:04.237] [bmv2] [D] [thread 1709] [10.0] [cxt 0] Parser state 'start': key is 86dd
[12:25:04.237] [bmv2] [T] [thread 1709] [10.0] [cxt 0] Bytes parsed: 14
[12:25:04.237] [bmv2] [D] [thread 1709] [10.0] [cxt 0] Parser 'parser': end
[12:25:04.237] [bmv2] [D] [thread 1709] [10.0] [cxt 0] Pipeline 'ingress': start
[12:25:04.237] [bmv2] [T] [thread 1709] [10.0] [cxt 0] basic.p4(117) Condition "hdr.ipv4.isValid()" (node_2) is false
[12:25:04.237] [bmv2] [D] [thread 1709] [10.0] [cxt 0] Pipeline 'ingress': end
[12:25:04.237] [bmv2] [D] [thread 1709] [10.0] [cxt 0] Egress port is 0
[12:25:04.237] [bmv2] [D] [thread 1710] [10.0] [cxt 0] Pipeline 'egress': start
[12:25:04.237] [bmv2] [D] [thread 1710] [10.0] [cxt 0] Pipeline 'egress': end
[12:25:04.237] [bmv2] [D] [thread 1710] [10.0] [cxt 0] Deparser 'deparser': start
[12:25:04.237] [bmv2] [T] [thread 1710] [10.0] [cxt 0] Skipping checksum 'cksum' update because condition not met
[12:25:04.237] [bmv2] [D] [thread 1710] [10.0] [cxt 0] Deparsing header 'ethernet'
[12:25:04.237] [bmv2] [D] [thread 1710] [10.0] [cxt 0] Deparser 'deparser': end
[12:25:04.237] [bmv2] [D] [thread 1714] [10.0] [cxt 0] Transmitting packet of size 70 out of port 0
[12:25:04.497] [bmv2] [D] [thread 1709] [11.0] [cxt 0] Processing packet received on port 2
[12:25:04.497] [bmv2] [D] [thread 1709] [11.0] [cxt 0] Parser 'parser': start
[12:25:04.497] [bmv2] [D] [thread 1709] [11.0] [cxt 0] Parser 'parser' entering state 'start'
[12:25:04.497] [bmv2] [D] [thread 1709] [11.0] [cxt 0] Extracting header 'ethernet'
[12:25:04.497] [bmv2] [D] [thread 1709] [11.0] [cxt 0] Parser state 'start': key is 86dd
[12:25:04.497] [bmv2] [T] [thread 1709] [11.0] [cxt 0] Bytes parsed: 14
[12:25:04.497] [bmv2] [D] [thread 1709] [11.0] [cxt 0] Parser 'parser': end
[12:25:04.497] [bmv2] [D] [thread 1709] [11.0] [cxt 0] Pipeline 'ingress': start
[12:25:04.497] [bmv2] [T] [thread 1709] [11.0] [cxt 0] basic.p4(117) Condition "hdr.ipv4.isValid()" (node_2) is false
[12:25:04.497] [bmv2] [D] [thread 1709] [11.0] [cxt 0] Pipeline 'ingress': end
[12:25:04.497] [bmv2] [D] [thread 1709] [11.0] [cxt 0] Egress port is 0
[12:25:04.497] [bmv2] [D] [thread 1709] [12.0] [cxt 0] Processing packet received on port 2
[12:25:04.497] [bmv2] [D] [thread 1709] [12.0] [cxt 0] Parser 'parser': start
[12:25:04.497] [bmv2] [D] [thread 1709] [12.0] [cxt 0] Parser 'parser' entering state 'start'
[12:25:04.497] [bmv2] [D] [thread 1709] [12.0] [cxt 0] Extracting header 'ethernet'
[12:25:04.497] [bmv2] [D] [thread 1709] [12.0] [cxt 0] Parser state 'start': key is 86dd
[12:25:04.497] [bmv2] [T] [thread 1709] [12.0] [cxt 0] Bytes parsed: 14
[12:25:04.497] [bmv2] [D] [thread 1709] [12.0] [cxt 0] Parser 'parser': end
[12:25:04.497] [bmv2] [D] [thread 1709] [12.0] [cxt 0] Pipeline 'ingress': start
[12:25:04.497] [bmv2] [T] [thread 1709] [12.0] [cxt 0] basic.p4(117) Condition "hdr.ipv4.isValid()" (node_2) is false
[12:25:04.497] [bmv2] [D] [thread 1709] [12.0] [cxt 0] Pipeline 'ingress': end
[12:25:04.497] [bmv2] [D] [thread 1709] [12.0] [cxt 0] Egress port is 0
[12:25:04.497] [bmv2] [D] [thread 1710] [11.0] [cxt 0] Pipeline 'egress': start
[12:25:04.497] [bmv2] [D] [thread 1710] [11.0] [cxt 0] Pipeline 'egress': end
[12:25:04.497] [bmv2] [D] [thread 1710] [11.0] [cxt 0] Deparser 'deparser': start
[12:25:04.497] [bmv2] [T] [thread 1710] [11.0] [cxt 0] Skipping checksum 'cksum' update because condition not met
[12:25:04.497] [bmv2] [D] [thread 1710] [11.0] [cxt 0] Deparsing header 'ethernet'
[12:25:04.497] [bmv2] [D] [thread 1710] [11.0] [cxt 0] Deparser 'deparser': end
[12:25:04.497] [bmv2] [D] [thread 1710] [12.0] [cxt 0] Pipeline 'egress': start
[12:25:04.497] [bmv2] [D] [thread 1710] [12.0] [cxt 0] Pipeline 'egress': end
[12:25:04.497] [bmv2] [D] [thread 1710] [12.0] [cxt 0] Deparser 'deparser': start
[12:25:04.497] [bmv2] [T] [thread 1710] [12.0] [cxt 0] Skipping checksum 'cksum' update because condition not met
[12:25:04.497] [bmv2] [D] [thread 1710] [12.0] [cxt 0] Deparsing header 'ethernet'
[12:25:04.497] [bmv2] [D] [thread 1710] [12.0] [cxt 0] Deparser 'deparser': end
[12:25:04.497] [bmv2] [D] [thread 1714] [11.0] [cxt 0] Transmitting packet of size 70 out of port 0
[12:25:04.497] [bmv2] [D] [thread 1714] [12.0] [cxt 0] Transmitting packet of size 70 out of port 0
[12:25:12.172] [bmv2] [D] [thread 1709] [13.0] [cxt 0] Processing packet received on port 2
[12:25:12.172] [bmv2] [D] [thread 1709] [13.0] [cxt 0] Parser 'parser': start
[12:25:12.172] [bmv2] [D] [thread 1709] [13.0] [cxt 0] Parser 'parser' entering state 'start'
[12:25:12.172] [bmv2] [D] [thread 1709] [13.0] [cxt 0] Extracting header 'ethernet'
[12:25:12.172] [bmv2] [D] [thread 1709] [13.0] [cxt 0] Parser state 'start': key is 86dd
[12:25:12.172] [bmv2] [T] [thread 1709] [13.0] [cxt 0] Bytes parsed: 14
[12:25:12.172] [bmv2] [D] [thread 1709] [13.0] [cxt 0] Parser 'parser': end
[12:25:12.172] [bmv2] [D] [thread 1709] [13.0] [cxt 0] Pipeline 'ingress': start
[12:25:12.172] [bmv2] [T] [thread 1709] [13.0] [cxt 0] basic.p4(117) Condition "hdr.ipv4.isValid()" (node_2) is false
[12:25:12.172] [bmv2] [D] [thread 1709] [13.0] [cxt 0] Pipeline 'ingress': end
[12:25:12.172] [bmv2] [D] [thread 1709] [13.0] [cxt 0] Egress port is 0
[12:25:12.172] [bmv2] [D] [thread 1710] [13.0] [cxt 0] Pipeline 'egress': start
[12:25:12.172] [bmv2] [D] [thread 1710] [13.0] [cxt 0] Pipeline 'egress': end
[12:25:12.172] [bmv2] [D] [thread 1710] [13.0] [cxt 0] Deparser 'deparser': start
[12:25:12.172] [bmv2] [T] [thread 1710] [13.0] [cxt 0] Skipping checksum 'cksum' update because condition not met
[12:25:12.172] [bmv2] [D] [thread 1710] [13.0] [cxt 0] Deparsing header 'ethernet'
[12:25:12.172] [bmv2] [D] [thread 1710] [13.0] [cxt 0] Deparser 'deparser': end
[12:25:12.172] [bmv2] [D] [thread 1714] [13.0] [cxt 0] Transmitting packet of size 70 out of port 0
[12:25:12.940] [bmv2] [D] [thread 1709] [14.0] [cxt 0] Processing packet received on port 1
[12:25:12.940] [bmv2] [D] [thread 1709] [14.0] [cxt 0] Parser 'parser': start
[12:25:12.940] [bmv2] [D] [thread 1709] [14.0] [cxt 0] Parser 'parser' entering state 'start'
[12:25:12.940] [bmv2] [D] [thread 1709] [14.0] [cxt 0] Extracting header 'ethernet'
[12:25:12.940] [bmv2] [D] [thread 1709] [14.0] [cxt 0] Parser state 'start': key is 86dd
[12:25:12.940] [bmv2] [T] [thread 1709] [14.0] [cxt 0] Bytes parsed: 14
[12:25:12.940] [bmv2] [D] [thread 1709] [14.0] [cxt 0] Parser 'parser': end
[12:25:12.940] [bmv2] [D] [thread 1709] [14.0] [cxt 0] Pipeline 'ingress': start
[12:25:12.940] [bmv2] [T] [thread 1709] [14.0] [cxt 0] basic.p4(117) Condition "hdr.ipv4.isValid()" (node_2) is false
[12:25:12.940] [bmv2] [D] [thread 1709] [14.0] [cxt 0] Pipeline 'ingress': end
[12:25:12.940] [bmv2] [D] [thread 1709] [14.0] [cxt 0] Egress port is 0
[12:25:12.940] [bmv2] [D] [thread 1710] [14.0] [cxt 0] Pipeline 'egress': start
[12:25:12.940] [bmv2] [D] [thread 1710] [14.0] [cxt 0] Pipeline 'egress': end
[12:25:12.940] [bmv2] [D] [thread 1710] [14.0] [cxt 0] Deparser 'deparser': start
[12:25:12.940] [bmv2] [T] [thread 1710] [14.0] [cxt 0] Skipping checksum 'cksum' update because condition not met
[12:25:12.940] [bmv2] [D] [thread 1710] [14.0] [cxt 0] Deparsing header 'ethernet'
[12:25:12.940] [bmv2] [D] [thread 1710] [14.0] [cxt 0] Deparser 'deparser': end
[12:25:12.940] [bmv2] [D] [thread 1714] [14.0] [cxt 0] Transmitting packet of size 70 out of port 0
[12:25:13.708] [bmv2] [D] [thread 1709] [15.0] [cxt 0] Processing packet received on port 2
[12:25:13.708] [bmv2] [D] [thread 1709] [15.0] [cxt 0] Parser 'parser': start
[12:25:13.708] [bmv2] [D] [thread 1709] [15.0] [cxt 0] Parser 'parser' entering state 'start'
[12:25:13.708] [bmv2] [D] [thread 1709] [15.0] [cxt 0] Extracting header 'ethernet'
[12:25:13.708] [bmv2] [D] [thread 1709] [15.0] [cxt 0] Parser state 'start': key is 86dd
[12:25:13.708] [bmv2] [T] [thread 1709] [15.0] [cxt 0] Bytes parsed: 14
[12:25:13.708] [bmv2] [D] [thread 1709] [15.0] [cxt 0] Parser 'parser': end
[12:25:13.708] [bmv2] [D] [thread 1709] [15.0] [cxt 0] Pipeline 'ingress': start
[12:25:13.708] [bmv2] [T] [thread 1709] [15.0] [cxt 0] basic.p4(117) Condition "hdr.ipv4.isValid()" (node_2) is false
[12:25:13.708] [bmv2] [D] [thread 1709] [15.0] [cxt 0] Pipeline 'ingress': end
[12:25:13.708] [bmv2] [D] [thread 1709] [15.0] [cxt 0] Egress port is 0
[12:25:13.708] [bmv2] [D] [thread 1710] [15.0] [cxt 0] Pipeline 'egress': start
[12:25:13.708] [bmv2] [D] [thread 1710] [15.0] [cxt 0] Pipeline 'egress': end
[12:25:13.708] [bmv2] [D] [thread 1710] [15.0] [cxt 0] Deparser 'deparser': start
[12:25:13.708] [bmv2] [T] [thread 1710] [15.0] [cxt 0] Skipping checksum 'cksum' update because condition not met
[12:25:13.708] [bmv2] [D] [thread 1710] [15.0] [cxt 0] Deparsing header 'ethernet'
[12:25:13.708] [bmv2] [D] [thread 1710] [15.0] [cxt 0] Deparser 'deparser': end
[12:25:13.708] [bmv2] [D] [thread 1714] [15.0] [cxt 0] Transmitting packet of size 70 out of port 0
[12:25:27.533] [bmv2] [D] [thread 1709] [16.0] [cxt 0] Processing packet received on port 2
[12:25:27.533] [bmv2] [D] [thread 1709] [16.0] [cxt 0] Parser 'parser': start
[12:25:27.533] [bmv2] [D] [thread 1709] [16.0] [cxt 0] Parser 'parser' entering state 'start'
[12:25:27.533] [bmv2] [D] [thread 1709] [16.0] [cxt 0] Extracting header 'ethernet'
[12:25:27.533] [bmv2] [D] [thread 1709] [16.0] [cxt 0] Parser state 'start': key is 86dd
[12:25:27.533] [bmv2] [T] [thread 1709] [16.0] [cxt 0] Bytes parsed: 14
[12:25:27.533] [bmv2] [D] [thread 1709] [16.0] [cxt 0] Parser 'parser': end
[12:25:27.533] [bmv2] [D] [thread 1709] [16.0] [cxt 0] Pipeline 'ingress': start
[12:25:27.533] [bmv2] [T] [thread 1709] [16.0] [cxt 0] basic.p4(117) Condition "hdr.ipv4.isValid()" (node_2) is false
[12:25:27.533] [bmv2] [D] [thread 1709] [16.0] [cxt 0] Pipeline 'ingress': end
[12:25:27.533] [bmv2] [D] [thread 1709] [16.0] [cxt 0] Egress port is 0
[12:25:27.533] [bmv2] [D] [thread 1710] [16.0] [cxt 0] Pipeline 'egress': start
[12:25:27.533] [bmv2] [D] [thread 1710] [16.0] [cxt 0] Pipeline 'egress': end
[12:25:27.533] [bmv2] [D] [thread 1710] [16.0] [cxt 0] Deparser 'deparser': start
[12:25:27.533] [bmv2] [T] [thread 1710] [16.0] [cxt 0] Skipping checksum 'cksum' update because condition not met
[12:25:27.533] [bmv2] [D] [thread 1710] [16.0] [cxt 0] Deparsing header 'ethernet'
[12:25:27.533] [bmv2] [D] [thread 1710] [16.0] [cxt 0] Deparser 'deparser': end
[12:25:27.533] [bmv2] [D] [thread 1714] [16.0] [cxt 0] Transmitting packet of size 70 out of port 0
[12:25:31.377] [bmv2] [D] [thread 1709] [17.0] [cxt 0] Processing packet received on port 1
[12:25:31.377] [bmv2] [D] [thread 1709] [17.0] [cxt 0] Parser 'parser': start
[12:25:31.377] [bmv2] [D] [thread 1709] [17.0] [cxt 0] Parser 'parser' entering state 'start'
[12:25:31.377] [bmv2] [D] [thread 1709] [17.0] [cxt 0] Extracting header 'ethernet'
[12:25:31.377] [bmv2] [D] [thread 1709] [17.0] [cxt 0] Parser state 'start': key is 86dd
[12:25:31.377] [bmv2] [T] [thread 1709] [17.0] [cxt 0] Bytes parsed: 14
[12:25:31.377] [bmv2] [D] [thread 1709] [17.0] [cxt 0] Parser 'parser': end
[12:25:31.377] [bmv2] [D] [thread 1709] [17.0] [cxt 0] Pipeline 'ingress': start
[12:25:31.377] [bmv2] [T] [thread 1709] [17.0] [cxt 0] basic.p4(117) Condition "hdr.ipv4.isValid()" (node_2) is false
[12:25:31.377] [bmv2] [D] [thread 1709] [17.0] [cxt 0] Pipeline 'ingress': end
[12:25:31.377] [bmv2] [D] [thread 1709] [17.0] [cxt 0] Egress port is 0
[12:25:31.377] [bmv2] [D] [thread 1710] [17.0] [cxt 0] Pipeline 'egress': start
[12:25:31.377] [bmv2] [D] [thread 1710] [17.0] [cxt 0] Pipeline 'egress': end
[12:25:31.377] [bmv2] [D] [thread 1710] [17.0] [cxt 0] Deparser 'deparser': start
[12:25:31.377] [bmv2] [T] [thread 1710] [17.0] [cxt 0] Skipping checksum 'cksum' update because condition not met
[12:25:31.377] [bmv2] [D] [thread 1710] [17.0] [cxt 0] Deparsing header 'ethernet'
[12:25:31.377] [bmv2] [D] [thread 1710] [17.0] [cxt 0] Deparser 'deparser': end
[12:25:31.377] [bmv2] [D] [thread 1714] [17.0] [cxt 0] Transmitting packet of size 70 out of port 0
[12:25:33.424] [bmv2] [D] [thread 1709] [18.0] [cxt 0] Processing packet received on port 2
[12:25:33.424] [bmv2] [D] [thread 1709] [18.0] [cxt 0] Parser 'parser': start
[12:25:33.425] [bmv2] [D] [thread 1709] [18.0] [cxt 0] Parser 'parser' entering state 'start'
[12:25:33.425] [bmv2] [D] [thread 1709] [18.0] [cxt 0] Extracting header 'ethernet'
[12:25:33.425] [bmv2] [D] [thread 1709] [18.0] [cxt 0] Parser state 'start': key is 86dd
[12:25:33.425] [bmv2] [T] [thread 1709] [18.0] [cxt 0] Bytes parsed: 14
[12:25:33.425] [bmv2] [D] [thread 1709] [18.0] [cxt 0] Parser 'parser': end
[12:25:33.425] [bmv2] [D] [thread 1709] [18.0] [cxt 0] Pipeline 'ingress': start
[12:25:33.425] [bmv2] [T] [thread 1709] [18.0] [cxt 0] basic.p4(117) Condition "hdr.ipv4.isValid()" (node_2) is false
[12:25:33.425] [bmv2] [D] [thread 1709] [18.0] [cxt 0] Pipeline 'ingress': end
[12:25:33.425] [bmv2] [D] [thread 1709] [18.0] [cxt 0] Egress port is 0
[12:25:33.425] [bmv2] [D] [thread 1710] [18.0] [cxt 0] Pipeline 'egress': start
[12:25:33.425] [bmv2] [D] [thread 1710] [18.0] [cxt 0] Pipeline 'egress': end
[12:25:33.425] [bmv2] [D] [thread 1710] [18.0] [cxt 0] Deparser 'deparser': start
[12:25:33.425] [bmv2] [T] [thread 1710] [18.0] [cxt 0] Skipping checksum 'cksum' update because condition not met
[12:25:33.425] [bmv2] [D] [thread 1710] [18.0] [cxt 0] Deparsing header 'ethernet'
[12:25:33.425] [bmv2] [D] [thread 1710] [18.0] [cxt 0] Deparser 'deparser': end
[12:25:33.425] [bmv2] [D] [thread 1714] [18.0] [cxt 0] Transmitting packet of size 70 out of port 0
[12:25:58.000] [bmv2] [D] [thread 1709] [19.0] [cxt 0] Processing packet received on port 2
[12:25:58.000] [bmv2] [D] [thread 1709] [19.0] [cxt 0] Parser 'parser': start
[12:25:58.000] [bmv2] [D] [thread 1709] [19.0] [cxt 0] Parser 'parser' entering state 'start'
[12:25:58.000] [bmv2] [D] [thread 1709] [19.0] [cxt 0] Extracting header 'ethernet'
[12:25:58.000] [bmv2] [D] [thread 1709] [19.0] [cxt 0] Parser state 'start': key is 86dd
[12:25:58.000] [bmv2] [T] [thread 1709] [19.0] [cxt 0] Bytes parsed: 14
[12:25:58.000] [bmv2] [D] [thread 1709] [19.0] [cxt 0] Parser 'parser': end
[12:25:58.000] [bmv2] [D] [thread 1709] [19.0] [cxt 0] Pipeline 'ingress': start
[12:25:58.000] [bmv2] [T] [thread 1709] [19.0] [cxt 0] basic.p4(117) Condition "hdr.ipv4.isValid()" (node_2) is false
[12:25:58.000] [bmv2] [D] [thread 1709] [19.0] [cxt 0] Pipeline 'ingress': end
[12:25:58.000] [bmv2] [D] [thread 1709] [19.0] [cxt 0] Egress port is 0
[12:25:58.000] [bmv2] [D] [thread 1710] [19.0] [cxt 0] Pipeline 'egress': start
[12:25:58.000] [bmv2] [D] [thread 1710] [19.0] [cxt 0] Pipeline 'egress': end
[12:25:58.000] [bmv2] [D] [thread 1710] [19.0] [cxt 0] Deparser 'deparser': start
[12:25:58.000] [bmv2] [T] [thread 1710] [19.0] [cxt 0] Skipping checksum 'cksum' update because condition not met
[12:25:58.000] [bmv2] [D] [thread 1710] [19.0] [cxt 0] Deparsing header 'ethernet'
[12:25:58.000] [bmv2] [D] [thread 1710] [19.0] [cxt 0] Deparser 'deparser': end
[12:25:58.000] [bmv2] [D] [thread 1714] [19.0] [cxt 0] Transmitting packet of size 70 out of port 0
[12:26:06.188] [bmv2] [D] [thread 1709] [20.0] [cxt 0] Processing packet received on port 1
[12:26:06.188] [bmv2] [D] [thread 1709] [20.0] [cxt 0] Parser 'parser': start
[12:26:06.188] [bmv2] [D] [thread 1709] [20.0] [cxt 0] Parser 'parser' entering state 'start'
[12:26:06.188] [bmv2] [D] [thread 1709] [20.0] [cxt 0] Extracting header 'ethernet'
[12:26:06.188] [bmv2] [D] [thread 1709] [20.0] [cxt 0] Parser state 'start': key is 86dd
[12:26:06.188] [bmv2] [T] [thread 1709] [20.0] [cxt 0] Bytes parsed: 14
[12:26:06.188] [bmv2] [D] [thread 1709] [20.0] [cxt 0] Parser 'parser': end
[12:26:06.188] [bmv2] [D] [thread 1709] [20.0] [cxt 0] Pipeline 'ingress': start
[12:26:06.188] [bmv2] [T] [thread 1709] [20.0] [cxt 0] basic.p4(117) Condition "hdr.ipv4.isValid()" (node_2) is false
[12:26:06.188] [bmv2] [D] [thread 1709] [20.0] [cxt 0] Pipeline 'ingress': end
[12:26:06.188] [bmv2] [D] [thread 1709] [20.0] [cxt 0] Egress port is 0
[12:26:06.188] [bmv2] [D] [thread 1710] [20.0] [cxt 0] Pipeline 'egress': start
[12:26:06.188] [bmv2] [D] [thread 1710] [20.0] [cxt 0] Pipeline 'egress': end
[12:26:06.188] [bmv2] [D] [thread 1710] [20.0] [cxt 0] Deparser 'deparser': start
[12:26:06.188] [bmv2] [T] [thread 1710] [20.0] [cxt 0] Skipping checksum 'cksum' update because condition not met
[12:26:06.188] [bmv2] [D] [thread 1710] [20.0] [cxt 0] Deparsing header 'ethernet'
[12:26:06.188] [bmv2] [D] [thread 1710] [20.0] [cxt 0] Deparser 'deparser': end
[12:26:06.188] [bmv2] [D] [thread 1714] [20.0] [cxt 0] Transmitting packet of size 70 out of port 0
[12:26:08.236] [bmv2] [D] [thread 1709] [21.0] [cxt 0] Processing packet received on port 2
[12:26:08.236] [bmv2] [D] [thread 1709] [21.0] [cxt 0] Parser 'parser': start
[12:26:08.236] [bmv2] [D] [thread 1709] [21.0] [cxt 0] Parser 'parser' entering state 'start'
[12:26:08.236] [bmv2] [D] [thread 1709] [21.0] [cxt 0] Extracting header 'ethernet'
[12:26:08.236] [bmv2] [D] [thread 1709] [21.0] [cxt 0] Parser state 'start': key is 86dd
[12:26:08.236] [bmv2] [T] [thread 1709] [21.0] [cxt 0] Bytes parsed: 14
[12:26:08.236] [bmv2] [D] [thread 1709] [21.0] [cxt 0] Parser 'parser': end
[12:26:08.236] [bmv2] [D] [thread 1709] [21.0] [cxt 0] Pipeline 'ingress': start
[12:26:08.236] [bmv2] [T] [thread 1709] [21.0] [cxt 0] basic.p4(117) Condition "hdr.ipv4.isValid()" (node_2) is false
[12:26:08.236] [bmv2] [D] [thread 1709] [21.0] [cxt 0] Pipeline 'ingress': end
[12:26:08.236] [bmv2] [D] [thread 1709] [21.0] [cxt 0] Egress port is 0
[12:26:08.236] [bmv2] [D] [thread 1710] [21.0] [cxt 0] Pipeline 'egress': start
[12:26:08.236] [bmv2] [D] [thread 1710] [21.0] [cxt 0] Pipeline 'egress': end
[12:26:08.236] [bmv2] [D] [thread 1710] [21.0] [cxt 0] Deparser 'deparser': start
[12:26:08.236] [bmv2] [T] [thread 1710] [21.0] [cxt 0] Skipping checksum 'cksum' update because condition not met
[12:26:08.236] [bmv2] [D] [thread 1710] [21.0] [cxt 0] Deparsing header 'ethernet'
[12:26:08.236] [bmv2] [D] [thread 1710] [21.0] [cxt 0] Deparser 'deparser': end
[12:26:08.236] [bmv2] [D] [thread 1714] [21.0] [cxt 0] Transmitting packet of size 70 out of port 0
[12:27:01.485] [bmv2] [D] [thread 1709] [22.0] [cxt 0] Processing packet received on port 2
[12:27:01.485] [bmv2] [D] [thread 1709] [22.0] [cxt 0] Parser 'parser': start
[12:27:01.485] [bmv2] [D] [thread 1709] [22.0] [cxt 0] Parser 'parser' entering state 'start'
[12:27:01.485] [bmv2] [D] [thread 1709] [22.0] [cxt 0] Extracting header 'ethernet'
[12:27:01.485] [bmv2] [D] [thread 1709] [22.0] [cxt 0] Parser state 'start': key is 86dd
[12:27:01.485] [bmv2] [T] [thread 1709] [22.0] [cxt 0] Bytes parsed: 14
[12:27:01.485] [bmv2] [D] [thread 1709] [22.0] [cxt 0] Parser 'parser': end
[12:27:01.485] [bmv2] [D] [thread 1709] [22.0] [cxt 0] Pipeline 'ingress': start
[12:27:01.485] [bmv2] [T] [thread 1709] [22.0] [cxt 0] basic.p4(117) Condition "hdr.ipv4.isValid()" (node_2) is false
[12:27:01.485] [bmv2] [D] [thread 1709] [22.0] [cxt 0] Pipeline 'ingress': end
[12:27:01.485] [bmv2] [D] [thread 1709] [22.0] [cxt 0] Egress port is 0
[12:27:01.485] [bmv2] [D] [thread 1710] [22.0] [cxt 0] Pipeline 'egress': start
[12:27:01.485] [bmv2] [D] [thread 1710] [22.0] [cxt 0] Pipeline 'egress': end
[12:27:01.485] [bmv2] [D] [thread 1710] [22.0] [cxt 0] Deparser 'deparser': start
[12:27:01.485] [bmv2] [T] [thread 1710] [22.0] [cxt 0] Skipping checksum 'cksum' update because condition not met
[12:27:01.485] [bmv2] [D] [thread 1710] [22.0] [cxt 0] Deparsing header 'ethernet'
[12:27:01.485] [bmv2] [D] [thread 1710] [22.0] [cxt 0] Deparser 'deparser': end
[12:27:01.485] [bmv2] [D] [thread 1714] [22.0] [cxt 0] Transmitting packet of size 70 out of port 0
[12:27:15.821] [bmv2] [D] [thread 1709] [23.0] [cxt 0] Processing packet received on port 1
[12:27:15.821] [bmv2] [D] [thread 1709] [23.0] [cxt 0] Parser 'parser': start
[12:27:15.821] [bmv2] [D] [thread 1709] [23.0] [cxt 0] Parser 'parser' entering state 'start'
[12:27:15.821] [bmv2] [D] [thread 1709] [23.0] [cxt 0] Extracting header 'ethernet'
[12:27:15.821] [bmv2] [D] [thread 1709] [23.0] [cxt 0] Parser state 'start': key is 86dd
[12:27:15.821] [bmv2] [T] [thread 1709] [23.0] [cxt 0] Bytes parsed: 14
[12:27:15.821] [bmv2] [D] [thread 1709] [23.0] [cxt 0] Parser 'parser': end
[12:27:15.821] [bmv2] [D] [thread 1709] [23.0] [cxt 0] Pipeline 'ingress': start
[12:27:15.821] [bmv2] [T] [thread 1709] [23.0] [cxt 0] basic.p4(117) Condition "hdr.ipv4.isValid()" (node_2) is false
[12:27:15.821] [bmv2] [D] [thread 1709] [23.0] [cxt 0] Pipeline 'ingress': end
[12:27:15.821] [bmv2] [D] [thread 1709] [23.0] [cxt 0] Egress port is 0
[12:27:15.821] [bmv2] [D] [thread 1710] [23.0] [cxt 0] Pipeline 'egress': start
[12:27:15.821] [bmv2] [D] [thread 1710] [23.0] [cxt 0] Pipeline 'egress': end
[12:27:15.821] [bmv2] [D] [thread 1710] [23.0] [cxt 0] Deparser 'deparser': start
[12:27:15.821] [bmv2] [T] [thread 1710] [23.0] [cxt 0] Skipping checksum 'cksum' update because condition not met
[12:27:15.821] [bmv2] [D] [thread 1710] [23.0] [cxt 0] Deparsing header 'ethernet'
[12:27:15.821] [bmv2] [D] [thread 1710] [23.0] [cxt 0] Deparser 'deparser': end
[12:27:15.821] [bmv2] [D] [thread 1714] [23.0] [cxt 0] Transmitting packet of size 70 out of port 0
[12:27:17.869] [bmv2] [D] [thread 1709] [24.0] [cxt 0] Processing packet received on port 2
[12:27:17.869] [bmv2] [D] [thread 1709] [24.0] [cxt 0] Parser 'parser': start
[12:27:17.869] [bmv2] [D] [thread 1709] [24.0] [cxt 0] Parser 'parser' entering state 'start'
[12:27:17.869] [bmv2] [D] [thread 1709] [24.0] [cxt 0] Extracting header 'ethernet'
[12:27:17.869] [bmv2] [D] [thread 1709] [24.0] [cxt 0] Parser state 'start': key is 86dd
[12:27:17.869] [bmv2] [T] [thread 1709] [24.0] [cxt 0] Bytes parsed: 14
[12:27:17.869] [bmv2] [D] [thread 1709] [24.0] [cxt 0] Parser 'parser': end
[12:27:17.869] [bmv2] [D] [thread 1709] [24.0] [cxt 0] Pipeline 'ingress': start
[12:27:17.869] [bmv2] [T] [thread 1709] [24.0] [cxt 0] basic.p4(117) Condition "hdr.ipv4.isValid()" (node_2) is false
[12:27:17.869] [bmv2] [D] [thread 1709] [24.0] [cxt 0] Pipeline 'ingress': end
[12:27:17.869] [bmv2] [D] [thread 1709] [24.0] [cxt 0] Egress port is 0
[12:27:17.869] [bmv2] [D] [thread 1710] [24.0] [cxt 0] Pipeline 'egress': start
[12:27:17.870] [bmv2] [D] [thread 1710] [24.0] [cxt 0] Pipeline 'egress': end
[12:27:17.870] [bmv2] [D] [thread 1710] [24.0] [cxt 0] Deparser 'deparser': start
[12:27:17.870] [bmv2] [T] [thread 1710] [24.0] [cxt 0] Skipping checksum 'cksum' update because condition not met
[12:27:17.870] [bmv2] [D] [thread 1710] [24.0] [cxt 0] Deparsing header 'ethernet'
[12:27:17.870] [bmv2] [D] [thread 1710] [24.0] [cxt 0] Deparser 'deparser': end
[12:27:17.870] [bmv2] [D] [thread 1714] [24.0] [cxt 0] Transmitting packet of size 70 out of port 0
[12:29:04.367] [bmv2] [D] [thread 1709] [25.0] [cxt 0] Processing packet received on port 2
[12:29:04.367] [bmv2] [D] [thread 1709] [25.0] [cxt 0] Parser 'parser': start
[12:29:04.367] [bmv2] [D] [thread 1709] [25.0] [cxt 0] Parser 'parser' entering state 'start'
[12:29:04.367] [bmv2] [D] [thread 1709] [25.0] [cxt 0] Extracting header 'ethernet'
[12:29:04.367] [bmv2] [D] [thread 1709] [25.0] [cxt 0] Parser state 'start': key is 86dd
[12:29:04.367] [bmv2] [T] [thread 1709] [25.0] [cxt 0] Bytes parsed: 14
[12:29:04.367] [bmv2] [D] [thread 1709] [25.0] [cxt 0] Parser 'parser': end
[12:29:04.367] [bmv2] [D] [thread 1709] [25.0] [cxt 0] Pipeline 'ingress': start
[12:29:04.367] [bmv2] [T] [thread 1709] [25.0] [cxt 0] basic.p4(117) Condition "hdr.ipv4.isValid()" (node_2) is false
[12:29:04.367] [bmv2] [D] [thread 1709] [25.0] [cxt 0] Pipeline 'ingress': end
[12:29:04.367] [bmv2] [D] [thread 1709] [25.0] [cxt 0] Egress port is 0
[12:29:04.367] [bmv2] [D] [thread 1710] [25.0] [cxt 0] Pipeline 'egress': start
[12:29:04.367] [bmv2] [D] [thread 1710] [25.0] [cxt 0] Pipeline 'egress': end
[12:29:04.367] [bmv2] [D] [thread 1710] [25.0] [cxt 0] Deparser 'deparser': start
[12:29:04.367] [bmv2] [T] [thread 1710] [25.0] [cxt 0] Skipping checksum 'cksum' update because condition not met
[12:29:04.367] [bmv2] [D] [thread 1710] [25.0] [cxt 0] Deparsing header 'ethernet'
[12:29:04.367] [bmv2] [D] [thread 1710] [25.0] [cxt 0] Deparser 'deparser': end
[12:29:04.367] [bmv2] [D] [thread 1714] [25.0] [cxt 0] Transmitting packet of size 70 out of port 0
[12:29:37.133] [bmv2] [D] [thread 1709] [26.0] [cxt 0] Processing packet received on port 1
[12:29:37.133] [bmv2] [D] [thread 1709] [26.0] [cxt 0] Parser 'parser': start
[12:29:37.133] [bmv2] [D] [thread 1709] [26.0] [cxt 0] Parser 'parser' entering state 'start'
[12:29:37.133] [bmv2] [D] [thread 1709] [26.0] [cxt 0] Extracting header 'ethernet'
[12:29:37.133] [bmv2] [D] [thread 1709] [26.0] [cxt 0] Parser state 'start': key is 86dd
[12:29:37.133] [bmv2] [T] [thread 1709] [26.0] [cxt 0] Bytes parsed: 14
[12:29:37.133] [bmv2] [D] [thread 1709] [26.0] [cxt 0] Parser 'parser': end
[12:29:37.133] [bmv2] [D] [thread 1709] [26.0] [cxt 0] Pipeline 'ingress': start
[12:29:37.133] [bmv2] [T] [thread 1709] [26.0] [cxt 0] basic.p4(117) Condition "hdr.ipv4.isValid()" (node_2) is false
[12:29:37.133] [bmv2] [D] [thread 1709] [26.0] [cxt 0] Pipeline 'ingress': end
[12:29:37.133] [bmv2] [D] [thread 1709] [26.0] [cxt 0] Egress port is 0
[12:29:37.133] [bmv2] [D] [thread 1709] [27.0] [cxt 0] Processing packet received on port 2
[12:29:37.133] [bmv2] [D] [thread 1709] [27.0] [cxt 0] Parser 'parser': start
[12:29:37.133] [bmv2] [D] [thread 1709] [27.0] [cxt 0] Parser 'parser' entering state 'start'
[12:29:37.133] [bmv2] [D] [thread 1709] [27.0] [cxt 0] Extracting header 'ethernet'
[12:29:37.133] [bmv2] [D] [thread 1709] [27.0] [cxt 0] Parser state 'start': key is 86dd
[12:29:37.133] [bmv2] [T] [thread 1709] [27.0] [cxt 0] Bytes parsed: 14
[12:29:37.133] [bmv2] [D] [thread 1709] [27.0] [cxt 0] Parser 'parser': end
[12:29:37.133] [bmv2] [D] [thread 1709] [27.0] [cxt 0] Pipeline 'ingress': start
[12:29:37.133] [bmv2] [T] [thread 1709] [27.0] [cxt 0] basic.p4(117) Condition "hdr.ipv4.isValid()" (node_2) is false
[12:29:37.133] [bmv2] [D] [thread 1709] [27.0] [cxt 0] Pipeline 'ingress': end
[12:29:37.133] [bmv2] [D] [thread 1710] [26.0] [cxt 0] Pipeline 'egress': start
[12:29:37.133] [bmv2] [D] [thread 1710] [26.0] [cxt 0] Pipeline 'egress': end
[12:29:37.133] [bmv2] [D] [thread 1710] [26.0] [cxt 0] Deparser 'deparser': start
[12:29:37.133] [bmv2] [T] [thread 1710] [26.0] [cxt 0] Skipping checksum 'cksum' update because condition not met
[12:29:37.133] [bmv2] [D] [thread 1710] [26.0] [cxt 0] Deparsing header 'ethernet'
[12:29:37.133] [bmv2] [D] [thread 1709] [27.0] [cxt 0] Egress port is 0
[12:29:37.133] [bmv2] [D] [thread 1710] [26.0] [cxt 0] Deparser 'deparser': end
[12:29:37.133] [bmv2] [D] [thread 1710] [27.0] [cxt 0] Pipeline 'egress': start
[12:29:37.133] [bmv2] [D] [thread 1710] [27.0] [cxt 0] Pipeline 'egress': end
[12:29:37.133] [bmv2] [D] [thread 1710] [27.0] [cxt 0] Deparser 'deparser': start
[12:29:37.133] [bmv2] [T] [thread 1710] [27.0] [cxt 0] Skipping checksum 'cksum' update because condition not met
[12:29:37.133] [bmv2] [D] [thread 1714] [26.0] [cxt 0] Transmitting packet of size 70 out of port 0
[12:29:37.133] [bmv2] [D] [thread 1710] [27.0] [cxt 0] Deparsing header 'ethernet'
[12:29:37.133] [bmv2] [D] [thread 1710] [27.0] [cxt 0] Deparser 'deparser': end
[12:29:37.133] [bmv2] [D] [thread 1714] [27.0] [cxt 0] Transmitting packet of size 70 out of port 0
[12:33:10.126] [bmv2] [D] [thread 1709] [28.0] [cxt 0] Processing packet received on port 2
[12:33:10.126] [bmv2] [D] [thread 1709] [28.0] [cxt 0] Parser 'parser': start
[12:33:10.126] [bmv2] [D] [thread 1709] [28.0] [cxt 0] Parser 'parser' entering state 'start'
[12:33:10.126] [bmv2] [D] [thread 1709] [28.0] [cxt 0] Extracting header 'ethernet'
[12:33:10.126] [bmv2] [D] [thread 1709] [28.0] [cxt 0] Parser state 'start': key is 86dd
[12:33:10.126] [bmv2] [T] [thread 1709] [28.0] [cxt 0] Bytes parsed: 14
[12:33:10.126] [bmv2] [D] [thread 1709] [28.0] [cxt 0] Parser 'parser': end
[12:33:10.126] [bmv2] [D] [thread 1709] [28.0] [cxt 0] Pipeline 'ingress': start
[12:33:10.126] [bmv2] [T] [thread 1709] [28.0] [cxt 0] basic.p4(117) Condition "hdr.ipv4.isValid()" (node_2) is false
[12:33:10.126] [bmv2] [D] [thread 1709] [28.0] [cxt 0] Pipeline 'ingress': end
[12:33:10.126] [bmv2] [D] [thread 1709] [28.0] [cxt 0] Egress port is 0
[12:33:10.126] [bmv2] [D] [thread 1710] [28.0] [cxt 0] Pipeline 'egress': start
[12:33:10.126] [bmv2] [D] [thread 1710] [28.0] [cxt 0] Pipeline 'egress': end
[12:33:10.126] [bmv2] [D] [thread 1710] [28.0] [cxt 0] Deparser 'deparser': start
[12:33:10.126] [bmv2] [T] [thread 1710] [28.0] [cxt 0] Skipping checksum 'cksum' update because condition not met
[12:33:10.126] [bmv2] [D] [thread 1710] [28.0] [cxt 0] Deparsing header 'ethernet'
[12:33:10.126] [bmv2] [D] [thread 1710] [28.0] [cxt 0] Deparser 'deparser': end
[12:33:10.126] [bmv2] [D] [thread 1714] [28.0] [cxt 0] Transmitting packet of size 70 out of port 0
[12:34:15.660] [bmv2] [D] [thread 1709] [29.0] [cxt 0] Processing packet received on port 1
[12:34:15.660] [bmv2] [D] [thread 1709] [29.0] [cxt 0] Parser 'parser': start
[12:34:15.660] [bmv2] [D] [thread 1709] [29.0] [cxt 0] Parser 'parser' entering state 'start'
[12:34:15.660] [bmv2] [D] [thread 1709] [29.0] [cxt 0] Extracting header 'ethernet'
[12:34:15.660] [bmv2] [D] [thread 1709] [29.0] [cxt 0] Parser state 'start': key is 86dd
[12:34:15.660] [bmv2] [T] [thread 1709] [29.0] [cxt 0] Bytes parsed: 14
[12:34:15.660] [bmv2] [D] [thread 1709] [29.0] [cxt 0] Parser 'parser': end
[12:34:15.660] [bmv2] [D] [thread 1709] [29.0] [cxt 0] Pipeline 'ingress': start
[12:34:15.660] [bmv2] [T] [thread 1709] [29.0] [cxt 0] basic.p4(117) Condition "hdr.ipv4.isValid()" (node_2) is false
[12:34:15.660] [bmv2] [D] [thread 1709] [29.0] [cxt 0] Pipeline 'ingress': end
[12:34:15.660] [bmv2] [D] [thread 1709] [29.0] [cxt 0] Egress port is 0
[12:34:15.661] [bmv2] [D] [thread 1710] [29.0] [cxt 0] Pipeline 'egress': start
[12:34:15.661] [bmv2] [D] [thread 1710] [29.0] [cxt 0] Pipeline 'egress': end
[12:34:15.661] [bmv2] [D] [thread 1710] [29.0] [cxt 0] Deparser 'deparser': start
[12:34:15.661] [bmv2] [T] [thread 1710] [29.0] [cxt 0] Skipping checksum 'cksum' update because condition not met
[12:34:15.661] [bmv2] [D] [thread 1710] [29.0] [cxt 0] Deparsing header 'ethernet'
[12:34:15.661] [bmv2] [D] [thread 1710] [29.0] [cxt 0] Deparser 'deparser': end
[12:34:15.661] [bmv2] [D] [thread 1714] [29.0] [cxt 0] Transmitting packet of size 70 out of port 0
[12:34:32.047] [bmv2] [D] [thread 1709] [30.0] [cxt 0] Processing packet received on port 2
[12:34:32.047] [bmv2] [D] [thread 1709] [30.0] [cxt 0] Parser 'parser': start
[12:34:32.047] [bmv2] [D] [thread 1709] [30.0] [cxt 0] Parser 'parser' entering state 'start'
[12:34:32.047] [bmv2] [D] [thread 1709] [30.0] [cxt 0] Extracting header 'ethernet'
[12:34:32.047] [bmv2] [D] [thread 1709] [30.0] [cxt 0] Parser state 'start': key is 86dd
[12:34:32.047] [bmv2] [T] [thread 1709] [30.0] [cxt 0] Bytes parsed: 14
[12:34:32.047] [bmv2] [D] [thread 1709] [30.0] [cxt 0] Parser 'parser': end
[12:34:32.047] [bmv2] [D] [thread 1709] [30.0] [cxt 0] Pipeline 'ingress': start
[12:34:32.047] [bmv2] [T] [thread 1709] [30.0] [cxt 0] basic.p4(117) Condition "hdr.ipv4.isValid()" (node_2) is false
[12:34:32.047] [bmv2] [D] [thread 1709] [30.0] [cxt 0] Pipeline 'ingress': end
[12:34:32.047] [bmv2] [D] [thread 1709] [30.0] [cxt 0] Egress port is 0
[12:34:32.047] [bmv2] [D] [thread 1710] [30.0] [cxt 0] Pipeline 'egress': start
[12:34:32.047] [bmv2] [D] [thread 1710] [30.0] [cxt 0] Pipeline 'egress': end
[12:34:32.048] [bmv2] [D] [thread 1710] [30.0] [cxt 0] Deparser 'deparser': start
[12:34:32.048] [bmv2] [T] [thread 1710] [30.0] [cxt 0] Skipping checksum 'cksum' update because condition not met
[12:34:32.048] [bmv2] [D] [thread 1710] [30.0] [cxt 0] Deparsing header 'ethernet'
[12:34:32.048] [bmv2] [D] [thread 1710] [30.0] [cxt 0] Deparser 'deparser': end
[12:34:32.048] [bmv2] [D] [thread 1714] [30.0] [cxt 0] Transmitting packet of size 70 out of port 0
[12:41:54.413] [bmv2] [D] [thread 1709] [31.0] [cxt 0] Processing packet received on port 2
[12:41:54.413] [bmv2] [D] [thread 1709] [31.0] [cxt 0] Parser 'parser': start
[12:41:54.413] [bmv2] [D] [thread 1709] [31.0] [cxt 0] Parser 'parser' entering state 'start'
[12:41:54.413] [bmv2] [D] [thread 1709] [31.0] [cxt 0] Extracting header 'ethernet'
[12:41:54.413] [bmv2] [D] [thread 1709] [31.0] [cxt 0] Parser state 'start': key is 86dd
[12:41:54.413] [bmv2] [T] [thread 1709] [31.0] [cxt 0] Bytes parsed: 14
[12:41:54.413] [bmv2] [D] [thread 1709] [31.0] [cxt 0] Parser 'parser': end
[12:41:54.413] [bmv2] [D] [thread 1709] [31.0] [cxt 0] Pipeline 'ingress': start
[12:41:54.413] [bmv2] [T] [thread 1709] [31.0] [cxt 0] basic.p4(117) Condition "hdr.ipv4.isValid()" (node_2) is false
[12:41:54.413] [bmv2] [D] [thread 1709] [31.0] [cxt 0] Pipeline 'ingress': end
[12:41:54.413] [bmv2] [D] [thread 1709] [31.0] [cxt 0] Egress port is 0
[12:41:54.413] [bmv2] [D] [thread 1710] [31.0] [cxt 0] Pipeline 'egress': start
[12:41:54.413] [bmv2] [D] [thread 1710] [31.0] [cxt 0] Pipeline 'egress': end
[12:41:54.413] [bmv2] [D] [thread 1710] [31.0] [cxt 0] Deparser 'deparser': start
[12:41:54.413] [bmv2] [T] [thread 1710] [31.0] [cxt 0] Skipping checksum 'cksum' update because condition not met
[12:41:54.413] [bmv2] [D] [thread 1710] [31.0] [cxt 0] Deparsing header 'ethernet'
[12:41:54.413] [bmv2] [D] [thread 1710] [31.0] [cxt 0] Deparser 'deparser': end
[12:41:54.413] [bmv2] [D] [thread 1714] [31.0] [cxt 0] Transmitting packet of size 70 out of port 0
[12:43:16.332] [bmv2] [D] [thread 1709] [32.0] [cxt 0] Processing packet received on port 1
[12:43:16.332] [bmv2] [D] [thread 1709] [32.0] [cxt 0] Parser 'parser': start
[12:43:16.332] [bmv2] [D] [thread 1709] [32.0] [cxt 0] Parser 'parser' entering state 'start'
[12:43:16.332] [bmv2] [D] [thread 1709] [32.0] [cxt 0] Extracting header 'ethernet'
[12:43:16.332] [bmv2] [D] [thread 1709] [32.0] [cxt 0] Parser state 'start': key is 86dd
[12:43:16.332] [bmv2] [T] [thread 1709] [32.0] [cxt 0] Bytes parsed: 14
[12:43:16.332] [bmv2] [D] [thread 1709] [32.0] [cxt 0] Parser 'parser': end
[12:43:16.332] [bmv2] [D] [thread 1709] [32.0] [cxt 0] Pipeline 'ingress': start
[12:43:16.332] [bmv2] [T] [thread 1709] [32.0] [cxt 0] basic.p4(117) Condition "hdr.ipv4.isValid()" (node_2) is false
[12:43:16.332] [bmv2] [D] [thread 1709] [32.0] [cxt 0] Pipeline 'ingress': end
[12:43:16.332] [bmv2] [D] [thread 1709] [32.0] [cxt 0] Egress port is 0
[12:43:16.332] [bmv2] [D] [thread 1710] [32.0] [cxt 0] Pipeline 'egress': start
[12:43:16.332] [bmv2] [D] [thread 1710] [32.0] [cxt 0] Pipeline 'egress': end
[12:43:16.332] [bmv2] [D] [thread 1710] [32.0] [cxt 0] Deparser 'deparser': start
[12:43:16.332] [bmv2] [T] [thread 1710] [32.0] [cxt 0] Skipping checksum 'cksum' update because condition not met
[12:43:16.332] [bmv2] [D] [thread 1710] [32.0] [cxt 0] Deparsing header 'ethernet'
[12:43:16.332] [bmv2] [D] [thread 1710] [32.0] [cxt 0] Deparser 'deparser': end
[12:43:16.332] [bmv2] [D] [thread 1714] [32.0] [cxt 0] Transmitting packet of size 70 out of port 0
[12:43:49.105] [bmv2] [D] [thread 1709] [33.0] [cxt 0] Processing packet received on port 2
[12:43:49.105] [bmv2] [D] [thread 1709] [33.0] [cxt 0] Parser 'parser': start
[12:43:49.105] [bmv2] [D] [thread 1709] [33.0] [cxt 0] Parser 'parser' entering state 'start'
[12:43:49.105] [bmv2] [D] [thread 1709] [33.0] [cxt 0] Extracting header 'ethernet'
[12:43:49.105] [bmv2] [D] [thread 1709] [33.0] [cxt 0] Parser state 'start': key is 86dd
[12:43:49.105] [bmv2] [T] [thread 1709] [33.0] [cxt 0] Bytes parsed: 14
[12:43:49.105] [bmv2] [D] [thread 1709] [33.0] [cxt 0] Parser 'parser': end
[12:43:49.105] [bmv2] [D] [thread 1709] [33.0] [cxt 0] Pipeline 'ingress': start
[12:43:49.105] [bmv2] [T] [thread 1709] [33.0] [cxt 0] basic.p4(117) Condition "hdr.ipv4.isValid()" (node_2) is false
[12:43:49.105] [bmv2] [D] [thread 1709] [33.0] [cxt 0] Pipeline 'ingress': end
[12:43:49.105] [bmv2] [D] [thread 1709] [33.0] [cxt 0] Egress port is 0
[12:43:49.105] [bmv2] [D] [thread 1710] [33.0] [cxt 0] Pipeline 'egress': start
[12:43:49.105] [bmv2] [D] [thread 1710] [33.0] [cxt 0] Pipeline 'egress': end
[12:43:49.105] [bmv2] [D] [thread 1710] [33.0] [cxt 0] Deparser 'deparser': start
[12:43:49.105] [bmv2] [T] [thread 1710] [33.0] [cxt 0] Skipping checksum 'cksum' update because condition not met
[12:43:49.105] [bmv2] [D] [thread 1710] [33.0] [cxt 0] Deparsing header 'ethernet'
[12:43:49.105] [bmv2] [D] [thread 1710] [33.0] [cxt 0] Deparser 'deparser': end
[12:43:49.105] [bmv2] [D] [thread 1714] [33.0] [cxt 0] Transmitting packet of size 70 out of port 0
[12:59:06.617] [bmv2] [D] [thread 1709] [34.0] [cxt 0] Processing packet received on port 2
[12:59:06.617] [bmv2] [D] [thread 1709] [34.0] [cxt 0] Parser 'parser': start
[12:59:06.617] [bmv2] [D] [thread 1709] [34.0] [cxt 0] Parser 'parser' entering state 'start'
[12:59:06.617] [bmv2] [D] [thread 1709] [34.0] [cxt 0] Extracting header 'ethernet'
[12:59:06.617] [bmv2] [D] [thread 1709] [34.0] [cxt 0] Parser state 'start': key is 86dd
[12:59:06.617] [bmv2] [T] [thread 1709] [34.0] [cxt 0] Bytes parsed: 14
[12:59:06.617] [bmv2] [D] [thread 1709] [34.0] [cxt 0] Parser 'parser': end
[12:59:06.617] [bmv2] [D] [thread 1709] [34.0] [cxt 0] Pipeline 'ingress': start
[12:59:06.617] [bmv2] [T] [thread 1709] [34.0] [cxt 0] basic.p4(117) Condition "hdr.ipv4.isValid()" (node_2) is false
[12:59:06.617] [bmv2] [D] [thread 1709] [34.0] [cxt 0] Pipeline 'ingress': end
[12:59:06.617] [bmv2] [D] [thread 1709] [34.0] [cxt 0] Egress port is 0
[12:59:06.617] [bmv2] [D] [thread 1710] [34.0] [cxt 0] Pipeline 'egress': start
[12:59:06.617] [bmv2] [D] [thread 1710] [34.0] [cxt 0] Pipeline 'egress': end
[12:59:06.617] [bmv2] [D] [thread 1710] [34.0] [cxt 0] Deparser 'deparser': start
[12:59:06.617] [bmv2] [T] [thread 1710] [34.0] [cxt 0] Skipping checksum 'cksum' update because condition not met
[12:59:06.617] [bmv2] [D] [thread 1710] [34.0] [cxt 0] Deparsing header 'ethernet'
[12:59:06.617] [bmv2] [D] [thread 1710] [34.0] [cxt 0] Deparser 'deparser': end
[12:59:06.617] [bmv2] [D] [thread 1714] [34.0] [cxt 0] Transmitting packet of size 70 out of port 0
[13:00:28.536] [bmv2] [D] [thread 1709] [35.0] [cxt 0] Processing packet received on port 1
[13:00:28.536] [bmv2] [D] [thread 1709] [35.0] [cxt 0] Parser 'parser': start
[13:00:28.536] [bmv2] [D] [thread 1709] [35.0] [cxt 0] Parser 'parser' entering state 'start'
[13:00:28.536] [bmv2] [D] [thread 1709] [35.0] [cxt 0] Extracting header 'ethernet'
[13:00:28.536] [bmv2] [D] [thread 1709] [35.0] [cxt 0] Parser state 'start': key is 86dd
[13:00:28.536] [bmv2] [T] [thread 1709] [35.0] [cxt 0] Bytes parsed: 14
[13:00:28.536] [bmv2] [D] [thread 1709] [35.0] [cxt 0] Parser 'parser': end
[13:00:28.536] [bmv2] [D] [thread 1709] [35.0] [cxt 0] Pipeline 'ingress': start
[13:00:28.536] [bmv2] [T] [thread 1709] [35.0] [cxt 0] basic.p4(117) Condition "hdr.ipv4.isValid()" (node_2) is false
[13:00:28.536] [bmv2] [D] [thread 1709] [35.0] [cxt 0] Pipeline 'ingress': end
[13:00:28.536] [bmv2] [D] [thread 1709] [35.0] [cxt 0] Egress port is 0
[13:00:28.536] [bmv2] [D] [thread 1710] [35.0] [cxt 0] Pipeline 'egress': start
[13:00:28.536] [bmv2] [D] [thread 1710] [35.0] [cxt 0] Pipeline 'egress': end
[13:00:28.536] [bmv2] [D] [thread 1710] [35.0] [cxt 0] Deparser 'deparser': start
[13:00:28.536] [bmv2] [T] [thread 1710] [35.0] [cxt 0] Skipping checksum 'cksum' update because condition not met
[13:00:28.536] [bmv2] [D] [thread 1710] [35.0] [cxt 0] Deparsing header 'ethernet'
[13:00:28.536] [bmv2] [D] [thread 1710] [35.0] [cxt 0] Deparser 'deparser': end
[13:00:28.536] [bmv2] [D] [thread 1714] [35.0] [cxt 0] Transmitting packet of size 70 out of port 0
[13:01:34.067] [bmv2] [D] [thread 1709] [36.0] [cxt 0] Processing packet received on port 2
[13:01:34.067] [bmv2] [D] [thread 1709] [36.0] [cxt 0] Parser 'parser': start
[13:01:34.067] [bmv2] [D] [thread 1709] [36.0] [cxt 0] Parser 'parser' entering state 'start'
[13:01:34.067] [bmv2] [D] [thread 1709] [36.0] [cxt 0] Extracting header 'ethernet'
[13:01:34.067] [bmv2] [D] [thread 1709] [36.0] [cxt 0] Parser state 'start': key is 86dd
[13:01:34.067] [bmv2] [T] [thread 1709] [36.0] [cxt 0] Bytes parsed: 14
[13:01:34.067] [bmv2] [D] [thread 1709] [36.0] [cxt 0] Parser 'parser': end
[13:01:34.067] [bmv2] [D] [thread 1709] [36.0] [cxt 0] Pipeline 'ingress': start
[13:01:34.067] [bmv2] [T] [thread 1709] [36.0] [cxt 0] basic.p4(117) Condition "hdr.ipv4.isValid()" (node_2) is false
[13:01:34.067] [bmv2] [D] [thread 1709] [36.0] [cxt 0] Pipeline 'ingress': end
[13:01:34.067] [bmv2] [D] [thread 1709] [36.0] [cxt 0] Egress port is 0
[13:01:34.067] [bmv2] [D] [thread 1710] [36.0] [cxt 0] Pipeline 'egress': start
[13:01:34.067] [bmv2] [D] [thread 1710] [36.0] [cxt 0] Pipeline 'egress': end
[13:01:34.067] [bmv2] [D] [thread 1710] [36.0] [cxt 0] Deparser 'deparser': start
[13:01:34.067] [bmv2] [T] [thread 1710] [36.0] [cxt 0] Skipping checksum 'cksum' update because condition not met
[13:01:34.067] [bmv2] [D] [thread 1710] [36.0] [cxt 0] Deparsing header 'ethernet'
[13:01:34.067] [bmv2] [D] [thread 1710] [36.0] [cxt 0] Deparser 'deparser': end
[13:01:34.067] [bmv2] [D] [thread 1714] [36.0] [cxt 0] Transmitting packet of size 70 out of port 0
[13:32:09.069] [bmv2] [D] [thread 1709] [37.0] [cxt 0] Processing packet received on port 2
[13:32:09.069] [bmv2] [D] [thread 1709] [37.0] [cxt 0] Parser 'parser': start
[13:32:09.069] [bmv2] [D] [thread 1709] [37.0] [cxt 0] Parser 'parser' entering state 'start'
[13:32:09.069] [bmv2] [D] [thread 1709] [37.0] [cxt 0] Extracting header 'ethernet'
[13:32:09.069] [bmv2] [D] [thread 1709] [37.0] [cxt 0] Parser state 'start': key is 86dd
[13:32:09.069] [bmv2] [T] [thread 1709] [37.0] [cxt 0] Bytes parsed: 14
[13:32:09.069] [bmv2] [D] [thread 1709] [37.0] [cxt 0] Parser 'parser': end
[13:32:09.069] [bmv2] [D] [thread 1709] [37.0] [cxt 0] Pipeline 'ingress': start
[13:32:09.069] [bmv2] [T] [thread 1709] [37.0] [cxt 0] basic.p4(117) Condition "hdr.ipv4.isValid()" (node_2) is false
[13:32:09.069] [bmv2] [D] [thread 1709] [37.0] [cxt 0] Pipeline 'ingress': end
[13:32:09.069] [bmv2] [D] [thread 1709] [37.0] [cxt 0] Egress port is 0
[13:32:09.069] [bmv2] [D] [thread 1710] [37.0] [cxt 0] Pipeline 'egress': start
[13:32:09.069] [bmv2] [D] [thread 1710] [37.0] [cxt 0] Pipeline 'egress': end
[13:32:09.069] [bmv2] [D] [thread 1710] [37.0] [cxt 0] Deparser 'deparser': start
[13:32:09.069] [bmv2] [T] [thread 1710] [37.0] [cxt 0] Skipping checksum 'cksum' update because condition not met
[13:32:09.069] [bmv2] [D] [thread 1710] [37.0] [cxt 0] Deparsing header 'ethernet'
[13:32:09.069] [bmv2] [D] [thread 1710] [37.0] [cxt 0] Deparser 'deparser': end
[13:32:09.069] [bmv2] [D] [thread 1714] [37.0] [cxt 0] Transmitting packet of size 70 out of port 0
[13:36:31.213] [bmv2] [D] [thread 1709] [38.0] [cxt 0] Processing packet received on port 1
[13:36:31.213] [bmv2] [D] [thread 1709] [38.0] [cxt 0] Parser 'parser': start
[13:36:31.213] [bmv2] [D] [thread 1709] [38.0] [cxt 0] Parser 'parser' entering state 'start'
[13:36:31.213] [bmv2] [D] [thread 1709] [38.0] [cxt 0] Extracting header 'ethernet'
[13:36:31.213] [bmv2] [D] [thread 1709] [38.0] [cxt 0] Parser state 'start': key is 86dd
[13:36:31.213] [bmv2] [T] [thread 1709] [38.0] [cxt 0] Bytes parsed: 14
[13:36:31.213] [bmv2] [D] [thread 1709] [38.0] [cxt 0] Parser 'parser': end
[13:36:31.213] [bmv2] [D] [thread 1709] [38.0] [cxt 0] Pipeline 'ingress': start
[13:36:31.213] [bmv2] [T] [thread 1709] [38.0] [cxt 0] basic.p4(117) Condition "hdr.ipv4.isValid()" (node_2) is false
[13:36:31.213] [bmv2] [D] [thread 1709] [38.0] [cxt 0] Pipeline 'ingress': end
[13:36:31.213] [bmv2] [D] [thread 1709] [38.0] [cxt 0] Egress port is 0
[13:36:31.213] [bmv2] [D] [thread 1710] [38.0] [cxt 0] Pipeline 'egress': start
[13:36:31.213] [bmv2] [D] [thread 1710] [38.0] [cxt 0] Pipeline 'egress': end
[13:36:31.213] [bmv2] [D] [thread 1710] [38.0] [cxt 0] Deparser 'deparser': start
[13:36:31.213] [bmv2] [T] [thread 1710] [38.0] [cxt 0] Skipping checksum 'cksum' update because condition not met
[13:36:31.213] [bmv2] [D] [thread 1710] [38.0] [cxt 0] Deparsing header 'ethernet'
[13:36:31.213] [bmv2] [D] [thread 1710] [38.0] [cxt 0] Deparser 'deparser': end
[13:36:31.213] [bmv2] [D] [thread 1714] [38.0] [cxt 0] Transmitting packet of size 70 out of port 0
[13:38:42.289] [bmv2] [D] [thread 1709] [39.0] [cxt 0] Processing packet received on port 2
[13:38:42.289] [bmv2] [D] [thread 1709] [39.0] [cxt 0] Parser 'parser': start
[13:38:42.289] [bmv2] [D] [thread 1709] [39.0] [cxt 0] Parser 'parser' entering state 'start'
[13:38:42.289] [bmv2] [D] [thread 1709] [39.0] [cxt 0] Extracting header 'ethernet'
[13:38:42.289] [bmv2] [D] [thread 1709] [39.0] [cxt 0] Parser state 'start': key is 86dd
[13:38:42.289] [bmv2] [T] [thread 1709] [39.0] [cxt 0] Bytes parsed: 14
[13:38:42.289] [bmv2] [D] [thread 1709] [39.0] [cxt 0] Parser 'parser': end
[13:38:42.289] [bmv2] [D] [thread 1709] [39.0] [cxt 0] Pipeline 'ingress': start
[13:38:42.289] [bmv2] [T] [thread 1709] [39.0] [cxt 0] basic.p4(117) Condition "hdr.ipv4.isValid()" (node_2) is false
[13:38:42.289] [bmv2] [D] [thread 1709] [39.0] [cxt 0] Pipeline 'ingress': end
[13:38:42.289] [bmv2] [D] [thread 1709] [39.0] [cxt 0] Egress port is 0
[13:38:42.289] [bmv2] [D] [thread 1710] [39.0] [cxt 0] Pipeline 'egress': start
[13:38:42.289] [bmv2] [D] [thread 1710] [39.0] [cxt 0] Pipeline 'egress': end
[13:38:42.289] [bmv2] [D] [thread 1710] [39.0] [cxt 0] Deparser 'deparser': start
[13:38:42.289] [bmv2] [T] [thread 1710] [39.0] [cxt 0] Skipping checksum 'cksum' update because condition not met
[13:38:42.289] [bmv2] [D] [thread 1710] [39.0] [cxt 0] Deparsing header 'ethernet'
[13:38:42.289] [bmv2] [D] [thread 1710] [39.0] [cxt 0] Deparser 'deparser': end
[13:38:42.289] [bmv2] [D] [thread 1714] [39.0] [cxt 0] Transmitting packet of size 70 out of port 0
[14:37:41.230] [bmv2] [D] [thread 1709] [40.0] [cxt 0] Processing packet received on port 1
[14:37:41.230] [bmv2] [D] [thread 1709] [40.0] [cxt 0] Parser 'parser': start
[14:37:41.230] [bmv2] [D] [thread 1709] [40.0] [cxt 0] Parser 'parser' entering state 'start'
[14:37:41.230] [bmv2] [D] [thread 1709] [40.0] [cxt 0] Extracting header 'ethernet'
[14:37:41.230] [bmv2] [D] [thread 1709] [40.0] [cxt 0] Parser state 'start': key is 86dd
[14:37:41.230] [bmv2] [T] [thread 1709] [40.0] [cxt 0] Bytes parsed: 14
[14:37:41.231] [bmv2] [D] [thread 1709] [40.0] [cxt 0] Parser 'parser': end
[14:37:41.231] [bmv2] [D] [thread 1709] [40.0] [cxt 0] Pipeline 'ingress': start
[14:37:41.231] [bmv2] [T] [thread 1709] [40.0] [cxt 0] basic.p4(117) Condition "hdr.ipv4.isValid()" (node_2) is false
[14:37:41.231] [bmv2] [D] [thread 1709] [40.0] [cxt 0] Pipeline 'ingress': end
[14:37:41.231] [bmv2] [D] [thread 1709] [40.0] [cxt 0] Egress port is 0
[14:37:41.231] [bmv2] [D] [thread 1710] [40.0] [cxt 0] Pipeline 'egress': start
[14:37:41.231] [bmv2] [D] [thread 1710] [40.0] [cxt 0] Pipeline 'egress': end
[14:37:41.232] [bmv2] [D] [thread 1710] [40.0] [cxt 0] Deparser 'deparser': start
[14:37:41.232] [bmv2] [T] [thread 1710] [40.0] [cxt 0] Skipping checksum 'cksum' update because condition not met
[14:37:41.232] [bmv2] [D] [thread 1710] [40.0] [cxt 0] Deparsing header 'ethernet'
[14:37:41.232] [bmv2] [D] [thread 1710] [40.0] [cxt 0] Deparser 'deparser': end
[14:37:41.234] [bmv2] [D] [thread 1714] [40.0] [cxt 0] Transmitting packet of size 70 out of port 0
[14:37:41.235] [bmv2] [D] [thread 1709] [41.0] [cxt 0] Processing packet received on port 2
[14:37:41.235] [bmv2] [D] [thread 1709] [41.0] [cxt 0] Parser 'parser': start
[14:37:41.235] [bmv2] [D] [thread 1709] [41.0] [cxt 0] Parser 'parser' entering state 'start'
[14:37:41.235] [bmv2] [D] [thread 1709] [41.0] [cxt 0] Extracting header 'ethernet'
[14:37:41.236] [bmv2] [D] [thread 1709] [41.0] [cxt 0] Parser state 'start': key is 86dd
[14:37:41.236] [bmv2] [T] [thread 1709] [41.0] [cxt 0] Bytes parsed: 14
[14:37:41.236] [bmv2] [D] [thread 1709] [41.0] [cxt 0] Parser 'parser': end
[14:37:41.236] [bmv2] [D] [thread 1709] [41.0] [cxt 0] Pipeline 'ingress': start
[14:37:41.236] [bmv2] [T] [thread 1709] [41.0] [cxt 0] basic.p4(117) Condition "hdr.ipv4.isValid()" (node_2) is false
[14:37:41.236] [bmv2] [D] [thread 1709] [41.0] [cxt 0] Pipeline 'ingress': end
[14:37:41.236] [bmv2] [D] [thread 1709] [41.0] [cxt 0] Egress port is 0
[14:37:41.237] [bmv2] [D] [thread 1710] [41.0] [cxt 0] Pipeline 'egress': start
[14:37:41.237] [bmv2] [D] [thread 1710] [41.0] [cxt 0] Pipeline 'egress': end
[14:37:41.237] [bmv2] [D] [thread 1710] [41.0] [cxt 0] Deparser 'deparser': start
[14:37:41.237] [bmv2] [T] [thread 1710] [41.0] [cxt 0] Skipping checksum 'cksum' update because condition not met
[14:37:41.237] [bmv2] [D] [thread 1710] [41.0] [cxt 0] Deparsing header 'ethernet'
[14:37:41.237] [bmv2] [D] [thread 1710] [41.0] [cxt 0] Deparser 'deparser': end
[14:37:41.237] [bmv2] [D] [thread 1714] [41.0] [cxt 0] Transmitting packet of size 70 out of port 0
[14:42:03.372] [bmv2] [D] [thread 1709] [42.0] [cxt 0] Processing packet received on port 2
[14:42:03.372] [bmv2] [D] [thread 1709] [42.0] [cxt 0] Parser 'parser': start
[14:42:03.372] [bmv2] [D] [thread 1709] [42.0] [cxt 0] Parser 'parser' entering state 'start'
[14:42:03.372] [bmv2] [D] [thread 1709] [42.0] [cxt 0] Extracting header 'ethernet'
[14:42:03.372] [bmv2] [D] [thread 1709] [42.0] [cxt 0] Parser state 'start': key is 86dd
[14:42:03.372] [bmv2] [T] [thread 1709] [42.0] [cxt 0] Bytes parsed: 14
[14:42:03.372] [bmv2] [D] [thread 1709] [42.0] [cxt 0] Parser 'parser': end
[14:42:03.373] [bmv2] [D] [thread 1709] [42.0] [cxt 0] Pipeline 'ingress': start
[14:42:03.373] [bmv2] [T] [thread 1709] [42.0] [cxt 0] basic.p4(117) Condition "hdr.ipv4.isValid()" (node_2) is false
[14:42:03.373] [bmv2] [D] [thread 1709] [42.0] [cxt 0] Pipeline 'ingress': end
[14:42:03.373] [bmv2] [D] [thread 1709] [42.0] [cxt 0] Egress port is 0
[14:42:03.373] [bmv2] [D] [thread 1710] [42.0] [cxt 0] Pipeline 'egress': start
[14:42:03.373] [bmv2] [D] [thread 1710] [42.0] [cxt 0] Pipeline 'egress': end
[14:42:03.373] [bmv2] [D] [thread 1710] [42.0] [cxt 0] Deparser 'deparser': start
[14:42:03.373] [bmv2] [T] [thread 1710] [42.0] [cxt 0] Skipping checksum 'cksum' update because condition not met
[14:42:03.373] [bmv2] [D] [thread 1710] [42.0] [cxt 0] Deparsing header 'ethernet'
[14:42:03.373] [bmv2] [D] [thread 1710] [42.0] [cxt 0] Deparser 'deparser': end
[14:42:03.373] [bmv2] [D] [thread 1714] [42.0] [cxt 0] Transmitting packet of size 70 out of port 0
