Calling target program-options parser
[16:31:48.728] [bmv2] [D] [thread 6108] Set default default entry for table 'MyIngress.ipv4_lpm': NoAction - 
[16:31:48.728] [bmv2] [D] [thread 6108] Set default default entry for table 'tbl_removeSuspect': MyIngress.removeSuspect - 
[16:31:48.728] [bmv2] [D] [thread 6108] Set default default entry for table 'tbl_basic177': basic177 - 
[16:31:48.728] [bmv2] [D] [thread 6108] Set default default entry for table 'tbl_basic180': basic180 - 
[16:31:48.728] [bmv2] [D] [thread 6108] Set default default entry for table 'tbl_addSuspect': MyIngress.addSuspect - 
[16:31:48.728] [bmv2] [D] [thread 6108] Set default default entry for table 'tbl_basic192': basic192 - 
[16:31:48.728] [bmv2] [D] [thread 6108] Set default default entry for table 'tbl_basic196': basic196 - 
Adding interface s2-eth2 as port 2
[16:31:48.729] [bmv2] [D] [thread 6108] Adding interface s2-eth2 as port 2
Adding interface s2-eth3 as port 3
[16:31:48.772] [bmv2] [D] [thread 6108] Adding interface s2-eth3 as port 3
Server listening on 0.0.0.0:50052
[16:31:48.809] [bmv2] [I] [thread 6108] Starting Thrift server on port 9091
[16:31:48.809] [bmv2] [I] [thread 6108] Thrift server was started
[16:31:48.954] [bmv2] [D] [thread 6118] [0.0] [cxt 0] Processing packet received on port 2
[16:31:48.954] [bmv2] [D] [thread 6118] [0.0] [cxt 0] Parser 'parser': start
[16:31:48.954] [bmv2] [D] [thread 6118] [0.0] [cxt 0] Parser 'parser' entering state 'start'
[16:31:48.954] [bmv2] [D] [thread 6118] [0.0] [cxt 0] Extracting header 'ethernet'
[16:31:48.954] [bmv2] [D] [thread 6118] [0.0] [cxt 0] Parser state 'start': key is 86dd
[16:31:48.954] [bmv2] [T] [thread 6118] [0.0] [cxt 0] Bytes parsed: 14
[16:31:48.954] [bmv2] [D] [thread 6118] [0.0] [cxt 0] Parser 'parser': end
[16:31:48.954] [bmv2] [D] [thread 6118] [0.0] [cxt 0] Pipeline 'ingress': start
[16:31:48.954] [bmv2] [T] [thread 6118] [0.0] [cxt 0] basic.p4(170) Condition "hdr.ipv4.isValid()" (node_2) is false
[16:31:48.954] [bmv2] [T] [thread 6118] [0.0] [cxt 0] basic.p4(174) Condition "hdr.removed_ip_h.isValid()" (node_4) is false
[16:31:48.954] [bmv2] [T] [thread 6118] [0.0] [cxt 0] basic.p4(185) Condition "hdr.suspect_list_h.isValid()" (node_9) is false
[16:31:48.954] [bmv2] [T] [thread 6118] [0.0] [cxt 0] Applying table 'tbl_basic192'
[16:31:48.954] [bmv2] [D] [thread 6118] [0.0] [cxt 0] Looking up key:

[16:31:48.954] [bmv2] [D] [thread 6118] [0.0] [cxt 0] Table 'tbl_basic192': miss
[16:31:48.954] [bmv2] [D] [thread 6118] [0.0] [cxt 0] Action entry is basic192 - 
[16:31:48.954] [bmv2] [T] [thread 6118] [0.0] [cxt 0] Action basic192
[16:31:48.954] [bmv2] [T] [thread 6118] [0.0] [cxt 0] basic.p4(192) Primitive hdr.ipv4.srcAddr
[16:31:48.954] [bmv2] [T] [thread 6118] [0.0] [cxt 0] basic.p4(192) Primitive hash(pos1, HashAlgorithm.crc16, (bit<8>)0, {hdr.ipv4.srcAddr}, (bit<9>)256)
[16:31:48.954] [bmv2] [T] [thread 6118] [0.0] [cxt 0] hash(base=0, max=256) = 0
[16:31:48.954] [bmv2] [T] [thread 6118] [0.0] [cxt 0] basic.p4(193) Primitive remove_suspect_list.read(res_remove_suspect, 0)
[16:31:48.954] [bmv2] [T] [thread 6118] [0.0] [cxt 0] Read register 'MyIngress.remove_suspect_list' at index 0 read value 0
[16:31:48.954] [bmv2] [T] [thread 6118] [0.0] [cxt 0] basic.p4(195) Condition "(res_remove_suspect & (bit<256>)1 << pos1) == 0" (node_12) is true
[16:31:48.954] [bmv2] [T] [thread 6118] [0.0] [cxt 0] Applying table 'tbl_basic196'
[16:31:48.955] [bmv2] [D] [thread 6118] [0.0] [cxt 0] Looking up key:

[16:31:48.955] [bmv2] [D] [thread 6118] [0.0] [cxt 0] Table 'tbl_basic196': miss
[16:31:48.955] [bmv2] [D] [thread 6118] [0.0] [cxt 0] Action entry is basic196 - 
[16:31:48.955] [bmv2] [T] [thread 6118] [0.0] [cxt 0] Action basic196
[16:31:48.955] [bmv2] [T] [thread 6118] [0.0] [cxt 0] basic.p4(196) Primitive suspect_list.read(res_suspect, 0)
[16:31:48.955] [bmv2] [T] [thread 6118] [0.0] [cxt 0] Read register 'MyIngress.suspect_list' at index 0 read value 0
[16:31:48.955] [bmv2] [D] [thread 6118] [0.0] [cxt 0] Pipeline 'ingress': end
[16:31:48.955] [bmv2] [D] [thread 6118] [0.0] [cxt 0] Egress port is 0
[16:31:48.955] [bmv2] [D] [thread 6119] [0.0] [cxt 0] Pipeline 'egress': start
[16:31:48.955] [bmv2] [D] [thread 6119] [0.0] [cxt 0] Pipeline 'egress': end
[16:31:48.955] [bmv2] [D] [thread 6119] [0.0] [cxt 0] Deparser 'deparser': start
[16:31:48.955] [bmv2] [T] [thread 6119] [0.0] [cxt 0] Skipping checksum 'cksum' update because condition not met
[16:31:48.955] [bmv2] [D] [thread 6119] [0.0] [cxt 0] Deparsing header 'ethernet'
[16:31:48.955] [bmv2] [D] [thread 6119] [0.0] [cxt 0] Deparser 'deparser': end
[16:31:48.955] [bmv2] [D] [thread 6123] [0.0] [cxt 0] Transmitting packet of size 90 out of port 0
[16:31:49.007] [bmv2] [D] [thread 6118] [1.0] [cxt 0] Processing packet received on port 3
[16:31:49.007] [bmv2] [D] [thread 6118] [1.0] [cxt 0] Parser 'parser': start
[16:31:49.007] [bmv2] [D] [thread 6118] [1.0] [cxt 0] Parser 'parser' entering state 'start'
[16:31:49.007] [bmv2] [D] [thread 6118] [1.0] [cxt 0] Extracting header 'ethernet'
[16:31:49.007] [bmv2] [D] [thread 6118] [1.0] [cxt 0] Parser state 'start': key is 86dd
[16:31:49.007] [bmv2] [T] [thread 6118] [1.0] [cxt 0] Bytes parsed: 14
[16:31:49.007] [bmv2] [D] [thread 6118] [1.0] [cxt 0] Parser 'parser': end
[16:31:49.008] [bmv2] [D] [thread 6118] [1.0] [cxt 0] Pipeline 'ingress': start
[16:31:49.008] [bmv2] [T] [thread 6118] [1.0] [cxt 0] basic.p4(170) Condition "hdr.ipv4.isValid()" (node_2) is false
[16:31:49.008] [bmv2] [T] [thread 6118] [1.0] [cxt 0] basic.p4(174) Condition "hdr.removed_ip_h.isValid()" (node_4) is false
[16:31:49.008] [bmv2] [T] [thread 6118] [1.0] [cxt 0] basic.p4(185) Condition "hdr.suspect_list_h.isValid()" (node_9) is false
[16:31:49.008] [bmv2] [T] [thread 6118] [1.0] [cxt 0] Applying table 'tbl_basic192'
[16:31:49.008] [bmv2] [D] [thread 6118] [1.0] [cxt 0] Looking up key:

[16:31:49.008] [bmv2] [D] [thread 6118] [1.0] [cxt 0] Table 'tbl_basic192': miss
[16:31:49.008] [bmv2] [D] [thread 6118] [1.0] [cxt 0] Action entry is basic192 - 
[16:31:49.008] [bmv2] [T] [thread 6118] [1.0] [cxt 0] Action basic192
[16:31:49.008] [bmv2] [T] [thread 6118] [1.0] [cxt 0] basic.p4(192) Primitive hdr.ipv4.srcAddr
[16:31:49.008] [bmv2] [T] [thread 6118] [1.0] [cxt 0] basic.p4(192) Primitive hash(pos1, HashAlgorithm.crc16, (bit<8>)0, {hdr.ipv4.srcAddr}, (bit<9>)256)
[16:31:49.008] [bmv2] [T] [thread 6118] [1.0] [cxt 0] hash(base=0, max=256) = 0
[16:31:49.008] [bmv2] [T] [thread 6118] [1.0] [cxt 0] basic.p4(193) Primitive remove_suspect_list.read(res_remove_suspect, 0)
[16:31:49.008] [bmv2] [T] [thread 6118] [1.0] [cxt 0] Read register 'MyIngress.remove_suspect_list' at index 0 read value 0
[16:31:49.008] [bmv2] [T] [thread 6118] [1.0] [cxt 0] basic.p4(195) Condition "(res_remove_suspect & (bit<256>)1 << pos1) == 0" (node_12) is true
[16:31:49.008] [bmv2] [T] [thread 6118] [1.0] [cxt 0] Applying table 'tbl_basic196'
[16:31:49.008] [bmv2] [D] [thread 6118] [1.0] [cxt 0] Looking up key:

[16:31:49.008] [bmv2] [D] [thread 6118] [1.0] [cxt 0] Table 'tbl_basic196': miss
[16:31:49.008] [bmv2] [D] [thread 6118] [1.0] [cxt 0] Action entry is basic196 - 
[16:31:49.008] [bmv2] [T] [thread 6118] [1.0] [cxt 0] Action basic196
[16:31:49.008] [bmv2] [T] [thread 6118] [1.0] [cxt 0] basic.p4(196) Primitive suspect_list.read(res_suspect, 0)
[16:31:49.008] [bmv2] [T] [thread 6118] [1.0] [cxt 0] Read register 'MyIngress.suspect_list' at index 0 read value 0
[16:31:49.008] [bmv2] [D] [thread 6118] [1.0] [cxt 0] Pipeline 'ingress': end
[16:31:49.008] [bmv2] [D] [thread 6118] [1.0] [cxt 0] Egress port is 0
[16:31:49.008] [bmv2] [D] [thread 6119] [1.0] [cxt 0] Pipeline 'egress': start
[16:31:49.008] [bmv2] [D] [thread 6119] [1.0] [cxt 0] Pipeline 'egress': end
[16:31:49.008] [bmv2] [D] [thread 6119] [1.0] [cxt 0] Deparser 'deparser': start
[16:31:49.008] [bmv2] [T] [thread 6119] [1.0] [cxt 0] Skipping checksum 'cksum' update because condition not met
[16:31:49.008] [bmv2] [D] [thread 6119] [1.0] [cxt 0] Deparsing header 'ethernet'
[16:31:49.008] [bmv2] [D] [thread 6119] [1.0] [cxt 0] Deparser 'deparser': end
[16:31:49.008] [bmv2] [D] [thread 6123] [1.0] [cxt 0] Transmitting packet of size 90 out of port 0
[16:31:49.426] [bmv2] [D] [thread 6118] [2.0] [cxt 0] Processing packet received on port 3
[16:31:49.426] [bmv2] [D] [thread 6118] [2.0] [cxt 0] Parser 'parser': start
[16:31:49.426] [bmv2] [D] [thread 6118] [2.0] [cxt 0] Parser 'parser' entering state 'start'
[16:31:49.426] [bmv2] [D] [thread 6118] [2.0] [cxt 0] Extracting header 'ethernet'
[16:31:49.426] [bmv2] [D] [thread 6118] [2.0] [cxt 0] Parser state 'start': key is 86dd
[16:31:49.426] [bmv2] [T] [thread 6118] [2.0] [cxt 0] Bytes parsed: 14
[16:31:49.426] [bmv2] [D] [thread 6118] [2.0] [cxt 0] Parser 'parser': end
[16:31:49.426] [bmv2] [D] [thread 6118] [2.0] [cxt 0] Pipeline 'ingress': start
[16:31:49.426] [bmv2] [T] [thread 6118] [2.0] [cxt 0] basic.p4(170) Condition "hdr.ipv4.isValid()" (node_2) is false
[16:31:49.426] [bmv2] [T] [thread 6118] [2.0] [cxt 0] basic.p4(174) Condition "hdr.removed_ip_h.isValid()" (node_4) is false
[16:31:49.426] [bmv2] [T] [thread 6118] [2.0] [cxt 0] basic.p4(185) Condition "hdr.suspect_list_h.isValid()" (node_9) is false
[16:31:49.426] [bmv2] [T] [thread 6118] [2.0] [cxt 0] Applying table 'tbl_basic192'
[16:31:49.426] [bmv2] [D] [thread 6118] [2.0] [cxt 0] Looking up key:

[16:31:49.426] [bmv2] [D] [thread 6118] [2.0] [cxt 0] Table 'tbl_basic192': miss
[16:31:49.426] [bmv2] [D] [thread 6118] [2.0] [cxt 0] Action entry is basic192 - 
[16:31:49.426] [bmv2] [T] [thread 6118] [2.0] [cxt 0] Action basic192
[16:31:49.426] [bmv2] [T] [thread 6118] [2.0] [cxt 0] basic.p4(192) Primitive hdr.ipv4.srcAddr
[16:31:49.426] [bmv2] [T] [thread 6118] [2.0] [cxt 0] basic.p4(192) Primitive hash(pos1, HashAlgorithm.crc16, (bit<8>)0, {hdr.ipv4.srcAddr}, (bit<9>)256)
[16:31:49.426] [bmv2] [T] [thread 6118] [2.0] [cxt 0] hash(base=0, max=256) = 0
[16:31:49.426] [bmv2] [T] [thread 6118] [2.0] [cxt 0] basic.p4(193) Primitive remove_suspect_list.read(res_remove_suspect, 0)
[16:31:49.426] [bmv2] [T] [thread 6118] [2.0] [cxt 0] Read register 'MyIngress.remove_suspect_list' at index 0 read value 0
[16:31:49.426] [bmv2] [T] [thread 6118] [2.0] [cxt 0] basic.p4(195) Condition "(res_remove_suspect & (bit<256>)1 << pos1) == 0" (node_12) is true
[16:31:49.426] [bmv2] [T] [thread 6118] [2.0] [cxt 0] Applying table 'tbl_basic196'
[16:31:49.426] [bmv2] [D] [thread 6118] [2.0] [cxt 0] Looking up key:

[16:31:49.426] [bmv2] [D] [thread 6118] [2.0] [cxt 0] Table 'tbl_basic196': miss
[16:31:49.426] [bmv2] [D] [thread 6118] [2.0] [cxt 0] Action entry is basic196 - 
[16:31:49.426] [bmv2] [T] [thread 6118] [2.0] [cxt 0] Action basic196
[16:31:49.426] [bmv2] [T] [thread 6118] [2.0] [cxt 0] basic.p4(196) Primitive suspect_list.read(res_suspect, 0)
[16:31:49.426] [bmv2] [T] [thread 6118] [2.0] [cxt 0] Read register 'MyIngress.suspect_list' at index 0 read value 0
[16:31:49.426] [bmv2] [D] [thread 6118] [2.0] [cxt 0] Pipeline 'ingress': end
[16:31:49.426] [bmv2] [D] [thread 6118] [2.0] [cxt 0] Egress port is 0
[16:31:49.427] [bmv2] [D] [thread 6118] [3.0] [cxt 0] Processing packet received on port 3
[16:31:49.427] [bmv2] [D] [thread 6118] [3.0] [cxt 0] Parser 'parser': start
[16:31:49.427] [bmv2] [D] [thread 6118] [3.0] [cxt 0] Parser 'parser' entering state 'start'
[16:31:49.427] [bmv2] [D] [thread 6118] [3.0] [cxt 0] Extracting header 'ethernet'
[16:31:49.427] [bmv2] [D] [thread 6118] [3.0] [cxt 0] Parser state 'start': key is 86dd
[16:31:49.427] [bmv2] [T] [thread 6118] [3.0] [cxt 0] Bytes parsed: 14
[16:31:49.427] [bmv2] [D] [thread 6118] [3.0] [cxt 0] Parser 'parser': end
[16:31:49.427] [bmv2] [D] [thread 6118] [3.0] [cxt 0] Pipeline 'ingress': start
[16:31:49.427] [bmv2] [T] [thread 6118] [3.0] [cxt 0] basic.p4(170) Condition "hdr.ipv4.isValid()" (node_2) is false
[16:31:49.427] [bmv2] [T] [thread 6118] [3.0] [cxt 0] basic.p4(174) Condition "hdr.removed_ip_h.isValid()" (node_4) is false
[16:31:49.427] [bmv2] [T] [thread 6118] [3.0] [cxt 0] basic.p4(185) Condition "hdr.suspect_list_h.isValid()" (node_9) is false
[16:31:49.427] [bmv2] [T] [thread 6118] [3.0] [cxt 0] Applying table 'tbl_basic192'
[16:31:49.427] [bmv2] [D] [thread 6118] [3.0] [cxt 0] Looking up key:

[16:31:49.427] [bmv2] [D] [thread 6118] [3.0] [cxt 0] Table 'tbl_basic192': miss
[16:31:49.427] [bmv2] [D] [thread 6118] [3.0] [cxt 0] Action entry is basic192 - 
[16:31:49.427] [bmv2] [T] [thread 6118] [3.0] [cxt 0] Action basic192
[16:31:49.427] [bmv2] [T] [thread 6118] [3.0] [cxt 0] basic.p4(192) Primitive hdr.ipv4.srcAddr
[16:31:49.427] [bmv2] [T] [thread 6118] [3.0] [cxt 0] basic.p4(192) Primitive hash(pos1, HashAlgorithm.crc16, (bit<8>)0, {hdr.ipv4.srcAddr}, (bit<9>)256)
[16:31:49.427] [bmv2] [T] [thread 6118] [3.0] [cxt 0] hash(base=0, max=256) = 0
[16:31:49.427] [bmv2] [T] [thread 6118] [3.0] [cxt 0] basic.p4(193) Primitive remove_suspect_list.read(res_remove_suspect, 0)
[16:31:49.427] [bmv2] [T] [thread 6118] [3.0] [cxt 0] Read register 'MyIngress.remove_suspect_list' at index 0 read value 0
[16:31:49.427] [bmv2] [T] [thread 6118] [3.0] [cxt 0] basic.p4(195) Condition "(res_remove_suspect & (bit<256>)1 << pos1) == 0" (node_12) is true
[16:31:49.427] [bmv2] [T] [thread 6118] [3.0] [cxt 0] Applying table 'tbl_basic196'
[16:31:49.427] [bmv2] [D] [thread 6118] [3.0] [cxt 0] Looking up key:

[16:31:49.427] [bmv2] [D] [thread 6118] [3.0] [cxt 0] Table 'tbl_basic196': miss
[16:31:49.427] [bmv2] [D] [thread 6118] [3.0] [cxt 0] Action entry is basic196 - 
[16:31:49.427] [bmv2] [T] [thread 6118] [3.0] [cxt 0] Action basic196
[16:31:49.427] [bmv2] [T] [thread 6118] [3.0] [cxt 0] basic.p4(196) Primitive suspect_list.read(res_suspect, 0)
[16:31:49.427] [bmv2] [T] [thread 6118] [3.0] [cxt 0] Read register 'MyIngress.suspect_list' at index 0 read value 0
[16:31:49.427] [bmv2] [D] [thread 6118] [3.0] [cxt 0] Pipeline 'ingress': end
[16:31:49.427] [bmv2] [D] [thread 6118] [3.0] [cxt 0] Egress port is 0
[16:31:49.427] [bmv2] [D] [thread 6119] [2.0] [cxt 0] Pipeline 'egress': start
[16:31:49.427] [bmv2] [D] [thread 6119] [2.0] [cxt 0] Pipeline 'egress': end
[16:31:49.427] [bmv2] [D] [thread 6119] [2.0] [cxt 0] Deparser 'deparser': start
[16:31:49.427] [bmv2] [T] [thread 6119] [2.0] [cxt 0] Skipping checksum 'cksum' update because condition not met
[16:31:49.427] [bmv2] [D] [thread 6119] [2.0] [cxt 0] Deparsing header 'ethernet'
[16:31:49.427] [bmv2] [D] [thread 6119] [2.0] [cxt 0] Deparser 'deparser': end
[16:31:49.427] [bmv2] [D] [thread 6123] [2.0] [cxt 0] Transmitting packet of size 90 out of port 0
[16:31:49.427] [bmv2] [D] [thread 6119] [3.0] [cxt 0] Pipeline 'egress': start
[16:31:49.427] [bmv2] [D] [thread 6119] [3.0] [cxt 0] Pipeline 'egress': end
[16:31:49.427] [bmv2] [D] [thread 6119] [3.0] [cxt 0] Deparser 'deparser': start
[16:31:49.427] [bmv2] [T] [thread 6119] [3.0] [cxt 0] Skipping checksum 'cksum' update because condition not met
[16:31:49.427] [bmv2] [D] [thread 6119] [3.0] [cxt 0] Deparsing header 'ethernet'
[16:31:49.427] [bmv2] [D] [thread 6119] [3.0] [cxt 0] Deparser 'deparser': end
[16:31:49.427] [bmv2] [D] [thread 6123] [3.0] [cxt 0] Transmitting packet of size 70 out of port 0
[16:31:49.556] [bmv2] [D] [thread 6118] [4.0] [cxt 0] Processing packet received on port 2
[16:31:49.556] [bmv2] [D] [thread 6118] [4.0] [cxt 0] Parser 'parser': start
[16:31:49.556] [bmv2] [D] [thread 6118] [4.0] [cxt 0] Parser 'parser' entering state 'start'
[16:31:49.556] [bmv2] [D] [thread 6118] [4.0] [cxt 0] Extracting header 'ethernet'
[16:31:49.556] [bmv2] [D] [thread 6118] [4.0] [cxt 0] Parser state 'start': key is 86dd
[16:31:49.556] [bmv2] [T] [thread 6118] [4.0] [cxt 0] Bytes parsed: 14
[16:31:49.556] [bmv2] [D] [thread 6118] [4.0] [cxt 0] Parser 'parser': end
[16:31:49.556] [bmv2] [D] [thread 6118] [4.0] [cxt 0] Pipeline 'ingress': start
[16:31:49.556] [bmv2] [T] [thread 6118] [4.0] [cxt 0] basic.p4(170) Condition "hdr.ipv4.isValid()" (node_2) is false
[16:31:49.556] [bmv2] [T] [thread 6118] [4.0] [cxt 0] basic.p4(174) Condition "hdr.removed_ip_h.isValid()" (node_4) is false
[16:31:49.556] [bmv2] [T] [thread 6118] [4.0] [cxt 0] basic.p4(185) Condition "hdr.suspect_list_h.isValid()" (node_9) is false
[16:31:49.556] [bmv2] [T] [thread 6118] [4.0] [cxt 0] Applying table 'tbl_basic192'
[16:31:49.556] [bmv2] [D] [thread 6118] [4.0] [cxt 0] Looking up key:

[16:31:49.556] [bmv2] [D] [thread 6118] [4.0] [cxt 0] Table 'tbl_basic192': miss
[16:31:49.556] [bmv2] [D] [thread 6118] [4.0] [cxt 0] Action entry is basic192 - 
[16:31:49.556] [bmv2] [T] [thread 6118] [4.0] [cxt 0] Action basic192
[16:31:49.556] [bmv2] [T] [thread 6118] [4.0] [cxt 0] basic.p4(192) Primitive hdr.ipv4.srcAddr
[16:31:49.556] [bmv2] [T] [thread 6118] [4.0] [cxt 0] basic.p4(192) Primitive hash(pos1, HashAlgorithm.crc16, (bit<8>)0, {hdr.ipv4.srcAddr}, (bit<9>)256)
[16:31:49.556] [bmv2] [T] [thread 6118] [4.0] [cxt 0] hash(base=0, max=256) = 0
[16:31:49.556] [bmv2] [T] [thread 6118] [4.0] [cxt 0] basic.p4(193) Primitive remove_suspect_list.read(res_remove_suspect, 0)
[16:31:49.556] [bmv2] [T] [thread 6118] [4.0] [cxt 0] Read register 'MyIngress.remove_suspect_list' at index 0 read value 0
[16:31:49.556] [bmv2] [T] [thread 6118] [4.0] [cxt 0] basic.p4(195) Condition "(res_remove_suspect & (bit<256>)1 << pos1) == 0" (node_12) is true
[16:31:49.556] [bmv2] [T] [thread 6118] [4.0] [cxt 0] Applying table 'tbl_basic196'
[16:31:49.556] [bmv2] [D] [thread 6118] [4.0] [cxt 0] Looking up key:

[16:31:49.556] [bmv2] [D] [thread 6118] [4.0] [cxt 0] Table 'tbl_basic196': miss
[16:31:49.556] [bmv2] [D] [thread 6118] [4.0] [cxt 0] Action entry is basic196 - 
[16:31:49.556] [bmv2] [T] [thread 6118] [4.0] [cxt 0] Action basic196
[16:31:49.556] [bmv2] [T] [thread 6118] [4.0] [cxt 0] basic.p4(196) Primitive suspect_list.read(res_suspect, 0)
[16:31:49.556] [bmv2] [T] [thread 6118] [4.0] [cxt 0] Read register 'MyIngress.suspect_list' at index 0 read value 0
[16:31:49.556] [bmv2] [D] [thread 6118] [4.0] [cxt 0] Pipeline 'ingress': end
[16:31:49.556] [bmv2] [D] [thread 6118] [4.0] [cxt 0] Egress port is 0
[16:31:49.556] [bmv2] [D] [thread 6118] [5.0] [cxt 0] Processing packet received on port 2
[16:31:49.556] [bmv2] [D] [thread 6118] [5.0] [cxt 0] Parser 'parser': start
[16:31:49.556] [bmv2] [D] [thread 6118] [5.0] [cxt 0] Parser 'parser' entering state 'start'
[16:31:49.556] [bmv2] [D] [thread 6118] [5.0] [cxt 0] Extracting header 'ethernet'
[16:31:49.556] [bmv2] [D] [thread 6118] [5.0] [cxt 0] Parser state 'start': key is 86dd
[16:31:49.556] [bmv2] [T] [thread 6118] [5.0] [cxt 0] Bytes parsed: 14
[16:31:49.556] [bmv2] [D] [thread 6118] [5.0] [cxt 0] Parser 'parser': end
[16:31:49.556] [bmv2] [D] [thread 6118] [5.0] [cxt 0] Pipeline 'ingress': start
[16:31:49.556] [bmv2] [T] [thread 6118] [5.0] [cxt 0] basic.p4(170) Condition "hdr.ipv4.isValid()" (node_2) is false
[16:31:49.556] [bmv2] [T] [thread 6118] [5.0] [cxt 0] basic.p4(174) Condition "hdr.removed_ip_h.isValid()" (node_4) is false
[16:31:49.556] [bmv2] [T] [thread 6118] [5.0] [cxt 0] basic.p4(185) Condition "hdr.suspect_list_h.isValid()" (node_9) is false
[16:31:49.556] [bmv2] [T] [thread 6118] [5.0] [cxt 0] Applying table 'tbl_basic192'
[16:31:49.556] [bmv2] [D] [thread 6118] [5.0] [cxt 0] Looking up key:

[16:31:49.556] [bmv2] [D] [thread 6118] [5.0] [cxt 0] Table 'tbl_basic192': miss
[16:31:49.556] [bmv2] [D] [thread 6118] [5.0] [cxt 0] Action entry is basic192 - 
[16:31:49.556] [bmv2] [T] [thread 6118] [5.0] [cxt 0] Action basic192
[16:31:49.556] [bmv2] [T] [thread 6118] [5.0] [cxt 0] basic.p4(192) Primitive hdr.ipv4.srcAddr
[16:31:49.556] [bmv2] [T] [thread 6118] [5.0] [cxt 0] basic.p4(192) Primitive hash(pos1, HashAlgorithm.crc16, (bit<8>)0, {hdr.ipv4.srcAddr}, (bit<9>)256)
[16:31:49.556] [bmv2] [T] [thread 6118] [5.0] [cxt 0] hash(base=0, max=256) = 0
[16:31:49.556] [bmv2] [T] [thread 6118] [5.0] [cxt 0] basic.p4(193) Primitive remove_suspect_list.read(res_remove_suspect, 0)
[16:31:49.556] [bmv2] [T] [thread 6118] [5.0] [cxt 0] Read register 'MyIngress.remove_suspect_list' at index 0 read value 0
[16:31:49.556] [bmv2] [T] [thread 6118] [5.0] [cxt 0] basic.p4(195) Condition "(res_remove_suspect & (bit<256>)1 << pos1) == 0" (node_12) is true
[16:31:49.556] [bmv2] [T] [thread 6118] [5.0] [cxt 0] Applying table 'tbl_basic196'
[16:31:49.556] [bmv2] [D] [thread 6118] [5.0] [cxt 0] Looking up key:

[16:31:49.556] [bmv2] [D] [thread 6118] [5.0] [cxt 0] Table 'tbl_basic196': miss
[16:31:49.556] [bmv2] [D] [thread 6118] [5.0] [cxt 0] Action entry is basic196 - 
[16:31:49.556] [bmv2] [T] [thread 6118] [5.0] [cxt 0] Action basic196
[16:31:49.556] [bmv2] [T] [thread 6118] [5.0] [cxt 0] basic.p4(196) Primitive suspect_list.read(res_suspect, 0)
[16:31:49.556] [bmv2] [T] [thread 6118] [5.0] [cxt 0] Read register 'MyIngress.suspect_list' at index 0 read value 0
[16:31:49.556] [bmv2] [D] [thread 6118] [5.0] [cxt 0] Pipeline 'ingress': end
[16:31:49.556] [bmv2] [D] [thread 6118] [5.0] [cxt 0] Egress port is 0
[16:31:49.556] [bmv2] [D] [thread 6119] [4.0] [cxt 0] Pipeline 'egress': start
[16:31:49.556] [bmv2] [D] [thread 6119] [4.0] [cxt 0] Pipeline 'egress': end
[16:31:49.556] [bmv2] [D] [thread 6119] [4.0] [cxt 0] Deparser 'deparser': start
[16:31:49.556] [bmv2] [T] [thread 6119] [4.0] [cxt 0] Skipping checksum 'cksum' update because condition not met
[16:31:49.556] [bmv2] [D] [thread 6119] [4.0] [cxt 0] Deparsing header 'ethernet'
[16:31:49.556] [bmv2] [D] [thread 6119] [4.0] [cxt 0] Deparser 'deparser': end
[16:31:49.556] [bmv2] [D] [thread 6123] [4.0] [cxt 0] Transmitting packet of size 90 out of port 0
[16:31:49.556] [bmv2] [D] [thread 6119] [5.0] [cxt 0] Pipeline 'egress': start
[16:31:49.556] [bmv2] [D] [thread 6119] [5.0] [cxt 0] Pipeline 'egress': end
[16:31:49.556] [bmv2] [D] [thread 6119] [5.0] [cxt 0] Deparser 'deparser': start
[16:31:49.556] [bmv2] [T] [thread 6119] [5.0] [cxt 0] Skipping checksum 'cksum' update because condition not met
[16:31:49.556] [bmv2] [D] [thread 6119] [5.0] [cxt 0] Deparsing header 'ethernet'
[16:31:49.556] [bmv2] [D] [thread 6119] [5.0] [cxt 0] Deparser 'deparser': end
[16:31:49.556] [bmv2] [D] [thread 6123] [5.0] [cxt 0] Transmitting packet of size 70 out of port 0
[16:31:49.812] [bmv2] [D] [thread 6118] [6.0] [cxt 0] Processing packet received on port 3
[16:31:49.812] [bmv2] [D] [thread 6118] [6.0] [cxt 0] Parser 'parser': start
[16:31:49.812] [bmv2] [D] [thread 6118] [6.0] [cxt 0] Parser 'parser' entering state 'start'
[16:31:49.812] [bmv2] [D] [thread 6118] [6.0] [cxt 0] Extracting header 'ethernet'
[16:31:49.812] [bmv2] [D] [thread 6118] [6.0] [cxt 0] Parser state 'start': key is 86dd
[16:31:49.812] [bmv2] [T] [thread 6118] [6.0] [cxt 0] Bytes parsed: 14
[16:31:49.812] [bmv2] [D] [thread 6118] [6.0] [cxt 0] Parser 'parser': end
[16:31:49.812] [bmv2] [D] [thread 6118] [6.0] [cxt 0] Pipeline 'ingress': start
[16:31:49.812] [bmv2] [T] [thread 6118] [6.0] [cxt 0] basic.p4(170) Condition "hdr.ipv4.isValid()" (node_2) is false
[16:31:49.812] [bmv2] [T] [thread 6118] [6.0] [cxt 0] basic.p4(174) Condition "hdr.removed_ip_h.isValid()" (node_4) is false
[16:31:49.812] [bmv2] [T] [thread 6118] [6.0] [cxt 0] basic.p4(185) Condition "hdr.suspect_list_h.isValid()" (node_9) is false
[16:31:49.812] [bmv2] [T] [thread 6118] [6.0] [cxt 0] Applying table 'tbl_basic192'
[16:31:49.812] [bmv2] [D] [thread 6118] [6.0] [cxt 0] Looking up key:

[16:31:49.812] [bmv2] [D] [thread 6118] [6.0] [cxt 0] Table 'tbl_basic192': miss
[16:31:49.812] [bmv2] [D] [thread 6118] [6.0] [cxt 0] Action entry is basic192 - 
[16:31:49.812] [bmv2] [T] [thread 6118] [6.0] [cxt 0] Action basic192
[16:31:49.812] [bmv2] [T] [thread 6118] [6.0] [cxt 0] basic.p4(192) Primitive hdr.ipv4.srcAddr
[16:31:49.812] [bmv2] [T] [thread 6118] [6.0] [cxt 0] basic.p4(192) Primitive hash(pos1, HashAlgorithm.crc16, (bit<8>)0, {hdr.ipv4.srcAddr}, (bit<9>)256)
[16:31:49.812] [bmv2] [T] [thread 6118] [6.0] [cxt 0] hash(base=0, max=256) = 0
[16:31:49.812] [bmv2] [T] [thread 6118] [6.0] [cxt 0] basic.p4(193) Primitive remove_suspect_list.read(res_remove_suspect, 0)
[16:31:49.812] [bmv2] [T] [thread 6118] [6.0] [cxt 0] Read register 'MyIngress.remove_suspect_list' at index 0 read value 0
[16:31:49.812] [bmv2] [T] [thread 6118] [6.0] [cxt 0] basic.p4(195) Condition "(res_remove_suspect & (bit<256>)1 << pos1) == 0" (node_12) is true
[16:31:49.812] [bmv2] [T] [thread 6118] [6.0] [cxt 0] Applying table 'tbl_basic196'
[16:31:49.812] [bmv2] [D] [thread 6118] [6.0] [cxt 0] Looking up key:

[16:31:49.812] [bmv2] [D] [thread 6118] [6.0] [cxt 0] Table 'tbl_basic196': miss
[16:31:49.812] [bmv2] [D] [thread 6118] [6.0] [cxt 0] Action entry is basic196 - 
[16:31:49.812] [bmv2] [T] [thread 6118] [6.0] [cxt 0] Action basic196
[16:31:49.812] [bmv2] [T] [thread 6118] [6.0] [cxt 0] basic.p4(196) Primitive suspect_list.read(res_suspect, 0)
[16:31:49.812] [bmv2] [T] [thread 6118] [6.0] [cxt 0] Read register 'MyIngress.suspect_list' at index 0 read value 0
[16:31:49.812] [bmv2] [D] [thread 6118] [6.0] [cxt 0] Pipeline 'ingress': end
[16:31:49.812] [bmv2] [D] [thread 6118] [6.0] [cxt 0] Egress port is 0
[16:31:49.812] [bmv2] [D] [thread 6118] [7.0] [cxt 0] Processing packet received on port 3
[16:31:49.812] [bmv2] [D] [thread 6118] [7.0] [cxt 0] Parser 'parser': start
[16:31:49.812] [bmv2] [D] [thread 6118] [7.0] [cxt 0] Parser 'parser' entering state 'start'
[16:31:49.812] [bmv2] [D] [thread 6118] [7.0] [cxt 0] Extracting header 'ethernet'
[16:31:49.812] [bmv2] [D] [thread 6118] [7.0] [cxt 0] Parser state 'start': key is 86dd
[16:31:49.812] [bmv2] [T] [thread 6118] [7.0] [cxt 0] Bytes parsed: 14
[16:31:49.812] [bmv2] [D] [thread 6118] [7.0] [cxt 0] Parser 'parser': end
[16:31:49.812] [bmv2] [D] [thread 6118] [7.0] [cxt 0] Pipeline 'ingress': start
[16:31:49.812] [bmv2] [T] [thread 6118] [7.0] [cxt 0] basic.p4(170) Condition "hdr.ipv4.isValid()" (node_2) is false
[16:31:49.812] [bmv2] [T] [thread 6118] [7.0] [cxt 0] basic.p4(174) Condition "hdr.removed_ip_h.isValid()" (node_4) is false
[16:31:49.812] [bmv2] [T] [thread 6118] [7.0] [cxt 0] basic.p4(185) Condition "hdr.suspect_list_h.isValid()" (node_9) is false
[16:31:49.812] [bmv2] [T] [thread 6118] [7.0] [cxt 0] Applying table 'tbl_basic192'
[16:31:49.812] [bmv2] [D] [thread 6118] [7.0] [cxt 0] Looking up key:

[16:31:49.812] [bmv2] [D] [thread 6118] [7.0] [cxt 0] Table 'tbl_basic192': miss
[16:31:49.812] [bmv2] [D] [thread 6118] [7.0] [cxt 0] Action entry is basic192 - 
[16:31:49.812] [bmv2] [T] [thread 6118] [7.0] [cxt 0] Action basic192
[16:31:49.812] [bmv2] [T] [thread 6118] [7.0] [cxt 0] basic.p4(192) Primitive hdr.ipv4.srcAddr
[16:31:49.812] [bmv2] [T] [thread 6118] [7.0] [cxt 0] basic.p4(192) Primitive hash(pos1, HashAlgorithm.crc16, (bit<8>)0, {hdr.ipv4.srcAddr}, (bit<9>)256)
[16:31:49.812] [bmv2] [T] [thread 6118] [7.0] [cxt 0] hash(base=0, max=256) = 0
[16:31:49.812] [bmv2] [T] [thread 6118] [7.0] [cxt 0] basic.p4(193) Primitive remove_suspect_list.read(res_remove_suspect, 0)
[16:31:49.812] [bmv2] [T] [thread 6118] [7.0] [cxt 0] Read register 'MyIngress.remove_suspect_list' at index 0 read value 0
[16:31:49.812] [bmv2] [T] [thread 6118] [7.0] [cxt 0] basic.p4(195) Condition "(res_remove_suspect & (bit<256>)1 << pos1) == 0" (node_12) is true
[16:31:49.812] [bmv2] [T] [thread 6118] [7.0] [cxt 0] Applying table 'tbl_basic196'
[16:31:49.812] [bmv2] [D] [thread 6118] [7.0] [cxt 0] Looking up key:

[16:31:49.812] [bmv2] [D] [thread 6118] [7.0] [cxt 0] Table 'tbl_basic196': miss
[16:31:49.812] [bmv2] [D] [thread 6118] [7.0] [cxt 0] Action entry is basic196 - 
[16:31:49.812] [bmv2] [T] [thread 6118] [7.0] [cxt 0] Action basic196
[16:31:49.812] [bmv2] [T] [thread 6118] [7.0] [cxt 0] basic.p4(196) Primitive suspect_list.read(res_suspect, 0)
[16:31:49.812] [bmv2] [T] [thread 6118] [7.0] [cxt 0] Read register 'MyIngress.suspect_list' at index 0 read value 0
[16:31:49.812] [bmv2] [D] [thread 6118] [7.0] [cxt 0] Pipeline 'ingress': end
[16:31:49.812] [bmv2] [D] [thread 6118] [7.0] [cxt 0] Egress port is 0
[16:31:49.812] [bmv2] [D] [thread 6119] [6.0] [cxt 0] Pipeline 'egress': start
[16:31:49.812] [bmv2] [D] [thread 6119] [6.0] [cxt 0] Pipeline 'egress': end
[16:31:49.812] [bmv2] [D] [thread 6119] [6.0] [cxt 0] Deparser 'deparser': start
[16:31:49.812] [bmv2] [T] [thread 6119] [6.0] [cxt 0] Skipping checksum 'cksum' update because condition not met
[16:31:49.812] [bmv2] [D] [thread 6119] [6.0] [cxt 0] Deparsing header 'ethernet'
[16:31:49.812] [bmv2] [D] [thread 6119] [6.0] [cxt 0] Deparser 'deparser': end
[16:31:49.812] [bmv2] [D] [thread 6123] [6.0] [cxt 0] Transmitting packet of size 90 out of port 0
[16:31:49.812] [bmv2] [D] [thread 6119] [7.0] [cxt 0] Pipeline 'egress': start
[16:31:49.812] [bmv2] [D] [thread 6119] [7.0] [cxt 0] Pipeline 'egress': end
[16:31:49.812] [bmv2] [D] [thread 6119] [7.0] [cxt 0] Deparser 'deparser': start
[16:31:49.812] [bmv2] [T] [thread 6119] [7.0] [cxt 0] Skipping checksum 'cksum' update because condition not met
[16:31:49.812] [bmv2] [D] [thread 6119] [7.0] [cxt 0] Deparsing header 'ethernet'
[16:31:49.812] [bmv2] [D] [thread 6119] [7.0] [cxt 0] Deparser 'deparser': end
[16:31:49.812] [bmv2] [D] [thread 6123] [7.0] [cxt 0] Transmitting packet of size 70 out of port 0
[16:31:49.836] [bmv2] [D] [thread 6118] [8.0] [cxt 0] Processing packet received on port 3
[16:31:49.836] [bmv2] [D] [thread 6118] [8.0] [cxt 0] Parser 'parser': start
[16:31:49.836] [bmv2] [D] [thread 6118] [8.0] [cxt 0] Parser 'parser' entering state 'start'
[16:31:49.836] [bmv2] [D] [thread 6118] [8.0] [cxt 0] Extracting header 'ethernet'
[16:31:49.836] [bmv2] [D] [thread 6118] [8.0] [cxt 0] Parser state 'start': key is 86dd
[16:31:49.836] [bmv2] [T] [thread 6118] [8.0] [cxt 0] Bytes parsed: 14
[16:31:49.836] [bmv2] [D] [thread 6118] [8.0] [cxt 0] Parser 'parser': end
[16:31:49.836] [bmv2] [D] [thread 6118] [8.0] [cxt 0] Pipeline 'ingress': start
[16:31:49.836] [bmv2] [T] [thread 6118] [8.0] [cxt 0] basic.p4(170) Condition "hdr.ipv4.isValid()" (node_2) is false
[16:31:49.836] [bmv2] [T] [thread 6118] [8.0] [cxt 0] basic.p4(174) Condition "hdr.removed_ip_h.isValid()" (node_4) is false
[16:31:49.836] [bmv2] [T] [thread 6118] [8.0] [cxt 0] basic.p4(185) Condition "hdr.suspect_list_h.isValid()" (node_9) is false
[16:31:49.836] [bmv2] [T] [thread 6118] [8.0] [cxt 0] Applying table 'tbl_basic192'
[16:31:49.836] [bmv2] [D] [thread 6118] [8.0] [cxt 0] Looking up key:

[16:31:49.836] [bmv2] [D] [thread 6118] [8.0] [cxt 0] Table 'tbl_basic192': miss
[16:31:49.836] [bmv2] [D] [thread 6118] [8.0] [cxt 0] Action entry is basic192 - 
[16:31:49.836] [bmv2] [T] [thread 6118] [8.0] [cxt 0] Action basic192
[16:31:49.836] [bmv2] [T] [thread 6118] [8.0] [cxt 0] basic.p4(192) Primitive hdr.ipv4.srcAddr
[16:31:49.836] [bmv2] [T] [thread 6118] [8.0] [cxt 0] basic.p4(192) Primitive hash(pos1, HashAlgorithm.crc16, (bit<8>)0, {hdr.ipv4.srcAddr}, (bit<9>)256)
[16:31:49.836] [bmv2] [T] [thread 6118] [8.0] [cxt 0] hash(base=0, max=256) = 0
[16:31:49.836] [bmv2] [T] [thread 6118] [8.0] [cxt 0] basic.p4(193) Primitive remove_suspect_list.read(res_remove_suspect, 0)
[16:31:49.836] [bmv2] [T] [thread 6118] [8.0] [cxt 0] Read register 'MyIngress.remove_suspect_list' at index 0 read value 0
[16:31:49.836] [bmv2] [T] [thread 6118] [8.0] [cxt 0] basic.p4(195) Condition "(res_remove_suspect & (bit<256>)1 << pos1) == 0" (node_12) is true
[16:31:49.836] [bmv2] [T] [thread 6118] [8.0] [cxt 0] Applying table 'tbl_basic196'
[16:31:49.836] [bmv2] [D] [thread 6118] [8.0] [cxt 0] Looking up key:

[16:31:49.836] [bmv2] [D] [thread 6118] [8.0] [cxt 0] Table 'tbl_basic196': miss
[16:31:49.836] [bmv2] [D] [thread 6118] [8.0] [cxt 0] Action entry is basic196 - 
[16:31:49.836] [bmv2] [T] [thread 6118] [8.0] [cxt 0] Action basic196
[16:31:49.836] [bmv2] [T] [thread 6118] [8.0] [cxt 0] basic.p4(196) Primitive suspect_list.read(res_suspect, 0)
[16:31:49.836] [bmv2] [T] [thread 6118] [8.0] [cxt 0] Read register 'MyIngress.suspect_list' at index 0 read value 0
[16:31:49.836] [bmv2] [D] [thread 6118] [8.0] [cxt 0] Pipeline 'ingress': end
[16:31:49.836] [bmv2] [D] [thread 6118] [8.0] [cxt 0] Egress port is 0
[16:31:49.836] [bmv2] [D] [thread 6119] [8.0] [cxt 0] Pipeline 'egress': start
[16:31:49.836] [bmv2] [D] [thread 6119] [8.0] [cxt 0] Pipeline 'egress': end
[16:31:49.836] [bmv2] [D] [thread 6119] [8.0] [cxt 0] Deparser 'deparser': start
[16:31:49.836] [bmv2] [T] [thread 6119] [8.0] [cxt 0] Skipping checksum 'cksum' update because condition not met
[16:31:49.836] [bmv2] [D] [thread 6119] [8.0] [cxt 0] Deparsing header 'ethernet'
[16:31:49.836] [bmv2] [D] [thread 6119] [8.0] [cxt 0] Deparser 'deparser': end
[16:31:49.836] [bmv2] [D] [thread 6123] [8.0] [cxt 0] Transmitting packet of size 90 out of port 0
[16:31:50.064] [bmv2] [D] [thread 6118] [9.0] [cxt 0] Processing packet received on port 3
[16:31:50.064] [bmv2] [D] [thread 6118] [9.0] [cxt 0] Parser 'parser': start
[16:31:50.064] [bmv2] [D] [thread 6118] [9.0] [cxt 0] Parser 'parser' entering state 'start'
[16:31:50.064] [bmv2] [D] [thread 6118] [9.0] [cxt 0] Extracting header 'ethernet'
[16:31:50.064] [bmv2] [D] [thread 6118] [9.0] [cxt 0] Parser state 'start': key is 86dd
[16:31:50.064] [bmv2] [T] [thread 6118] [9.0] [cxt 0] Bytes parsed: 14
[16:31:50.064] [bmv2] [D] [thread 6118] [9.0] [cxt 0] Parser 'parser': end
[16:31:50.064] [bmv2] [D] [thread 6118] [9.0] [cxt 0] Pipeline 'ingress': start
[16:31:50.064] [bmv2] [T] [thread 6118] [9.0] [cxt 0] basic.p4(170) Condition "hdr.ipv4.isValid()" (node_2) is false
[16:31:50.064] [bmv2] [T] [thread 6118] [9.0] [cxt 0] basic.p4(174) Condition "hdr.removed_ip_h.isValid()" (node_4) is false
[16:31:50.064] [bmv2] [T] [thread 6118] [9.0] [cxt 0] basic.p4(185) Condition "hdr.suspect_list_h.isValid()" (node_9) is false
[16:31:50.064] [bmv2] [T] [thread 6118] [9.0] [cxt 0] Applying table 'tbl_basic192'
[16:31:50.064] [bmv2] [D] [thread 6118] [9.0] [cxt 0] Looking up key:

[16:31:50.064] [bmv2] [D] [thread 6118] [9.0] [cxt 0] Table 'tbl_basic192': miss
[16:31:50.064] [bmv2] [D] [thread 6118] [9.0] [cxt 0] Action entry is basic192 - 
[16:31:50.064] [bmv2] [T] [thread 6118] [9.0] [cxt 0] Action basic192
[16:31:50.064] [bmv2] [T] [thread 6118] [9.0] [cxt 0] basic.p4(192) Primitive hdr.ipv4.srcAddr
[16:31:50.064] [bmv2] [T] [thread 6118] [9.0] [cxt 0] basic.p4(192) Primitive hash(pos1, HashAlgorithm.crc16, (bit<8>)0, {hdr.ipv4.srcAddr}, (bit<9>)256)
[16:31:50.064] [bmv2] [T] [thread 6118] [9.0] [cxt 0] hash(base=0, max=256) = 0
[16:31:50.064] [bmv2] [T] [thread 6118] [9.0] [cxt 0] basic.p4(193) Primitive remove_suspect_list.read(res_remove_suspect, 0)
[16:31:50.064] [bmv2] [T] [thread 6118] [9.0] [cxt 0] Read register 'MyIngress.remove_suspect_list' at index 0 read value 0
[16:31:50.064] [bmv2] [T] [thread 6118] [9.0] [cxt 0] basic.p4(195) Condition "(res_remove_suspect & (bit<256>)1 << pos1) == 0" (node_12) is true
[16:31:50.064] [bmv2] [T] [thread 6118] [9.0] [cxt 0] Applying table 'tbl_basic196'
[16:31:50.064] [bmv2] [D] [thread 6118] [9.0] [cxt 0] Looking up key:

[16:31:50.064] [bmv2] [D] [thread 6118] [9.0] [cxt 0] Table 'tbl_basic196': miss
[16:31:50.064] [bmv2] [D] [thread 6118] [9.0] [cxt 0] Action entry is basic196 - 
[16:31:50.064] [bmv2] [T] [thread 6118] [9.0] [cxt 0] Action basic196
[16:31:50.064] [bmv2] [T] [thread 6118] [9.0] [cxt 0] basic.p4(196) Primitive suspect_list.read(res_suspect, 0)
[16:31:50.064] [bmv2] [T] [thread 6118] [9.0] [cxt 0] Read register 'MyIngress.suspect_list' at index 0 read value 0
[16:31:50.064] [bmv2] [D] [thread 6118] [9.0] [cxt 0] Pipeline 'ingress': end
[16:31:50.064] [bmv2] [D] [thread 6118] [9.0] [cxt 0] Egress port is 0
[16:31:50.064] [bmv2] [D] [thread 6119] [9.0] [cxt 0] Pipeline 'egress': start
[16:31:50.064] [bmv2] [D] [thread 6119] [9.0] [cxt 0] Pipeline 'egress': end
[16:31:50.064] [bmv2] [D] [thread 6119] [9.0] [cxt 0] Deparser 'deparser': start
[16:31:50.064] [bmv2] [T] [thread 6119] [9.0] [cxt 0] Skipping checksum 'cksum' update because condition not met
[16:31:50.064] [bmv2] [D] [thread 6119] [9.0] [cxt 0] Deparsing header 'ethernet'
[16:31:50.064] [bmv2] [D] [thread 6119] [9.0] [cxt 0] Deparser 'deparser': end
[16:31:50.064] [bmv2] [D] [thread 6123] [9.0] [cxt 0] Transmitting packet of size 90 out of port 0
[16:31:50.319] [bmv2] [D] [thread 6118] [10.0] [cxt 0] Processing packet received on port 2
[16:31:50.319] [bmv2] [D] [thread 6118] [10.0] [cxt 0] Parser 'parser': start
[16:31:50.319] [bmv2] [D] [thread 6118] [10.0] [cxt 0] Parser 'parser' entering state 'start'
[16:31:50.319] [bmv2] [D] [thread 6118] [10.0] [cxt 0] Extracting header 'ethernet'
[16:31:50.319] [bmv2] [D] [thread 6118] [10.0] [cxt 0] Parser state 'start': key is 86dd
[16:31:50.319] [bmv2] [T] [thread 6118] [10.0] [cxt 0] Bytes parsed: 14
[16:31:50.319] [bmv2] [D] [thread 6118] [10.0] [cxt 0] Parser 'parser': end
[16:31:50.319] [bmv2] [D] [thread 6118] [10.0] [cxt 0] Pipeline 'ingress': start
[16:31:50.319] [bmv2] [T] [thread 6118] [10.0] [cxt 0] basic.p4(170) Condition "hdr.ipv4.isValid()" (node_2) is false
[16:31:50.319] [bmv2] [T] [thread 6118] [10.0] [cxt 0] basic.p4(174) Condition "hdr.removed_ip_h.isValid()" (node_4) is false
[16:31:50.319] [bmv2] [T] [thread 6118] [10.0] [cxt 0] basic.p4(185) Condition "hdr.suspect_list_h.isValid()" (node_9) is false
[16:31:50.319] [bmv2] [T] [thread 6118] [10.0] [cxt 0] Applying table 'tbl_basic192'
[16:31:50.319] [bmv2] [D] [thread 6118] [10.0] [cxt 0] Looking up key:

[16:31:50.319] [bmv2] [D] [thread 6118] [10.0] [cxt 0] Table 'tbl_basic192': miss
[16:31:50.319] [bmv2] [D] [thread 6118] [10.0] [cxt 0] Action entry is basic192 - 
[16:31:50.319] [bmv2] [T] [thread 6118] [10.0] [cxt 0] Action basic192
[16:31:50.319] [bmv2] [T] [thread 6118] [10.0] [cxt 0] basic.p4(192) Primitive hdr.ipv4.srcAddr
[16:31:50.319] [bmv2] [T] [thread 6118] [10.0] [cxt 0] basic.p4(192) Primitive hash(pos1, HashAlgorithm.crc16, (bit<8>)0, {hdr.ipv4.srcAddr}, (bit<9>)256)
[16:31:50.319] [bmv2] [T] [thread 6118] [10.0] [cxt 0] hash(base=0, max=256) = 0
[16:31:50.319] [bmv2] [T] [thread 6118] [10.0] [cxt 0] basic.p4(193) Primitive remove_suspect_list.read(res_remove_suspect, 0)
[16:31:50.319] [bmv2] [T] [thread 6118] [10.0] [cxt 0] Read register 'MyIngress.remove_suspect_list' at index 0 read value 0
[16:31:50.320] [bmv2] [T] [thread 6118] [10.0] [cxt 0] basic.p4(195) Condition "(res_remove_suspect & (bit<256>)1 << pos1) == 0" (node_12) is true
[16:31:50.320] [bmv2] [T] [thread 6118] [10.0] [cxt 0] Applying table 'tbl_basic196'
[16:31:50.320] [bmv2] [D] [thread 6118] [10.0] [cxt 0] Looking up key:

[16:31:50.320] [bmv2] [D] [thread 6118] [10.0] [cxt 0] Table 'tbl_basic196': miss
[16:31:50.320] [bmv2] [D] [thread 6118] [10.0] [cxt 0] Action entry is basic196 - 
[16:31:50.320] [bmv2] [T] [thread 6118] [10.0] [cxt 0] Action basic196
[16:31:50.320] [bmv2] [T] [thread 6118] [10.0] [cxt 0] basic.p4(196) Primitive suspect_list.read(res_suspect, 0)
[16:31:50.320] [bmv2] [T] [thread 6118] [10.0] [cxt 0] Read register 'MyIngress.suspect_list' at index 0 read value 0
[16:31:50.320] [bmv2] [D] [thread 6118] [10.0] [cxt 0] Pipeline 'ingress': end
[16:31:50.320] [bmv2] [D] [thread 6118] [10.0] [cxt 0] Egress port is 0
[16:31:50.320] [bmv2] [D] [thread 6119] [10.0] [cxt 0] Pipeline 'egress': start
[16:31:50.320] [bmv2] [D] [thread 6119] [10.0] [cxt 0] Pipeline 'egress': end
[16:31:50.320] [bmv2] [D] [thread 6119] [10.0] [cxt 0] Deparser 'deparser': start
[16:31:50.320] [bmv2] [T] [thread 6119] [10.0] [cxt 0] Skipping checksum 'cksum' update because condition not met
[16:31:50.320] [bmv2] [D] [thread 6119] [10.0] [cxt 0] Deparsing header 'ethernet'
[16:31:50.320] [bmv2] [D] [thread 6119] [10.0] [cxt 0] Deparser 'deparser': end
[16:31:50.320] [bmv2] [D] [thread 6123] [10.0] [cxt 0] Transmitting packet of size 90 out of port 0
[16:31:51.888] [bmv2] [W] [thread 6199] [P4Runtime] p4::tmp::P4DeviceConfig is deprecated
[16:31:51.890] [bmv2] [D] [thread 6199] Set default default entry for table 'MyIngress.ipv4_lpm': NoAction - 
[16:31:51.890] [bmv2] [D] [thread 6199] Set default default entry for table 'tbl_removeSuspect': MyIngress.removeSuspect - 
[16:31:51.890] [bmv2] [D] [thread 6199] Set default default entry for table 'tbl_basic177': basic177 - 
[16:31:51.890] [bmv2] [D] [thread 6199] Set default default entry for table 'tbl_basic180': basic180 - 
[16:31:51.890] [bmv2] [D] [thread 6199] Set default default entry for table 'tbl_addSuspect': MyIngress.addSuspect - 
[16:31:51.890] [bmv2] [D] [thread 6199] Set default default entry for table 'tbl_basic192': basic192 - 
[16:31:51.890] [bmv2] [D] [thread 6199] Set default default entry for table 'tbl_basic196': basic196 - 
[16:31:51.893] [bmv2] [D] [thread 6199] simple_switch target has been notified of a config swap
[16:31:51.896] [bmv2] [D] [thread 6200] Set default entry for table 'MyIngress.ipv4_lpm': MyIngress.drop - 
[16:31:51.899] [bmv2] [D] [thread 6199] Entry 0 added to table 'MyIngress.ipv4_lpm'
[16:31:51.899] [bmv2] [D] [thread 6199] Dumping entry 0
Match key:
* hdr.ipv4.dstAddr    : LPM       0a000101/32
Action entry: MyIngress.ipv4_forward - 80000000300,3,

[16:31:51.901] [bmv2] [D] [thread 6200] Entry 1 added to table 'MyIngress.ipv4_lpm'
[16:31:51.901] [bmv2] [D] [thread 6200] Dumping entry 1
Match key:
* hdr.ipv4.dstAddr    : LPM       0a000202/32
Action entry: MyIngress.ipv4_forward - 80000000400,2,

[16:31:51.903] [bmv2] [D] [thread 6199] Entry 2 added to table 'MyIngress.ipv4_lpm'
[16:31:51.903] [bmv2] [D] [thread 6199] Dumping entry 2
Match key:
* hdr.ipv4.dstAddr    : LPM       0a000303/32
Action entry: MyIngress.ipv4_forward - 80000000333,3,

[16:31:51.905] [bmv2] [D] [thread 6200] Entry 3 added to table 'MyIngress.ipv4_lpm'
[16:31:51.905] [bmv2] [D] [thread 6200] Dumping entry 3
Match key:
* hdr.ipv4.dstAddr    : LPM       0a000404/32
Action entry: MyIngress.ipv4_forward - 80000000444,3,

[16:31:53.936] [bmv2] [D] [thread 6118] [11.0] [cxt 0] Processing packet received on port 2
[16:31:53.936] [bmv2] [D] [thread 6118] [11.0] [cxt 0] Parser 'parser': start
[16:31:53.936] [bmv2] [D] [thread 6118] [11.0] [cxt 0] Parser 'parser' entering state 'start'
[16:31:53.936] [bmv2] [D] [thread 6118] [11.0] [cxt 0] Extracting header 'ethernet'
[16:31:53.936] [bmv2] [D] [thread 6118] [11.0] [cxt 0] Parser state 'start': key is 86dd
[16:31:53.936] [bmv2] [T] [thread 6118] [11.0] [cxt 0] Bytes parsed: 14
[16:31:53.936] [bmv2] [D] [thread 6118] [11.0] [cxt 0] Parser 'parser': end
[16:31:53.936] [bmv2] [D] [thread 6118] [11.0] [cxt 0] Pipeline 'ingress': start
[16:31:53.936] [bmv2] [T] [thread 6118] [11.0] [cxt 0] basic.p4(170) Condition "hdr.ipv4.isValid()" (node_2) is false
[16:31:53.936] [bmv2] [T] [thread 6118] [11.0] [cxt 0] basic.p4(174) Condition "hdr.removed_ip_h.isValid()" (node_4) is false
[16:31:53.936] [bmv2] [T] [thread 6118] [11.0] [cxt 0] basic.p4(185) Condition "hdr.suspect_list_h.isValid()" (node_9) is false
[16:31:53.936] [bmv2] [T] [thread 6118] [11.0] [cxt 0] Applying table 'tbl_basic192'
[16:31:53.936] [bmv2] [D] [thread 6118] [11.0] [cxt 0] Looking up key:

[16:31:53.936] [bmv2] [D] [thread 6118] [11.0] [cxt 0] Table 'tbl_basic192': miss
[16:31:53.936] [bmv2] [D] [thread 6118] [11.0] [cxt 0] Action entry is basic192 - 
[16:31:53.936] [bmv2] [T] [thread 6118] [11.0] [cxt 0] Action basic192
[16:31:53.936] [bmv2] [T] [thread 6118] [11.0] [cxt 0] basic.p4(192) Primitive hdr.ipv4.srcAddr
[16:31:53.936] [bmv2] [T] [thread 6118] [11.0] [cxt 0] basic.p4(192) Primitive hash(pos1, HashAlgorithm.crc16, (bit<8>)0, {hdr.ipv4.srcAddr}, (bit<9>)256)
[16:31:53.936] [bmv2] [T] [thread 6118] [11.0] [cxt 0] hash(base=0, max=256) = 0
[16:31:53.937] [bmv2] [T] [thread 6118] [11.0] [cxt 0] basic.p4(193) Primitive remove_suspect_list.read(res_remove_suspect, 0)
[16:31:53.937] [bmv2] [T] [thread 6118] [11.0] [cxt 0] Read register 'MyIngress.remove_suspect_list' at index 0 read value 0
[16:31:53.937] [bmv2] [T] [thread 6118] [11.0] [cxt 0] basic.p4(195) Condition "(res_remove_suspect & (bit<256>)1 << pos1) == 0" (node_12) is true
[16:31:53.937] [bmv2] [T] [thread 6118] [11.0] [cxt 0] Applying table 'tbl_basic196'
[16:31:53.937] [bmv2] [D] [thread 6118] [11.0] [cxt 0] Looking up key:

[16:31:53.937] [bmv2] [D] [thread 6118] [11.0] [cxt 0] Table 'tbl_basic196': miss
[16:31:53.937] [bmv2] [D] [thread 6118] [11.0] [cxt 0] Action entry is basic196 - 
[16:31:53.937] [bmv2] [T] [thread 6118] [11.0] [cxt 0] Action basic196
[16:31:53.937] [bmv2] [T] [thread 6118] [11.0] [cxt 0] basic.p4(196) Primitive suspect_list.read(res_suspect, 0)
[16:31:53.937] [bmv2] [T] [thread 6118] [11.0] [cxt 0] Read register 'MyIngress.suspect_list' at index 0 read value 0
[16:31:53.937] [bmv2] [D] [thread 6118] [11.0] [cxt 0] Pipeline 'ingress': end
[16:31:53.937] [bmv2] [D] [thread 6118] [11.0] [cxt 0] Egress port is 0
[16:31:53.937] [bmv2] [D] [thread 6119] [11.0] [cxt 0] Pipeline 'egress': start
[16:31:53.937] [bmv2] [D] [thread 6119] [11.0] [cxt 0] Pipeline 'egress': end
[16:31:53.937] [bmv2] [D] [thread 6119] [11.0] [cxt 0] Deparser 'deparser': start
[16:31:53.937] [bmv2] [T] [thread 6119] [11.0] [cxt 0] Skipping checksum 'cksum' update because condition not met
[16:31:53.937] [bmv2] [D] [thread 6119] [11.0] [cxt 0] Deparsing header 'ethernet'
[16:31:53.937] [bmv2] [D] [thread 6119] [11.0] [cxt 0] Deparser 'deparser': end
[16:31:53.937] [bmv2] [D] [thread 6123] [11.0] [cxt 0] Transmitting packet of size 70 out of port 0
[16:31:53.937] [bmv2] [D] [thread 6118] [12.0] [cxt 0] Processing packet received on port 3
[16:31:53.937] [bmv2] [D] [thread 6118] [12.0] [cxt 0] Parser 'parser': start
[16:31:53.937] [bmv2] [D] [thread 6118] [12.0] [cxt 0] Parser 'parser' entering state 'start'
[16:31:53.937] [bmv2] [D] [thread 6118] [12.0] [cxt 0] Extracting header 'ethernet'
[16:31:53.937] [bmv2] [D] [thread 6118] [12.0] [cxt 0] Parser state 'start': key is 86dd
[16:31:53.937] [bmv2] [T] [thread 6118] [12.0] [cxt 0] Bytes parsed: 14
[16:31:53.937] [bmv2] [D] [thread 6118] [12.0] [cxt 0] Parser 'parser': end
[16:31:53.937] [bmv2] [D] [thread 6118] [12.0] [cxt 0] Pipeline 'ingress': start
[16:31:53.937] [bmv2] [T] [thread 6118] [12.0] [cxt 0] basic.p4(170) Condition "hdr.ipv4.isValid()" (node_2) is false
[16:31:53.937] [bmv2] [T] [thread 6118] [12.0] [cxt 0] basic.p4(174) Condition "hdr.removed_ip_h.isValid()" (node_4) is false
[16:31:53.937] [bmv2] [T] [thread 6118] [12.0] [cxt 0] basic.p4(185) Condition "hdr.suspect_list_h.isValid()" (node_9) is false
[16:31:53.937] [bmv2] [T] [thread 6118] [12.0] [cxt 0] Applying table 'tbl_basic192'
[16:31:53.937] [bmv2] [D] [thread 6118] [12.0] [cxt 0] Looking up key:

[16:31:53.937] [bmv2] [D] [thread 6118] [12.0] [cxt 0] Table 'tbl_basic192': miss
[16:31:53.938] [bmv2] [D] [thread 6118] [12.0] [cxt 0] Action entry is basic192 - 
[16:31:53.938] [bmv2] [T] [thread 6118] [12.0] [cxt 0] Action basic192
[16:31:53.938] [bmv2] [T] [thread 6118] [12.0] [cxt 0] basic.p4(192) Primitive hdr.ipv4.srcAddr
[16:31:53.938] [bmv2] [T] [thread 6118] [12.0] [cxt 0] basic.p4(192) Primitive hash(pos1, HashAlgorithm.crc16, (bit<8>)0, {hdr.ipv4.srcAddr}, (bit<9>)256)
[16:31:53.938] [bmv2] [T] [thread 6118] [12.0] [cxt 0] hash(base=0, max=256) = 0
[16:31:53.938] [bmv2] [T] [thread 6118] [12.0] [cxt 0] basic.p4(193) Primitive remove_suspect_list.read(res_remove_suspect, 0)
[16:31:53.938] [bmv2] [T] [thread 6118] [12.0] [cxt 0] Read register 'MyIngress.remove_suspect_list' at index 0 read value 0
[16:31:53.938] [bmv2] [T] [thread 6118] [12.0] [cxt 0] basic.p4(195) Condition "(res_remove_suspect & (bit<256>)1 << pos1) == 0" (node_12) is true
[16:31:53.938] [bmv2] [T] [thread 6118] [12.0] [cxt 0] Applying table 'tbl_basic196'
[16:31:53.938] [bmv2] [D] [thread 6118] [12.0] [cxt 0] Looking up key:

[16:31:53.938] [bmv2] [D] [thread 6118] [12.0] [cxt 0] Table 'tbl_basic196': miss
[16:31:53.938] [bmv2] [D] [thread 6118] [12.0] [cxt 0] Action entry is basic196 - 
[16:31:53.938] [bmv2] [T] [thread 6118] [12.0] [cxt 0] Action basic196
[16:31:53.938] [bmv2] [T] [thread 6118] [12.0] [cxt 0] basic.p4(196) Primitive suspect_list.read(res_suspect, 0)
[16:31:53.938] [bmv2] [T] [thread 6118] [12.0] [cxt 0] Read register 'MyIngress.suspect_list' at index 0 read value 0
[16:31:53.938] [bmv2] [D] [thread 6118] [12.0] [cxt 0] Pipeline 'ingress': end
[16:31:53.938] [bmv2] [D] [thread 6118] [12.0] [cxt 0] Egress port is 0
[16:31:53.938] [bmv2] [D] [thread 6119] [12.0] [cxt 0] Pipeline 'egress': start
[16:31:53.938] [bmv2] [D] [thread 6119] [12.0] [cxt 0] Pipeline 'egress': end
[16:31:53.938] [bmv2] [D] [thread 6119] [12.0] [cxt 0] Deparser 'deparser': start
[16:31:53.938] [bmv2] [T] [thread 6119] [12.0] [cxt 0] Skipping checksum 'cksum' update because condition not met
[16:31:53.938] [bmv2] [D] [thread 6119] [12.0] [cxt 0] Deparsing header 'ethernet'
[16:31:53.938] [bmv2] [D] [thread 6119] [12.0] [cxt 0] Deparser 'deparser': end
[16:31:53.938] [bmv2] [D] [thread 6123] [12.0] [cxt 0] Transmitting packet of size 70 out of port 0
[16:31:54.196] [bmv2] [D] [thread 6118] [13.0] [cxt 0] Processing packet received on port 3
[16:31:54.196] [bmv2] [D] [thread 6118] [13.0] [cxt 0] Parser 'parser': start
[16:31:54.196] [bmv2] [D] [thread 6118] [13.0] [cxt 0] Parser 'parser' entering state 'start'
[16:31:54.196] [bmv2] [D] [thread 6118] [13.0] [cxt 0] Extracting header 'ethernet'
[16:31:54.196] [bmv2] [D] [thread 6118] [13.0] [cxt 0] Parser state 'start': key is 86dd
[16:31:54.196] [bmv2] [T] [thread 6118] [13.0] [cxt 0] Bytes parsed: 14
[16:31:54.196] [bmv2] [D] [thread 6118] [13.0] [cxt 0] Parser 'parser': end
[16:31:54.196] [bmv2] [D] [thread 6118] [13.0] [cxt 0] Pipeline 'ingress': start
[16:31:54.196] [bmv2] [T] [thread 6118] [13.0] [cxt 0] basic.p4(170) Condition "hdr.ipv4.isValid()" (node_2) is false
[16:31:54.196] [bmv2] [T] [thread 6118] [13.0] [cxt 0] basic.p4(174) Condition "hdr.removed_ip_h.isValid()" (node_4) is false
[16:31:54.196] [bmv2] [T] [thread 6118] [13.0] [cxt 0] basic.p4(185) Condition "hdr.suspect_list_h.isValid()" (node_9) is false
[16:31:54.196] [bmv2] [T] [thread 6118] [13.0] [cxt 0] Applying table 'tbl_basic192'
[16:31:54.196] [bmv2] [D] [thread 6118] [13.0] [cxt 0] Looking up key:

[16:31:54.196] [bmv2] [D] [thread 6118] [13.0] [cxt 0] Table 'tbl_basic192': miss
[16:31:54.196] [bmv2] [D] [thread 6118] [13.0] [cxt 0] Action entry is basic192 - 
[16:31:54.196] [bmv2] [T] [thread 6118] [13.0] [cxt 0] Action basic192
[16:31:54.196] [bmv2] [T] [thread 6118] [13.0] [cxt 0] basic.p4(192) Primitive hdr.ipv4.srcAddr
[16:31:54.196] [bmv2] [T] [thread 6118] [13.0] [cxt 0] basic.p4(192) Primitive hash(pos1, HashAlgorithm.crc16, (bit<8>)0, {hdr.ipv4.srcAddr}, (bit<9>)256)
[16:31:54.196] [bmv2] [T] [thread 6118] [13.0] [cxt 0] hash(base=0, max=256) = 0
[16:31:54.196] [bmv2] [T] [thread 6118] [13.0] [cxt 0] basic.p4(193) Primitive remove_suspect_list.read(res_remove_suspect, 0)
[16:31:54.196] [bmv2] [T] [thread 6118] [13.0] [cxt 0] Read register 'MyIngress.remove_suspect_list' at index 0 read value 0
[16:31:54.196] [bmv2] [T] [thread 6118] [13.0] [cxt 0] basic.p4(195) Condition "(res_remove_suspect & (bit<256>)1 << pos1) == 0" (node_12) is true
[16:31:54.196] [bmv2] [T] [thread 6118] [13.0] [cxt 0] Applying table 'tbl_basic196'
[16:31:54.196] [bmv2] [D] [thread 6118] [13.0] [cxt 0] Looking up key:

[16:31:54.196] [bmv2] [D] [thread 6118] [13.0] [cxt 0] Table 'tbl_basic196': miss
[16:31:54.196] [bmv2] [D] [thread 6118] [13.0] [cxt 0] Action entry is basic196 - 
[16:31:54.196] [bmv2] [T] [thread 6118] [13.0] [cxt 0] Action basic196
[16:31:54.196] [bmv2] [T] [thread 6118] [13.0] [cxt 0] basic.p4(196) Primitive suspect_list.read(res_suspect, 0)
[16:31:54.196] [bmv2] [T] [thread 6118] [13.0] [cxt 0] Read register 'MyIngress.suspect_list' at index 0 read value 0
[16:31:54.196] [bmv2] [D] [thread 6118] [13.0] [cxt 0] Pipeline 'ingress': end
[16:31:54.196] [bmv2] [D] [thread 6118] [13.0] [cxt 0] Egress port is 0
[16:31:54.196] [bmv2] [D] [thread 6119] [13.0] [cxt 0] Pipeline 'egress': start
[16:31:54.196] [bmv2] [D] [thread 6119] [13.0] [cxt 0] Pipeline 'egress': end
[16:31:54.196] [bmv2] [D] [thread 6119] [13.0] [cxt 0] Deparser 'deparser': start
[16:31:54.196] [bmv2] [T] [thread 6119] [13.0] [cxt 0] Skipping checksum 'cksum' update because condition not met
[16:31:54.196] [bmv2] [D] [thread 6119] [13.0] [cxt 0] Deparsing header 'ethernet'
[16:31:54.196] [bmv2] [D] [thread 6119] [13.0] [cxt 0] Deparser 'deparser': end
[16:31:54.196] [bmv2] [D] [thread 6123] [13.0] [cxt 0] Transmitting packet of size 70 out of port 0
open: No such file or directory
open: No such file or directory
