Calling target program-options parser
[16:31:49.771] [bmv2] [D] [thread 6144] Set default default entry for table 'MyIngress.ipv4_lpm': NoAction - 
[16:31:49.771] [bmv2] [D] [thread 6144] Set default default entry for table 'tbl_removeSuspect': MyIngress.removeSuspect - 
[16:31:49.771] [bmv2] [D] [thread 6144] Set default default entry for table 'tbl_basic177': basic177 - 
[16:31:49.771] [bmv2] [D] [thread 6144] Set default default entry for table 'tbl_basic180': basic180 - 
[16:31:49.771] [bmv2] [D] [thread 6144] Set default default entry for table 'tbl_addSuspect': MyIngress.addSuspect - 
[16:31:49.771] [bmv2] [D] [thread 6144] Set default default entry for table 'tbl_basic192': basic192 - 
[16:31:49.771] [bmv2] [D] [thread 6144] Set default default entry for table 'tbl_basic196': basic196 - 
Adding interface s4-eth1 as port 1
[16:31:49.772] [bmv2] [D] [thread 6144] Adding interface s4-eth1 as port 1
Adding interface s4-eth2 as port 2
[16:31:49.804] [bmv2] [D] [thread 6144] Adding interface s4-eth2 as port 2
Adding interface s4-eth4 as port 4
[16:31:49.832] [bmv2] [D] [thread 6144] Adding interface s4-eth4 as port 4
Server listening on 0.0.0.0:50054
[16:31:49.865] [bmv2] [I] [thread 6144] Starting Thrift server on port 9093
[16:31:49.865] [bmv2] [I] [thread 6144] Thrift server was started
[16:31:49.873] [bmv2] [D] [thread 6154] [0.0] [cxt 0] Processing packet received on port 2
[16:31:49.873] [bmv2] [D] [thread 6154] [0.0] [cxt 0] Parser 'parser': start
[16:31:49.873] [bmv2] [D] [thread 6154] [0.0] [cxt 0] Parser 'parser' entering state 'start'
[16:31:49.873] [bmv2] [D] [thread 6154] [0.0] [cxt 0] Extracting header 'ethernet'
[16:31:49.873] [bmv2] [D] [thread 6154] [0.0] [cxt 0] Parser state 'start': key is 86dd
[16:31:49.873] [bmv2] [T] [thread 6154] [0.0] [cxt 0] Bytes parsed: 14
[16:31:49.873] [bmv2] [D] [thread 6154] [0.0] [cxt 0] Parser 'parser': end
[16:31:49.873] [bmv2] [D] [thread 6154] [0.0] [cxt 0] Pipeline 'ingress': start
[16:31:49.873] [bmv2] [T] [thread 6154] [0.0] [cxt 0] basic.p4(170) Condition "hdr.ipv4.isValid()" (node_2) is false
[16:31:49.873] [bmv2] [T] [thread 6154] [0.0] [cxt 0] basic.p4(174) Condition "hdr.removed_ip_h.isValid()" (node_4) is false
[16:31:49.873] [bmv2] [T] [thread 6154] [0.0] [cxt 0] basic.p4(185) Condition "hdr.suspect_list_h.isValid()" (node_9) is false
[16:31:49.873] [bmv2] [T] [thread 6154] [0.0] [cxt 0] Applying table 'tbl_basic192'
[16:31:49.873] [bmv2] [D] [thread 6154] [0.0] [cxt 0] Looking up key:

[16:31:49.873] [bmv2] [D] [thread 6154] [0.0] [cxt 0] Table 'tbl_basic192': miss
[16:31:49.873] [bmv2] [D] [thread 6154] [0.0] [cxt 0] Action entry is basic192 - 
[16:31:49.873] [bmv2] [T] [thread 6154] [0.0] [cxt 0] Action basic192
[16:31:49.873] [bmv2] [T] [thread 6154] [0.0] [cxt 0] basic.p4(192) Primitive hdr.ipv4.srcAddr
[16:31:49.873] [bmv2] [T] [thread 6154] [0.0] [cxt 0] basic.p4(192) Primitive hash(pos1, HashAlgorithm.crc16, (bit<8>)0, {hdr.ipv4.srcAddr}, (bit<9>)256)
[16:31:49.873] [bmv2] [T] [thread 6154] [0.0] [cxt 0] hash(base=0, max=256) = 0
[16:31:49.873] [bmv2] [T] [thread 6154] [0.0] [cxt 0] basic.p4(193) Primitive remove_suspect_list.read(res_remove_suspect, 0)
[16:31:49.873] [bmv2] [T] [thread 6154] [0.0] [cxt 0] Read register 'MyIngress.remove_suspect_list' at index 0 read value 0
[16:31:49.873] [bmv2] [T] [thread 6154] [0.0] [cxt 0] basic.p4(195) Condition "(res_remove_suspect & (bit<256>)1 << pos1) == 0" (node_12) is true
[16:31:49.873] [bmv2] [T] [thread 6154] [0.0] [cxt 0] Applying table 'tbl_basic196'
[16:31:49.873] [bmv2] [D] [thread 6154] [0.0] [cxt 0] Looking up key:

[16:31:49.873] [bmv2] [D] [thread 6154] [0.0] [cxt 0] Table 'tbl_basic196': miss
[16:31:49.873] [bmv2] [D] [thread 6154] [0.0] [cxt 0] Action entry is basic196 - 
[16:31:49.873] [bmv2] [T] [thread 6154] [0.0] [cxt 0] Action basic196
[16:31:49.873] [bmv2] [T] [thread 6154] [0.0] [cxt 0] basic.p4(196) Primitive suspect_list.read(res_suspect, 0)
[16:31:49.873] [bmv2] [T] [thread 6154] [0.0] [cxt 0] Read register 'MyIngress.suspect_list' at index 0 read value 0
[16:31:49.873] [bmv2] [D] [thread 6154] [0.0] [cxt 0] Pipeline 'ingress': end
[16:31:49.873] [bmv2] [D] [thread 6154] [0.0] [cxt 0] Egress port is 0
[16:31:49.873] [bmv2] [D] [thread 6154] [1.0] [cxt 0] Processing packet received on port 2
[16:31:49.873] [bmv2] [D] [thread 6154] [1.0] [cxt 0] Parser 'parser': start
[16:31:49.873] [bmv2] [D] [thread 6154] [1.0] [cxt 0] Parser 'parser' entering state 'start'
[16:31:49.873] [bmv2] [D] [thread 6154] [1.0] [cxt 0] Extracting header 'ethernet'
[16:31:49.873] [bmv2] [D] [thread 6154] [1.0] [cxt 0] Parser state 'start': key is 86dd
[16:31:49.873] [bmv2] [T] [thread 6154] [1.0] [cxt 0] Bytes parsed: 14
[16:31:49.873] [bmv2] [D] [thread 6154] [1.0] [cxt 0] Parser 'parser': end
[16:31:49.873] [bmv2] [D] [thread 6154] [1.0] [cxt 0] Pipeline 'ingress': start
[16:31:49.873] [bmv2] [T] [thread 6154] [1.0] [cxt 0] basic.p4(170) Condition "hdr.ipv4.isValid()" (node_2) is false
[16:31:49.873] [bmv2] [T] [thread 6154] [1.0] [cxt 0] basic.p4(174) Condition "hdr.removed_ip_h.isValid()" (node_4) is false
[16:31:49.873] [bmv2] [T] [thread 6154] [1.0] [cxt 0] basic.p4(185) Condition "hdr.suspect_list_h.isValid()" (node_9) is false
[16:31:49.873] [bmv2] [T] [thread 6154] [1.0] [cxt 0] Applying table 'tbl_basic192'
[16:31:49.873] [bmv2] [D] [thread 6154] [1.0] [cxt 0] Looking up key:

[16:31:49.873] [bmv2] [D] [thread 6154] [1.0] [cxt 0] Table 'tbl_basic192': miss
[16:31:49.873] [bmv2] [D] [thread 6154] [1.0] [cxt 0] Action entry is basic192 - 
[16:31:49.873] [bmv2] [T] [thread 6154] [1.0] [cxt 0] Action basic192
[16:31:49.873] [bmv2] [T] [thread 6154] [1.0] [cxt 0] basic.p4(192) Primitive hdr.ipv4.srcAddr
[16:31:49.873] [bmv2] [T] [thread 6154] [1.0] [cxt 0] basic.p4(192) Primitive hash(pos1, HashAlgorithm.crc16, (bit<8>)0, {hdr.ipv4.srcAddr}, (bit<9>)256)
[16:31:49.873] [bmv2] [T] [thread 6154] [1.0] [cxt 0] hash(base=0, max=256) = 0
[16:31:49.873] [bmv2] [T] [thread 6154] [1.0] [cxt 0] basic.p4(193) Primitive remove_suspect_list.read(res_remove_suspect, 0)
[16:31:49.873] [bmv2] [T] [thread 6154] [1.0] [cxt 0] Read register 'MyIngress.remove_suspect_list' at index 0 read value 0
[16:31:49.873] [bmv2] [T] [thread 6154] [1.0] [cxt 0] basic.p4(195) Condition "(res_remove_suspect & (bit<256>)1 << pos1) == 0" (node_12) is true
[16:31:49.873] [bmv2] [T] [thread 6154] [1.0] [cxt 0] Applying table 'tbl_basic196'
[16:31:49.873] [bmv2] [D] [thread 6154] [1.0] [cxt 0] Looking up key:

[16:31:49.873] [bmv2] [D] [thread 6154] [1.0] [cxt 0] Table 'tbl_basic196': miss
[16:31:49.873] [bmv2] [D] [thread 6154] [1.0] [cxt 0] Action entry is basic196 - 
[16:31:49.873] [bmv2] [T] [thread 6154] [1.0] [cxt 0] Action basic196
[16:31:49.873] [bmv2] [T] [thread 6154] [1.0] [cxt 0] basic.p4(196) Primitive suspect_list.read(res_suspect, 0)
[16:31:49.873] [bmv2] [T] [thread 6154] [1.0] [cxt 0] Read register 'MyIngress.suspect_list' at index 0 read value 0
[16:31:49.873] [bmv2] [D] [thread 6154] [1.0] [cxt 0] Pipeline 'ingress': end
[16:31:49.873] [bmv2] [D] [thread 6154] [1.0] [cxt 0] Egress port is 0
[16:31:49.873] [bmv2] [D] [thread 6155] [0.0] [cxt 0] Pipeline 'egress': start
[16:31:49.873] [bmv2] [D] [thread 6155] [0.0] [cxt 0] Pipeline 'egress': end
[16:31:49.873] [bmv2] [D] [thread 6155] [0.0] [cxt 0] Deparser 'deparser': start
[16:31:49.873] [bmv2] [T] [thread 6155] [0.0] [cxt 0] Skipping checksum 'cksum' update because condition not met
[16:31:49.873] [bmv2] [D] [thread 6155] [0.0] [cxt 0] Deparsing header 'ethernet'
[16:31:49.873] [bmv2] [D] [thread 6155] [0.0] [cxt 0] Deparser 'deparser': end
[16:31:49.873] [bmv2] [D] [thread 6155] [1.0] [cxt 0] Pipeline 'egress': start
[16:31:49.873] [bmv2] [D] [thread 6155] [1.0] [cxt 0] Pipeline 'egress': end
[16:31:49.873] [bmv2] [D] [thread 6155] [1.0] [cxt 0] Deparser 'deparser': start
[16:31:49.873] [bmv2] [T] [thread 6155] [1.0] [cxt 0] Skipping checksum 'cksum' update because condition not met
[16:31:49.873] [bmv2] [D] [thread 6155] [1.0] [cxt 0] Deparsing header 'ethernet'
[16:31:49.873] [bmv2] [D] [thread 6155] [1.0] [cxt 0] Deparser 'deparser': end
[16:31:49.875] [bmv2] [D] [thread 6159] [0.0] [cxt 0] Transmitting packet of size 90 out of port 0
[16:31:49.875] [bmv2] [D] [thread 6159] [1.0] [cxt 0] Transmitting packet of size 70 out of port 0
[16:31:50.010] [bmv2] [D] [thread 6154] [2.0] [cxt 0] Processing packet received on port 1
[16:31:50.010] [bmv2] [D] [thread 6154] [2.0] [cxt 0] Parser 'parser': start
[16:31:50.010] [bmv2] [D] [thread 6154] [2.0] [cxt 0] Parser 'parser' entering state 'start'
[16:31:50.010] [bmv2] [D] [thread 6154] [2.0] [cxt 0] Extracting header 'ethernet'
[16:31:50.010] [bmv2] [D] [thread 6154] [2.0] [cxt 0] Parser state 'start': key is 86dd
[16:31:50.010] [bmv2] [T] [thread 6154] [2.0] [cxt 0] Bytes parsed: 14
[16:31:50.010] [bmv2] [D] [thread 6154] [2.0] [cxt 0] Parser 'parser': end
[16:31:50.010] [bmv2] [D] [thread 6154] [2.0] [cxt 0] Pipeline 'ingress': start
[16:31:50.010] [bmv2] [T] [thread 6154] [2.0] [cxt 0] basic.p4(170) Condition "hdr.ipv4.isValid()" (node_2) is false
[16:31:50.010] [bmv2] [T] [thread 6154] [2.0] [cxt 0] basic.p4(174) Condition "hdr.removed_ip_h.isValid()" (node_4) is false
[16:31:50.010] [bmv2] [T] [thread 6154] [2.0] [cxt 0] basic.p4(185) Condition "hdr.suspect_list_h.isValid()" (node_9) is false
[16:31:50.010] [bmv2] [T] [thread 6154] [2.0] [cxt 0] Applying table 'tbl_basic192'
[16:31:50.010] [bmv2] [D] [thread 6154] [2.0] [cxt 0] Looking up key:

[16:31:50.010] [bmv2] [D] [thread 6154] [2.0] [cxt 0] Table 'tbl_basic192': miss
[16:31:50.010] [bmv2] [D] [thread 6154] [2.0] [cxt 0] Action entry is basic192 - 
[16:31:50.010] [bmv2] [T] [thread 6154] [2.0] [cxt 0] Action basic192
[16:31:50.010] [bmv2] [T] [thread 6154] [2.0] [cxt 0] basic.p4(192) Primitive hdr.ipv4.srcAddr
[16:31:50.010] [bmv2] [T] [thread 6154] [2.0] [cxt 0] basic.p4(192) Primitive hash(pos1, HashAlgorithm.crc16, (bit<8>)0, {hdr.ipv4.srcAddr}, (bit<9>)256)
[16:31:50.010] [bmv2] [T] [thread 6154] [2.0] [cxt 0] hash(base=0, max=256) = 0
[16:31:50.010] [bmv2] [T] [thread 6154] [2.0] [cxt 0] basic.p4(193) Primitive remove_suspect_list.read(res_remove_suspect, 0)
[16:31:50.010] [bmv2] [T] [thread 6154] [2.0] [cxt 0] Read register 'MyIngress.remove_suspect_list' at index 0 read value 0
[16:31:50.010] [bmv2] [T] [thread 6154] [2.0] [cxt 0] basic.p4(195) Condition "(res_remove_suspect & (bit<256>)1 << pos1) == 0" (node_12) is true
[16:31:50.010] [bmv2] [T] [thread 6154] [2.0] [cxt 0] Applying table 'tbl_basic196'
[16:31:50.010] [bmv2] [D] [thread 6154] [2.0] [cxt 0] Looking up key:

[16:31:50.010] [bmv2] [D] [thread 6154] [2.0] [cxt 0] Table 'tbl_basic196': miss
[16:31:50.010] [bmv2] [D] [thread 6154] [2.0] [cxt 0] Action entry is basic196 - 
[16:31:50.010] [bmv2] [T] [thread 6154] [2.0] [cxt 0] Action basic196
[16:31:50.010] [bmv2] [T] [thread 6154] [2.0] [cxt 0] basic.p4(196) Primitive suspect_list.read(res_suspect, 0)
[16:31:50.010] [bmv2] [T] [thread 6154] [2.0] [cxt 0] Read register 'MyIngress.suspect_list' at index 0 read value 0
[16:31:50.010] [bmv2] [D] [thread 6154] [2.0] [cxt 0] Pipeline 'ingress': end
[16:31:50.010] [bmv2] [D] [thread 6154] [2.0] [cxt 0] Egress port is 0
[16:31:50.010] [bmv2] [D] [thread 6155] [2.0] [cxt 0] Pipeline 'egress': start
[16:31:50.010] [bmv2] [D] [thread 6155] [2.0] [cxt 0] Pipeline 'egress': end
[16:31:50.010] [bmv2] [D] [thread 6155] [2.0] [cxt 0] Deparser 'deparser': start
[16:31:50.010] [bmv2] [T] [thread 6155] [2.0] [cxt 0] Skipping checksum 'cksum' update because condition not met
[16:31:50.010] [bmv2] [D] [thread 6155] [2.0] [cxt 0] Deparsing header 'ethernet'
[16:31:50.010] [bmv2] [D] [thread 6155] [2.0] [cxt 0] Deparser 'deparser': end
[16:31:50.010] [bmv2] [D] [thread 6159] [2.0] [cxt 0] Transmitting packet of size 90 out of port 0
[16:31:50.448] [bmv2] [D] [thread 6154] [3.0] [cxt 0] Processing packet received on port 1
[16:31:50.448] [bmv2] [D] [thread 6154] [3.0] [cxt 0] Parser 'parser': start
[16:31:50.448] [bmv2] [D] [thread 6154] [3.0] [cxt 0] Parser 'parser' entering state 'start'
[16:31:50.448] [bmv2] [D] [thread 6154] [3.0] [cxt 0] Extracting header 'ethernet'
[16:31:50.448] [bmv2] [D] [thread 6154] [3.0] [cxt 0] Parser state 'start': key is 86dd
[16:31:50.448] [bmv2] [T] [thread 6154] [3.0] [cxt 0] Bytes parsed: 14
[16:31:50.448] [bmv2] [D] [thread 6154] [3.0] [cxt 0] Parser 'parser': end
[16:31:50.448] [bmv2] [D] [thread 6154] [3.0] [cxt 0] Pipeline 'ingress': start
[16:31:50.448] [bmv2] [T] [thread 6154] [3.0] [cxt 0] basic.p4(170) Condition "hdr.ipv4.isValid()" (node_2) is false
[16:31:50.448] [bmv2] [T] [thread 6154] [3.0] [cxt 0] basic.p4(174) Condition "hdr.removed_ip_h.isValid()" (node_4) is false
[16:31:50.448] [bmv2] [T] [thread 6154] [3.0] [cxt 0] basic.p4(185) Condition "hdr.suspect_list_h.isValid()" (node_9) is false
[16:31:50.448] [bmv2] [T] [thread 6154] [3.0] [cxt 0] Applying table 'tbl_basic192'
[16:31:50.448] [bmv2] [D] [thread 6154] [3.0] [cxt 0] Looking up key:

[16:31:50.448] [bmv2] [D] [thread 6154] [3.0] [cxt 0] Table 'tbl_basic192': miss
[16:31:50.448] [bmv2] [D] [thread 6154] [3.0] [cxt 0] Action entry is basic192 - 
[16:31:50.448] [bmv2] [T] [thread 6154] [3.0] [cxt 0] Action basic192
[16:31:50.448] [bmv2] [T] [thread 6154] [3.0] [cxt 0] basic.p4(192) Primitive hdr.ipv4.srcAddr
[16:31:50.448] [bmv2] [T] [thread 6154] [3.0] [cxt 0] basic.p4(192) Primitive hash(pos1, HashAlgorithm.crc16, (bit<8>)0, {hdr.ipv4.srcAddr}, (bit<9>)256)
[16:31:50.448] [bmv2] [T] [thread 6154] [3.0] [cxt 0] hash(base=0, max=256) = 0
[16:31:50.448] [bmv2] [T] [thread 6154] [3.0] [cxt 0] basic.p4(193) Primitive remove_suspect_list.read(res_remove_suspect, 0)
[16:31:50.448] [bmv2] [T] [thread 6154] [3.0] [cxt 0] Read register 'MyIngress.remove_suspect_list' at index 0 read value 0
[16:31:50.448] [bmv2] [T] [thread 6154] [3.0] [cxt 0] basic.p4(195) Condition "(res_remove_suspect & (bit<256>)1 << pos1) == 0" (node_12) is true
[16:31:50.448] [bmv2] [T] [thread 6154] [3.0] [cxt 0] Applying table 'tbl_basic196'
[16:31:50.448] [bmv2] [D] [thread 6154] [3.0] [cxt 0] Looking up key:

[16:31:50.448] [bmv2] [D] [thread 6154] [3.0] [cxt 0] Table 'tbl_basic196': miss
[16:31:50.448] [bmv2] [D] [thread 6154] [3.0] [cxt 0] Action entry is basic196 - 
[16:31:50.448] [bmv2] [T] [thread 6154] [3.0] [cxt 0] Action basic196
[16:31:50.448] [bmv2] [T] [thread 6154] [3.0] [cxt 0] basic.p4(196) Primitive suspect_list.read(res_suspect, 0)
[16:31:50.448] [bmv2] [T] [thread 6154] [3.0] [cxt 0] Read register 'MyIngress.suspect_list' at index 0 read value 0
[16:31:50.448] [bmv2] [D] [thread 6154] [3.0] [cxt 0] Pipeline 'ingress': end
[16:31:50.448] [bmv2] [D] [thread 6154] [3.0] [cxt 0] Egress port is 0
[16:31:50.448] [bmv2] [D] [thread 6155] [3.0] [cxt 0] Pipeline 'egress': start
[16:31:50.448] [bmv2] [D] [thread 6155] [3.0] [cxt 0] Pipeline 'egress': end
[16:31:50.448] [bmv2] [D] [thread 6155] [3.0] [cxt 0] Deparser 'deparser': start
[16:31:50.448] [bmv2] [T] [thread 6155] [3.0] [cxt 0] Skipping checksum 'cksum' update because condition not met
[16:31:50.448] [bmv2] [D] [thread 6155] [3.0] [cxt 0] Deparsing header 'ethernet'
[16:31:50.448] [bmv2] [D] [thread 6155] [3.0] [cxt 0] Deparser 'deparser': end
[16:31:50.448] [bmv2] [D] [thread 6159] [3.0] [cxt 0] Transmitting packet of size 90 out of port 0
[16:31:50.811] [bmv2] [D] [thread 6154] [4.0] [cxt 0] Processing packet received on port 2
[16:31:50.811] [bmv2] [D] [thread 6154] [4.0] [cxt 0] Parser 'parser': start
[16:31:50.811] [bmv2] [D] [thread 6154] [4.0] [cxt 0] Parser 'parser' entering state 'start'
[16:31:50.811] [bmv2] [D] [thread 6154] [4.0] [cxt 0] Extracting header 'ethernet'
[16:31:50.811] [bmv2] [D] [thread 6154] [4.0] [cxt 0] Parser state 'start': key is 86dd
[16:31:50.811] [bmv2] [T] [thread 6154] [4.0] [cxt 0] Bytes parsed: 14
[16:31:50.811] [bmv2] [D] [thread 6154] [4.0] [cxt 0] Parser 'parser': end
[16:31:50.811] [bmv2] [D] [thread 6154] [4.0] [cxt 0] Pipeline 'ingress': start
[16:31:50.811] [bmv2] [T] [thread 6154] [4.0] [cxt 0] basic.p4(170) Condition "hdr.ipv4.isValid()" (node_2) is false
[16:31:50.811] [bmv2] [T] [thread 6154] [4.0] [cxt 0] basic.p4(174) Condition "hdr.removed_ip_h.isValid()" (node_4) is false
[16:31:50.811] [bmv2] [T] [thread 6154] [4.0] [cxt 0] basic.p4(185) Condition "hdr.suspect_list_h.isValid()" (node_9) is false
[16:31:50.811] [bmv2] [T] [thread 6154] [4.0] [cxt 0] Applying table 'tbl_basic192'
[16:31:50.811] [bmv2] [D] [thread 6154] [4.0] [cxt 0] Looking up key:

[16:31:50.811] [bmv2] [D] [thread 6154] [4.0] [cxt 0] Table 'tbl_basic192': miss
[16:31:50.811] [bmv2] [D] [thread 6154] [4.0] [cxt 0] Action entry is basic192 - 
[16:31:50.811] [bmv2] [T] [thread 6154] [4.0] [cxt 0] Action basic192
[16:31:50.812] [bmv2] [T] [thread 6154] [4.0] [cxt 0] basic.p4(192) Primitive hdr.ipv4.srcAddr
[16:31:50.812] [bmv2] [T] [thread 6154] [4.0] [cxt 0] basic.p4(192) Primitive hash(pos1, HashAlgorithm.crc16, (bit<8>)0, {hdr.ipv4.srcAddr}, (bit<9>)256)
[16:31:50.812] [bmv2] [T] [thread 6154] [4.0] [cxt 0] hash(base=0, max=256) = 0
[16:31:50.812] [bmv2] [T] [thread 6154] [4.0] [cxt 0] basic.p4(193) Primitive remove_suspect_list.read(res_remove_suspect, 0)
[16:31:50.812] [bmv2] [T] [thread 6154] [4.0] [cxt 0] Read register 'MyIngress.remove_suspect_list' at index 0 read value 0
[16:31:50.812] [bmv2] [T] [thread 6154] [4.0] [cxt 0] basic.p4(195) Condition "(res_remove_suspect & (bit<256>)1 << pos1) == 0" (node_12) is true
[16:31:50.812] [bmv2] [T] [thread 6154] [4.0] [cxt 0] Applying table 'tbl_basic196'
[16:31:50.812] [bmv2] [D] [thread 6154] [4.0] [cxt 0] Looking up key:

[16:31:50.812] [bmv2] [D] [thread 6154] [4.0] [cxt 0] Table 'tbl_basic196': miss
[16:31:50.812] [bmv2] [D] [thread 6154] [4.0] [cxt 0] Action entry is basic196 - 
[16:31:50.812] [bmv2] [T] [thread 6154] [4.0] [cxt 0] Action basic196
[16:31:50.812] [bmv2] [T] [thread 6154] [4.0] [cxt 0] basic.p4(196) Primitive suspect_list.read(res_suspect, 0)
[16:31:50.812] [bmv2] [T] [thread 6154] [4.0] [cxt 0] Read register 'MyIngress.suspect_list' at index 0 read value 0
[16:31:50.812] [bmv2] [D] [thread 6154] [4.0] [cxt 0] Pipeline 'ingress': end
[16:31:50.812] [bmv2] [D] [thread 6154] [4.0] [cxt 0] Egress port is 0
[16:31:50.812] [bmv2] [D] [thread 6155] [4.0] [cxt 0] Pipeline 'egress': start
[16:31:50.812] [bmv2] [D] [thread 6155] [4.0] [cxt 0] Pipeline 'egress': end
[16:31:50.812] [bmv2] [D] [thread 6155] [4.0] [cxt 0] Deparser 'deparser': start
[16:31:50.812] [bmv2] [T] [thread 6155] [4.0] [cxt 0] Skipping checksum 'cksum' update because condition not met
[16:31:50.812] [bmv2] [D] [thread 6155] [4.0] [cxt 0] Deparsing header 'ethernet'
[16:31:50.812] [bmv2] [D] [thread 6155] [4.0] [cxt 0] Deparser 'deparser': end
[16:31:50.812] [bmv2] [D] [thread 6159] [4.0] [cxt 0] Transmitting packet of size 90 out of port 0
[16:31:51.949] [bmv2] [W] [thread 6214] [P4Runtime] p4::tmp::P4DeviceConfig is deprecated
[16:31:51.951] [bmv2] [D] [thread 6214] Set default default entry for table 'MyIngress.ipv4_lpm': NoAction - 
[16:31:51.951] [bmv2] [D] [thread 6214] Set default default entry for table 'tbl_removeSuspect': MyIngress.removeSuspect - 
[16:31:51.951] [bmv2] [D] [thread 6214] Set default default entry for table 'tbl_basic177': basic177 - 
[16:31:51.951] [bmv2] [D] [thread 6214] Set default default entry for table 'tbl_basic180': basic180 - 
[16:31:51.951] [bmv2] [D] [thread 6214] Set default default entry for table 'tbl_addSuspect': MyIngress.addSuspect - 
[16:31:51.951] [bmv2] [D] [thread 6214] Set default default entry for table 'tbl_basic192': basic192 - 
[16:31:51.951] [bmv2] [D] [thread 6214] Set default default entry for table 'tbl_basic196': basic196 - 
[16:31:51.952] [bmv2] [D] [thread 6214] simple_switch target has been notified of a config swap
[16:31:51.957] [bmv2] [D] [thread 6218] Set default entry for table 'MyIngress.ipv4_lpm': MyIngress.drop - 
[16:31:51.959] [bmv2] [D] [thread 6214] Entry 0 added to table 'MyIngress.ipv4_lpm'
[16:31:51.959] [bmv2] [D] [thread 6214] Dumping entry 0
Match key:
* hdr.ipv4.dstAddr    : LPM       0a000101/32
Action entry: MyIngress.ipv4_forward - 80000000100,1,

[16:31:51.961] [bmv2] [D] [thread 6218] Entry 1 added to table 'MyIngress.ipv4_lpm'
[16:31:51.961] [bmv2] [D] [thread 6218] Dumping entry 1
Match key:
* hdr.ipv4.dstAddr    : LPM       0a000202/32
Action entry: MyIngress.ipv4_forward - 80000000100,1,

[16:31:51.963] [bmv2] [D] [thread 6214] Entry 2 added to table 'MyIngress.ipv4_lpm'
[16:31:51.963] [bmv2] [D] [thread 6214] Dumping entry 2
Match key:
* hdr.ipv4.dstAddr    : LPM       0a000303/32
Action entry: MyIngress.ipv4_forward - 80000000200,2,

[16:31:51.965] [bmv2] [D] [thread 6218] Entry 3 added to table 'MyIngress.ipv4_lpm'
[16:31:51.965] [bmv2] [D] [thread 6218] Dumping entry 3
Match key:
* hdr.ipv4.dstAddr    : LPM       0a000404/32
Action entry: MyIngress.ipv4_forward - 80000000200,4,

[16:31:53.425] [bmv2] [D] [thread 6154] [5.0] [cxt 0] Processing packet received on port 4
[16:31:53.425] [bmv2] [D] [thread 6154] [5.0] [cxt 0] Parser 'parser': start
[16:31:53.425] [bmv2] [D] [thread 6154] [5.0] [cxt 0] Parser 'parser' entering state 'start'
[16:31:53.425] [bmv2] [D] [thread 6154] [5.0] [cxt 0] Extracting header 'ethernet'
[16:31:53.425] [bmv2] [D] [thread 6154] [5.0] [cxt 0] Parser state 'start': key is 86dd
[16:31:53.425] [bmv2] [T] [thread 6154] [5.0] [cxt 0] Bytes parsed: 14
[16:31:53.425] [bmv2] [D] [thread 6154] [5.0] [cxt 0] Parser 'parser': end
[16:31:53.425] [bmv2] [D] [thread 6154] [5.0] [cxt 0] Pipeline 'ingress': start
[16:31:53.425] [bmv2] [T] [thread 6154] [5.0] [cxt 0] basic.p4(170) Condition "hdr.ipv4.isValid()" (node_2) is false
[16:31:53.425] [bmv2] [T] [thread 6154] [5.0] [cxt 0] basic.p4(174) Condition "hdr.removed_ip_h.isValid()" (node_4) is false
[16:31:53.425] [bmv2] [T] [thread 6154] [5.0] [cxt 0] basic.p4(185) Condition "hdr.suspect_list_h.isValid()" (node_9) is false
[16:31:53.425] [bmv2] [T] [thread 6154] [5.0] [cxt 0] Applying table 'tbl_basic192'
[16:31:53.425] [bmv2] [D] [thread 6154] [5.0] [cxt 0] Looking up key:

[16:31:53.425] [bmv2] [D] [thread 6154] [5.0] [cxt 0] Table 'tbl_basic192': miss
[16:31:53.425] [bmv2] [D] [thread 6154] [5.0] [cxt 0] Action entry is basic192 - 
[16:31:53.425] [bmv2] [T] [thread 6154] [5.0] [cxt 0] Action basic192
[16:31:53.425] [bmv2] [T] [thread 6154] [5.0] [cxt 0] basic.p4(192) Primitive hdr.ipv4.srcAddr
[16:31:53.425] [bmv2] [T] [thread 6154] [5.0] [cxt 0] basic.p4(192) Primitive hash(pos1, HashAlgorithm.crc16, (bit<8>)0, {hdr.ipv4.srcAddr}, (bit<9>)256)
[16:31:53.425] [bmv2] [T] [thread 6154] [5.0] [cxt 0] hash(base=0, max=256) = 0
[16:31:53.425] [bmv2] [T] [thread 6154] [5.0] [cxt 0] basic.p4(193) Primitive remove_suspect_list.read(res_remove_suspect, 0)
[16:31:53.425] [bmv2] [T] [thread 6154] [5.0] [cxt 0] Read register 'MyIngress.remove_suspect_list' at index 0 read value 0
[16:31:53.425] [bmv2] [T] [thread 6154] [5.0] [cxt 0] basic.p4(195) Condition "(res_remove_suspect & (bit<256>)1 << pos1) == 0" (node_12) is true
[16:31:53.425] [bmv2] [T] [thread 6154] [5.0] [cxt 0] Applying table 'tbl_basic196'
[16:31:53.425] [bmv2] [D] [thread 6154] [5.0] [cxt 0] Looking up key:

[16:31:53.425] [bmv2] [D] [thread 6154] [5.0] [cxt 0] Table 'tbl_basic196': miss
[16:31:53.425] [bmv2] [D] [thread 6154] [5.0] [cxt 0] Action entry is basic196 - 
[16:31:53.425] [bmv2] [T] [thread 6154] [5.0] [cxt 0] Action basic196
[16:31:53.425] [bmv2] [T] [thread 6154] [5.0] [cxt 0] basic.p4(196) Primitive suspect_list.read(res_suspect, 0)
[16:31:53.425] [bmv2] [T] [thread 6154] [5.0] [cxt 0] Read register 'MyIngress.suspect_list' at index 0 read value 0
[16:31:53.425] [bmv2] [D] [thread 6154] [5.0] [cxt 0] Pipeline 'ingress': end
[16:31:53.425] [bmv2] [D] [thread 6154] [5.0] [cxt 0] Egress port is 0
[16:31:53.425] [bmv2] [D] [thread 6155] [5.0] [cxt 0] Pipeline 'egress': start
[16:31:53.425] [bmv2] [D] [thread 6155] [5.0] [cxt 0] Pipeline 'egress': end
[16:31:53.425] [bmv2] [D] [thread 6155] [5.0] [cxt 0] Deparser 'deparser': start
[16:31:53.425] [bmv2] [T] [thread 6155] [5.0] [cxt 0] Skipping checksum 'cksum' update because condition not met
[16:31:53.425] [bmv2] [D] [thread 6155] [5.0] [cxt 0] Deparsing header 'ethernet'
[16:31:53.426] [bmv2] [D] [thread 6155] [5.0] [cxt 0] Deparser 'deparser': end
[16:31:53.426] [bmv2] [D] [thread 6159] [5.0] [cxt 0] Transmitting packet of size 70 out of port 0
[16:31:53.709] [bmv2] [D] [thread 6154] [6.0] [cxt 0] Processing packet received on port 1
[16:31:53.709] [bmv2] [D] [thread 6154] [6.0] [cxt 0] Parser 'parser': start
[16:31:53.709] [bmv2] [D] [thread 6154] [6.0] [cxt 0] Parser 'parser' entering state 'start'
[16:31:53.709] [bmv2] [D] [thread 6154] [6.0] [cxt 0] Extracting header 'ethernet'
[16:31:53.709] [bmv2] [D] [thread 6154] [6.0] [cxt 0] Parser state 'start': key is 86dd
[16:31:53.709] [bmv2] [T] [thread 6154] [6.0] [cxt 0] Bytes parsed: 14
[16:31:53.709] [bmv2] [D] [thread 6154] [6.0] [cxt 0] Parser 'parser': end
[16:31:53.709] [bmv2] [D] [thread 6154] [6.0] [cxt 0] Pipeline 'ingress': start
[16:31:53.709] [bmv2] [T] [thread 6154] [6.0] [cxt 0] basic.p4(170) Condition "hdr.ipv4.isValid()" (node_2) is false
[16:31:53.709] [bmv2] [T] [thread 6154] [6.0] [cxt 0] basic.p4(174) Condition "hdr.removed_ip_h.isValid()" (node_4) is false
[16:31:53.710] [bmv2] [T] [thread 6154] [6.0] [cxt 0] basic.p4(185) Condition "hdr.suspect_list_h.isValid()" (node_9) is false
[16:31:53.710] [bmv2] [T] [thread 6154] [6.0] [cxt 0] Applying table 'tbl_basic192'
[16:31:53.710] [bmv2] [D] [thread 6154] [6.0] [cxt 0] Looking up key:

[16:31:53.710] [bmv2] [D] [thread 6154] [6.0] [cxt 0] Table 'tbl_basic192': miss
[16:31:53.710] [bmv2] [D] [thread 6154] [6.0] [cxt 0] Action entry is basic192 - 
[16:31:53.710] [bmv2] [T] [thread 6154] [6.0] [cxt 0] Action basic192
[16:31:53.710] [bmv2] [T] [thread 6154] [6.0] [cxt 0] basic.p4(192) Primitive hdr.ipv4.srcAddr
[16:31:53.710] [bmv2] [T] [thread 6154] [6.0] [cxt 0] basic.p4(192) Primitive hash(pos1, HashAlgorithm.crc16, (bit<8>)0, {hdr.ipv4.srcAddr}, (bit<9>)256)
[16:31:53.710] [bmv2] [T] [thread 6154] [6.0] [cxt 0] hash(base=0, max=256) = 0
[16:31:53.710] [bmv2] [T] [thread 6154] [6.0] [cxt 0] basic.p4(193) Primitive remove_suspect_list.read(res_remove_suspect, 0)
[16:31:53.710] [bmv2] [T] [thread 6154] [6.0] [cxt 0] Read register 'MyIngress.remove_suspect_list' at index 0 read value 0
[16:31:53.710] [bmv2] [T] [thread 6154] [6.0] [cxt 0] basic.p4(195) Condition "(res_remove_suspect & (bit<256>)1 << pos1) == 0" (node_12) is true
[16:31:53.710] [bmv2] [T] [thread 6154] [6.0] [cxt 0] Applying table 'tbl_basic196'
[16:31:53.710] [bmv2] [D] [thread 6154] [6.0] [cxt 0] Looking up key:

[16:31:53.710] [bmv2] [D] [thread 6154] [6.0] [cxt 0] Table 'tbl_basic196': miss
[16:31:53.710] [bmv2] [D] [thread 6154] [6.0] [cxt 0] Action entry is basic196 - 
[16:31:53.710] [bmv2] [T] [thread 6154] [6.0] [cxt 0] Action basic196
[16:31:53.710] [bmv2] [T] [thread 6154] [6.0] [cxt 0] basic.p4(196) Primitive suspect_list.read(res_suspect, 0)
[16:31:53.710] [bmv2] [T] [thread 6154] [6.0] [cxt 0] Read register 'MyIngress.suspect_list' at index 0 read value 0
[16:31:53.710] [bmv2] [D] [thread 6154] [6.0] [cxt 0] Pipeline 'ingress': end
[16:31:53.710] [bmv2] [D] [thread 6154] [6.0] [cxt 0] Egress port is 0
[16:31:53.710] [bmv2] [D] [thread 6154] [7.0] [cxt 0] Processing packet received on port 2
[16:31:53.710] [bmv2] [D] [thread 6154] [7.0] [cxt 0] Parser 'parser': start
[16:31:53.710] [bmv2] [D] [thread 6154] [7.0] [cxt 0] Parser 'parser' entering state 'start'
[16:31:53.710] [bmv2] [D] [thread 6154] [7.0] [cxt 0] Extracting header 'ethernet'
[16:31:53.710] [bmv2] [D] [thread 6154] [7.0] [cxt 0] Parser state 'start': key is 86dd
[16:31:53.710] [bmv2] [T] [thread 6154] [7.0] [cxt 0] Bytes parsed: 14
[16:31:53.710] [bmv2] [D] [thread 6154] [7.0] [cxt 0] Parser 'parser': end
[16:31:53.710] [bmv2] [D] [thread 6154] [7.0] [cxt 0] Pipeline 'ingress': start
[16:31:53.710] [bmv2] [T] [thread 6154] [7.0] [cxt 0] basic.p4(170) Condition "hdr.ipv4.isValid()" (node_2) is false
[16:31:53.710] [bmv2] [T] [thread 6154] [7.0] [cxt 0] basic.p4(174) Condition "hdr.removed_ip_h.isValid()" (node_4) is false
[16:31:53.710] [bmv2] [T] [thread 6154] [7.0] [cxt 0] basic.p4(185) Condition "hdr.suspect_list_h.isValid()" (node_9) is false
[16:31:53.710] [bmv2] [T] [thread 6154] [7.0] [cxt 0] Applying table 'tbl_basic192'
[16:31:53.710] [bmv2] [D] [thread 6154] [7.0] [cxt 0] Looking up key:

[16:31:53.710] [bmv2] [D] [thread 6154] [7.0] [cxt 0] Table 'tbl_basic192': miss
[16:31:53.710] [bmv2] [D] [thread 6154] [7.0] [cxt 0] Action entry is basic192 - 
[16:31:53.710] [bmv2] [T] [thread 6154] [7.0] [cxt 0] Action basic192
[16:31:53.710] [bmv2] [T] [thread 6154] [7.0] [cxt 0] basic.p4(192) Primitive hdr.ipv4.srcAddr
[16:31:53.710] [bmv2] [T] [thread 6154] [7.0] [cxt 0] basic.p4(192) Primitive hash(pos1, HashAlgorithm.crc16, (bit<8>)0, {hdr.ipv4.srcAddr}, (bit<9>)256)
[16:31:53.710] [bmv2] [T] [thread 6154] [7.0] [cxt 0] hash(base=0, max=256) = 0
[16:31:53.710] [bmv2] [T] [thread 6154] [7.0] [cxt 0] basic.p4(193) Primitive remove_suspect_list.read(res_remove_suspect, 0)
[16:31:53.710] [bmv2] [T] [thread 6154] [7.0] [cxt 0] Read register 'MyIngress.remove_suspect_list' at index 0 read value 0
[16:31:53.710] [bmv2] [T] [thread 6154] [7.0] [cxt 0] basic.p4(195) Condition "(res_remove_suspect & (bit<256>)1 << pos1) == 0" (node_12) is true
[16:31:53.710] [bmv2] [T] [thread 6154] [7.0] [cxt 0] Applying table 'tbl_basic196'
[16:31:53.710] [bmv2] [D] [thread 6154] [7.0] [cxt 0] Looking up key:

[16:31:53.710] [bmv2] [D] [thread 6154] [7.0] [cxt 0] Table 'tbl_basic196': miss
[16:31:53.710] [bmv2] [D] [thread 6154] [7.0] [cxt 0] Action entry is basic196 - 
[16:31:53.710] [bmv2] [T] [thread 6154] [7.0] [cxt 0] Action basic196
[16:31:53.710] [bmv2] [T] [thread 6154] [7.0] [cxt 0] basic.p4(196) Primitive suspect_list.read(res_suspect, 0)
[16:31:53.710] [bmv2] [T] [thread 6154] [7.0] [cxt 0] Read register 'MyIngress.suspect_list' at index 0 read value 0
[16:31:53.710] [bmv2] [D] [thread 6154] [7.0] [cxt 0] Pipeline 'ingress': end
[16:31:53.710] [bmv2] [D] [thread 6154] [7.0] [cxt 0] Egress port is 0
[16:31:53.710] [bmv2] [D] [thread 6155] [6.0] [cxt 0] Pipeline 'egress': start
[16:31:53.710] [bmv2] [D] [thread 6155] [6.0] [cxt 0] Pipeline 'egress': end
[16:31:53.710] [bmv2] [D] [thread 6155] [6.0] [cxt 0] Deparser 'deparser': start
[16:31:53.710] [bmv2] [T] [thread 6155] [6.0] [cxt 0] Skipping checksum 'cksum' update because condition not met
[16:31:53.710] [bmv2] [D] [thread 6155] [6.0] [cxt 0] Deparsing header 'ethernet'
[16:31:53.710] [bmv2] [D] [thread 6155] [6.0] [cxt 0] Deparser 'deparser': end
[16:31:53.710] [bmv2] [D] [thread 6155] [7.0] [cxt 0] Pipeline 'egress': start
[16:31:53.710] [bmv2] [D] [thread 6155] [7.0] [cxt 0] Pipeline 'egress': end
[16:31:53.710] [bmv2] [D] [thread 6155] [7.0] [cxt 0] Deparser 'deparser': start
[16:31:53.710] [bmv2] [T] [thread 6155] [7.0] [cxt 0] Skipping checksum 'cksum' update because condition not met
[16:31:53.710] [bmv2] [D] [thread 6155] [7.0] [cxt 0] Deparsing header 'ethernet'
[16:31:53.710] [bmv2] [D] [thread 6155] [7.0] [cxt 0] Deparser 'deparser': end
[16:31:53.710] [bmv2] [D] [thread 6159] [6.0] [cxt 0] Transmitting packet of size 70 out of port 0
[16:31:53.710] [bmv2] [D] [thread 6159] [7.0] [cxt 0] Transmitting packet of size 70 out of port 0
[16:31:53.936] [bmv2] [D] [thread 6154] [8.0] [cxt 0] Processing packet received on port 2
[16:31:53.936] [bmv2] [D] [thread 6154] [8.0] [cxt 0] Parser 'parser': start
[16:31:53.936] [bmv2] [D] [thread 6154] [8.0] [cxt 0] Parser 'parser' entering state 'start'
[16:31:53.936] [bmv2] [D] [thread 6154] [8.0] [cxt 0] Extracting header 'ethernet'
[16:31:53.936] [bmv2] [D] [thread 6154] [8.0] [cxt 0] Parser state 'start': key is 86dd
[16:31:53.936] [bmv2] [T] [thread 6154] [8.0] [cxt 0] Bytes parsed: 14
[16:31:53.936] [bmv2] [D] [thread 6154] [8.0] [cxt 0] Parser 'parser': end
[16:31:53.936] [bmv2] [D] [thread 6154] [8.0] [cxt 0] Pipeline 'ingress': start
[16:31:53.936] [bmv2] [T] [thread 6154] [8.0] [cxt 0] basic.p4(170) Condition "hdr.ipv4.isValid()" (node_2) is false
[16:31:53.936] [bmv2] [T] [thread 6154] [8.0] [cxt 0] basic.p4(174) Condition "hdr.removed_ip_h.isValid()" (node_4) is false
[16:31:53.936] [bmv2] [T] [thread 6154] [8.0] [cxt 0] basic.p4(185) Condition "hdr.suspect_list_h.isValid()" (node_9) is false
[16:31:53.936] [bmv2] [T] [thread 6154] [8.0] [cxt 0] Applying table 'tbl_basic192'
[16:31:53.936] [bmv2] [D] [thread 6154] [8.0] [cxt 0] Looking up key:

[16:31:53.936] [bmv2] [D] [thread 6154] [8.0] [cxt 0] Table 'tbl_basic192': miss
[16:31:53.936] [bmv2] [D] [thread 6154] [8.0] [cxt 0] Action entry is basic192 - 
[16:31:53.936] [bmv2] [T] [thread 6154] [8.0] [cxt 0] Action basic192
[16:31:53.936] [bmv2] [T] [thread 6154] [8.0] [cxt 0] basic.p4(192) Primitive hdr.ipv4.srcAddr
[16:31:53.936] [bmv2] [T] [thread 6154] [8.0] [cxt 0] basic.p4(192) Primitive hash(pos1, HashAlgorithm.crc16, (bit<8>)0, {hdr.ipv4.srcAddr}, (bit<9>)256)
[16:31:53.936] [bmv2] [T] [thread 6154] [8.0] [cxt 0] hash(base=0, max=256) = 0
[16:31:53.936] [bmv2] [T] [thread 6154] [8.0] [cxt 0] basic.p4(193) Primitive remove_suspect_list.read(res_remove_suspect, 0)
[16:31:53.936] [bmv2] [T] [thread 6154] [8.0] [cxt 0] Read register 'MyIngress.remove_suspect_list' at index 0 read value 0
[16:31:53.936] [bmv2] [T] [thread 6154] [8.0] [cxt 0] basic.p4(195) Condition "(res_remove_suspect & (bit<256>)1 << pos1) == 0" (node_12) is true
[16:31:53.936] [bmv2] [T] [thread 6154] [8.0] [cxt 0] Applying table 'tbl_basic196'
[16:31:53.936] [bmv2] [D] [thread 6154] [8.0] [cxt 0] Looking up key:

[16:31:53.936] [bmv2] [D] [thread 6154] [8.0] [cxt 0] Table 'tbl_basic196': miss
[16:31:53.936] [bmv2] [D] [thread 6154] [8.0] [cxt 0] Action entry is basic196 - 
[16:31:53.936] [bmv2] [T] [thread 6154] [8.0] [cxt 0] Action basic196
[16:31:53.936] [bmv2] [T] [thread 6154] [8.0] [cxt 0] basic.p4(196) Primitive suspect_list.read(res_suspect, 0)
[16:31:53.936] [bmv2] [T] [thread 6154] [8.0] [cxt 0] Read register 'MyIngress.suspect_list' at index 0 read value 0
[16:31:53.936] [bmv2] [D] [thread 6154] [8.0] [cxt 0] Pipeline 'ingress': end
[16:31:53.936] [bmv2] [D] [thread 6154] [8.0] [cxt 0] Egress port is 0
[16:31:53.936] [bmv2] [D] [thread 6155] [8.0] [cxt 0] Pipeline 'egress': start
[16:31:53.936] [bmv2] [D] [thread 6155] [8.0] [cxt 0] Pipeline 'egress': end
[16:31:53.936] [bmv2] [D] [thread 6155] [8.0] [cxt 0] Deparser 'deparser': start
[16:31:53.936] [bmv2] [T] [thread 6155] [8.0] [cxt 0] Skipping checksum 'cksum' update because condition not met
[16:31:53.936] [bmv2] [D] [thread 6155] [8.0] [cxt 0] Deparsing header 'ethernet'
[16:31:53.936] [bmv2] [D] [thread 6155] [8.0] [cxt 0] Deparser 'deparser': end
[16:31:53.937] [bmv2] [D] [thread 6159] [8.0] [cxt 0] Transmitting packet of size 70 out of port 0
[16:31:54.192] [bmv2] [D] [thread 6154] [9.0] [cxt 0] Processing packet received on port 1
[16:31:54.192] [bmv2] [D] [thread 6154] [9.0] [cxt 0] Parser 'parser': start
[16:31:54.192] [bmv2] [D] [thread 6154] [9.0] [cxt 0] Parser 'parser' entering state 'start'
[16:31:54.192] [bmv2] [D] [thread 6154] [9.0] [cxt 0] Extracting header 'ethernet'
[16:31:54.192] [bmv2] [D] [thread 6154] [9.0] [cxt 0] Parser state 'start': key is 86dd
[16:31:54.192] [bmv2] [T] [thread 6154] [9.0] [cxt 0] Bytes parsed: 14
[16:31:54.192] [bmv2] [D] [thread 6154] [9.0] [cxt 0] Parser 'parser': end
[16:31:54.192] [bmv2] [D] [thread 6154] [9.0] [cxt 0] Pipeline 'ingress': start
[16:31:54.192] [bmv2] [T] [thread 6154] [9.0] [cxt 0] basic.p4(170) Condition "hdr.ipv4.isValid()" (node_2) is false
[16:31:54.192] [bmv2] [T] [thread 6154] [9.0] [cxt 0] basic.p4(174) Condition "hdr.removed_ip_h.isValid()" (node_4) is false
[16:31:54.192] [bmv2] [T] [thread 6154] [9.0] [cxt 0] basic.p4(185) Condition "hdr.suspect_list_h.isValid()" (node_9) is false
[16:31:54.192] [bmv2] [T] [thread 6154] [9.0] [cxt 0] Applying table 'tbl_basic192'
[16:31:54.192] [bmv2] [D] [thread 6154] [9.0] [cxt 0] Looking up key:

[16:31:54.192] [bmv2] [D] [thread 6154] [9.0] [cxt 0] Table 'tbl_basic192': miss
[16:31:54.192] [bmv2] [D] [thread 6154] [9.0] [cxt 0] Action entry is basic192 - 
[16:31:54.192] [bmv2] [T] [thread 6154] [9.0] [cxt 0] Action basic192
[16:31:54.192] [bmv2] [T] [thread 6154] [9.0] [cxt 0] basic.p4(192) Primitive hdr.ipv4.srcAddr
[16:31:54.192] [bmv2] [T] [thread 6154] [9.0] [cxt 0] basic.p4(192) Primitive hash(pos1, HashAlgorithm.crc16, (bit<8>)0, {hdr.ipv4.srcAddr}, (bit<9>)256)
[16:31:54.192] [bmv2] [T] [thread 6154] [9.0] [cxt 0] hash(base=0, max=256) = 0
[16:31:54.192] [bmv2] [T] [thread 6154] [9.0] [cxt 0] basic.p4(193) Primitive remove_suspect_list.read(res_remove_suspect, 0)
[16:31:54.192] [bmv2] [T] [thread 6154] [9.0] [cxt 0] Read register 'MyIngress.remove_suspect_list' at index 0 read value 0
[16:31:54.192] [bmv2] [T] [thread 6154] [9.0] [cxt 0] basic.p4(195) Condition "(res_remove_suspect & (bit<256>)1 << pos1) == 0" (node_12) is true
[16:31:54.192] [bmv2] [T] [thread 6154] [9.0] [cxt 0] Applying table 'tbl_basic196'
[16:31:54.192] [bmv2] [D] [thread 6154] [9.0] [cxt 0] Looking up key:

[16:31:54.192] [bmv2] [D] [thread 6154] [9.0] [cxt 0] Table 'tbl_basic196': miss
[16:31:54.192] [bmv2] [D] [thread 6154] [9.0] [cxt 0] Action entry is basic196 - 
[16:31:54.192] [bmv2] [T] [thread 6154] [9.0] [cxt 0] Action basic196
[16:31:54.192] [bmv2] [T] [thread 6154] [9.0] [cxt 0] basic.p4(196) Primitive suspect_list.read(res_suspect, 0)
[16:31:54.192] [bmv2] [T] [thread 6154] [9.0] [cxt 0] Read register 'MyIngress.suspect_list' at index 0 read value 0
[16:31:54.192] [bmv2] [D] [thread 6154] [9.0] [cxt 0] Pipeline 'ingress': end
[16:31:54.192] [bmv2] [D] [thread 6154] [9.0] [cxt 0] Egress port is 0
[16:31:54.192] [bmv2] [D] [thread 6155] [9.0] [cxt 0] Pipeline 'egress': start
[16:31:54.192] [bmv2] [D] [thread 6155] [9.0] [cxt 0] Pipeline 'egress': end
[16:31:54.192] [bmv2] [D] [thread 6155] [9.0] [cxt 0] Deparser 'deparser': start
[16:31:54.192] [bmv2] [T] [thread 6155] [9.0] [cxt 0] Skipping checksum 'cksum' update because condition not met
[16:31:54.192] [bmv2] [D] [thread 6155] [9.0] [cxt 0] Deparsing header 'ethernet'
[16:31:54.192] [bmv2] [D] [thread 6155] [9.0] [cxt 0] Deparser 'deparser': end
[16:31:54.192] [bmv2] [D] [thread 6159] [9.0] [cxt 0] Transmitting packet of size 70 out of port 0
open: No such file or directory
open: No such file or directory
open: No such file or directory
open: No such file or directory
